[0.012s] Invoking command in '/home/bhj/OSEP/build/skel_extract': CMAKE_PREFIX_PATH=${CMAKE_PREFIX_PATH}:/opt/ros/humble /usr/bin/cmake --build /home/bhj/OSEP/build/skel_extract -- -j12 -l12
[0.054s] [35m[1mConsolidate compiler generated dependencies of target skel_extract[0m
[0.079s] [ 33%] [32mBuilding CXX object CMakeFiles/skel_extract.dir/src/skel_node.cpp.o[0m
[0.080s] [ 66%] [32mBuilding CXX object CMakeFiles/skel_extract.dir/src/skel_main.cpp.o[0m
[11.436s] [100%] [32m[1mLinking CXX executable skel_extract[0m
[12.049s] [100%] Built target skel_extract
[12.060s] Invoked command in '/home/bhj/OSEP/build/skel_extract' returned '0': CMAKE_PREFIX_PATH=${CMAKE_PREFIX_PATH}:/opt/ros/humble /usr/bin/cmake --build /home/bhj/OSEP/build/skel_extract -- -j12 -l12
[12.061s] Invoking command in '/home/bhj/OSEP/build/skel_extract': CMAKE_PREFIX_PATH=${CMAKE_PREFIX_PATH}:/opt/ros/humble /usr/bin/cmake --install /home/bhj/OSEP/build/skel_extract
[12.067s] -- Install configuration: ""
[12.067s] -- Installing: /home/bhj/OSEP/install/skel_extract/lib/skel_extract/skel_extract
[12.071s] -- Set runtime path of "/home/bhj/OSEP/install/skel_extract/lib/skel_extract/skel_extract" to ""
[12.071s] -- Up-to-date: /home/bhj/OSEP/install/skel_extract/share/ament_index/resource_index/package_run_dependencies/skel_extract
[12.071s] -- Up-to-date: /home/bhj/OSEP/install/skel_extract/share/ament_index/resource_index/parent_prefix_path/skel_extract
[12.071s] -- Up-to-date: /home/bhj/OSEP/install/skel_extract/share/skel_extract/environment/ament_prefix_path.sh
[12.071s] -- Up-to-date: /home/bhj/OSEP/install/skel_extract/share/skel_extract/environment/ament_prefix_path.dsv
[12.071s] -- Up-to-date: /home/bhj/OSEP/install/skel_extract/share/skel_extract/environment/path.sh
[12.071s] -- Up-to-date: /home/bhj/OSEP/install/skel_extract/share/skel_extract/environment/path.dsv
[12.071s] -- Up-to-date: /home/bhj/OSEP/install/skel_extract/share/skel_extract/local_setup.bash
[12.071s] -- Up-to-date: /home/bhj/OSEP/install/skel_extract/share/skel_extract/local_setup.sh
[12.071s] -- Up-to-date: /home/bhj/OSEP/install/skel_extract/share/skel_extract/local_setup.zsh
[12.071s] -- Up-to-date: /home/bhj/OSEP/install/skel_extract/share/skel_extract/local_setup.dsv
[12.071s] -- Installing: /home/bhj/OSEP/install/skel_extract/share/skel_extract/package.dsv
[12.071s] -- Up-to-date: /home/bhj/OSEP/install/skel_extract/share/ament_index/resource_index/packages/skel_extract
[12.071s] -- Up-to-date: /home/bhj/OSEP/install/skel_extract/share/skel_extract/cmake/skel_extractConfig.cmake
[12.072s] -- Up-to-date: /home/bhj/OSEP/install/skel_extract/share/skel_extract/cmake/skel_extractConfig-version.cmake
[12.072s] -- Up-to-date: /home/bhj/OSEP/install/skel_extract/share/skel_extract/package.xml
[12.073s] Invoked command in '/home/bhj/OSEP/build/skel_extract' returned '0': CMAKE_PREFIX_PATH=${CMAKE_PREFIX_PATH}:/opt/ros/humble /usr/bin/cmake --install /home/bhj/OSEP/build/skel_extract
