[0.011s] Invoking command in '/home/bhj/OSEP/build/data_publisher': CMAKE_PREFIX_PATH=/opt/ros/humble /usr/bin/cmake /home/bhj/OSEP/src/data_publisher -DCMAKE_INSTALL_PREFIX=/home/bhj/OSEP/install/data_publisher
[0.131s] -- The C compiler identification is GNU 11.4.0
[0.238s] -- The CXX compiler identification is GNU 11.4.0
[0.247s] -- Detecting C compiler ABI info
[0.340s] -- Detecting C compiler ABI info - done
[0.348s] -- Check for working C compiler: /usr/bin/cc - skipped
[0.349s] -- Detecting C compile features
[0.350s] -- Detecting C compile features - done
[0.356s] -- Detecting CXX compiler ABI info
[0.457s] -- Detecting CXX compiler ABI info - done
[0.469s] -- Check for working CXX compiler: /usr/bin/c++ - skipped
[0.470s] -- Detecting CXX compile features
[0.470s] -- Detecting CXX compile features - done
[0.472s] -- Found ament_cmake: 1.3.11 (/opt/ros/humble/share/ament_cmake/cmake)
[0.664s] -- Found Python3: /usr/bin/python3 (found version "3.10.12") found components: Interpreter 
[0.780s] -- Found rclcpp: 16.0.12 (/opt/ros/humble/share/rclcpp/cmake)
[0.824s] -- Found rosidl_generator_c: 3.1.6 (/opt/ros/humble/share/rosidl_generator_c/cmake)
[0.830s] -- Found rosidl_adapter: 3.1.6 (/opt/ros/humble/share/rosidl_adapter/cmake)
[0.837s] -- Found rosidl_generator_cpp: 3.1.6 (/opt/ros/humble/share/rosidl_generator_cpp/cmake)
[0.850s] -- Using all available rosidl_typesupport_c: rosidl_typesupport_fastrtps_c;rosidl_typesupport_introspection_c
[0.868s] -- Using all available rosidl_typesupport_cpp: rosidl_typesupport_fastrtps_cpp;rosidl_typesupport_introspection_cpp
[0.920s] -- Found rmw_implementation_cmake: 6.1.2 (/opt/ros/humble/share/rmw_implementation_cmake/cmake)
[0.922s] -- Found rmw_fastrtps_cpp: 6.2.7 (/opt/ros/humble/share/rmw_fastrtps_cpp/cmake)
[1.050s] -- Found OpenSSL: /usr/lib/x86_64-linux-gnu/libcrypto.so (found version "3.0.2")  
[1.095s] -- Found FastRTPS: /opt/ros/humble/include  
[1.141s] -- Using RMW implementation 'rmw_fastrtps_cpp' as default
[1.150s] -- Looking for pthread.h
[1.277s] -- Looking for pthread.h - found
[1.277s] -- Performing Test CMAKE_HAVE_LIBC_PTHREAD
[1.367s] -- Performing Test CMAKE_HAVE_LIBC_PTHREAD - Success
[1.368s] -- Found Threads: TRUE  
[1.456s] -- Found sensor_msgs: 4.8.0 (/opt/ros/humble/share/sensor_msgs/cmake)
[1.497s] -- Found pcl_conversions: 2.4.5 (/opt/ros/humble/share/pcl_conversions/cmake)
[1.548s] -- Checking for module 'eigen3'
[1.557s] --   Found eigen3, version 3.4.0
[1.596s] -- Found Eigen: /usr/include/eigen3 (Required is at least version "3.1") 
[1.597s] -- Eigen found (include: /usr/include/eigen3, version: 3.4.0)
[1.637s] -- Checking for module 'flann'
[1.649s] --   Found flann, version 1.9.1
[1.697s] -- Found FLANN: /usr/lib/x86_64-linux-gnu/libflann_cpp.so  
[1.697s] -- FLANN found (include: /usr/include, lib: /usr/lib/x86_64-linux-gnu/libflann_cpp.so)
[2.893s] -- Checking for module 'libusb-1.0'
[2.910s] --   Found libusb-1.0, version 1.0.25
[2.950s] -- Found libusb: /usr/lib/x86_64-linux-gnu/libusb-1.0.so  
[2.951s] -- OpenNI found (version: 1.5.4.0, include: /usr/include/ni, lib: /usr/lib/libOpenNI.so;libusb::libusb)
[3.021s] -- OpenNI2 found (version: 2.2.0.33, include: /usr/include/openni2, lib: /usr/lib/x86_64-linux-gnu/libOpenNI2.so;libusb::libusb)
[3.229s] -- Eigen found (include: /usr/include/eigen3, version: 3.4.0)
[3.238s] -- OpenNI found (version: 1.5.4.0, include: /usr/include/ni, lib: /usr/lib/libOpenNI.so;libusb::libusb)
[3.244s] -- OpenNI2 found (version: 2.2.0.33, include: /usr/include/openni2, lib: /usr/lib/x86_64-linux-gnu/libOpenNI2.so;libusb::libusb)
[3.437s] -- Found Qhull version 8.0.2
[3.635s] -- OpenNI found (version: 1.5.4.0, include: /usr/include/ni, lib: /usr/lib/libOpenNI.so;libusb::libusb)
[3.826s] -- Found PCL_COMMON: /usr/lib/x86_64-linux-gnu/libpcl_common.so  
[3.829s] -- Found PCL_KDTREE: /usr/lib/x86_64-linux-gnu/libpcl_kdtree.so  
[3.829s] -- Found PCL_OCTREE: /usr/lib/x86_64-linux-gnu/libpcl_octree.so  
[3.832s] -- Found PCL_SEARCH: /usr/lib/x86_64-linux-gnu/libpcl_search.so  
[3.833s] -- Found PCL_SAMPLE_CONSENSUS: /usr/lib/x86_64-linux-gnu/libpcl_sample_consensus.so  
[3.833s] -- Found PCL_FILTERS: /usr/lib/x86_64-linux-gnu/libpcl_filters.so  
[3.834s] -- Found PCL_2D: /usr/include/pcl-1.12  
[3.834s] -- Found PCL_GEOMETRY: /usr/include/pcl-1.12  
[3.835s] -- Found PCL_IO: /usr/lib/x86_64-linux-gnu/libpcl_io.so  
[3.837s] -- Found PCL_FEATURES: /usr/lib/x86_64-linux-gnu/libpcl_features.so  
[3.839s] -- Found PCL_ML: /usr/lib/x86_64-linux-gnu/libpcl_ml.so  
[3.840s] -- Found PCL_SEGMENTATION: /usr/lib/x86_64-linux-gnu/libpcl_segmentation.so  
[3.841s] -- Found PCL_VISUALIZATION: /usr/lib/x86_64-linux-gnu/libpcl_visualization.so  
[3.842s] -- Found PCL_SURFACE: /usr/lib/x86_64-linux-gnu/libpcl_surface.so  
[3.843s] -- Found PCL_REGISTRATION: /usr/lib/x86_64-linux-gnu/libpcl_registration.so  
[3.844s] -- Found PCL_KEYPOINTS: /usr/lib/x86_64-linux-gnu/libpcl_keypoints.so  
[3.848s] -- Found PCL_TRACKING: /usr/lib/x86_64-linux-gnu/libpcl_tracking.so  
[3.848s] -- Found PCL_RECOGNITION: /usr/lib/x86_64-linux-gnu/libpcl_recognition.so  
[3.849s] -- Found PCL_STEREO: /usr/lib/x86_64-linux-gnu/libpcl_stereo.so  
[3.850s] -- Found PCL_APPS: /usr/lib/x86_64-linux-gnu/libpcl_apps.so  
[3.852s] -- Found PCL_IN_HAND_SCANNER: /usr/include/pcl-1.12  
[3.852s] -- Found PCL_MODELER: /usr/include/pcl-1.12  
[3.853s] -- Found PCL_POINT_CLOUD_EDITOR: /usr/include/pcl-1.12  
[3.854s] -- Found PCL_OUTOFCORE: /usr/lib/x86_64-linux-gnu/libpcl_outofcore.so  
[3.855s] -- Found PCL_PEOPLE: /usr/lib/x86_64-linux-gnu/libpcl_people.so  
[3.881s] -- Found ament_lint_auto: 0.12.12 (/opt/ros/humble/share/ament_lint_auto/cmake)
[3.961s] -- Configuring done
[4.000s] -- Generating done
[4.011s] -- Build files have been written to: /home/bhj/OSEP/build/data_publisher
[4.038s] Invoked command in '/home/bhj/OSEP/build/data_publisher' returned '0': CMAKE_PREFIX_PATH=/opt/ros/humble /usr/bin/cmake /home/bhj/OSEP/src/data_publisher -DCMAKE_INSTALL_PREFIX=/home/bhj/OSEP/install/data_publisher
[4.041s] Invoking command in '/home/bhj/OSEP/build/data_publisher': CMAKE_PREFIX_PATH=/opt/ros/humble /usr/bin/cmake --build /home/bhj/OSEP/build/data_publisher -- -j12 -l12
[4.115s] [ 50%] [32mBuilding CXX object CMakeFiles/data_publisher.dir/src/pub_node.cpp.o[0m
[13.704s] [100%] [32m[1mLinking CXX executable data_publisher[0m
[14.186s] [100%] Built target data_publisher
[14.197s] Invoked command in '/home/bhj/OSEP/build/data_publisher' returned '0': CMAKE_PREFIX_PATH=/opt/ros/humble /usr/bin/cmake --build /home/bhj/OSEP/build/data_publisher -- -j12 -l12
[14.199s] Invoking command in '/home/bhj/OSEP/build/data_publisher': CMAKE_PREFIX_PATH=/opt/ros/humble /usr/bin/cmake --install /home/bhj/OSEP/build/data_publisher
[14.204s] -- Install configuration: ""
[14.205s] -- Installing: /home/bhj/OSEP/install/data_publisher/lib/data_publisher/data_publisher
[14.206s] -- Set runtime path of "/home/bhj/OSEP/install/data_publisher/lib/data_publisher/data_publisher" to ""
[14.206s] -- Installing: /home/bhj/OSEP/install/data_publisher/share/ament_index/resource_index/package_run_dependencies/data_publisher
[14.206s] -- Installing: /home/bhj/OSEP/install/data_publisher/share/ament_index/resource_index/parent_prefix_path/data_publisher
[14.206s] -- Installing: /home/bhj/OSEP/install/data_publisher/share/data_publisher/environment/ament_prefix_path.sh
[14.206s] -- Installing: /home/bhj/OSEP/install/data_publisher/share/data_publisher/environment/ament_prefix_path.dsv
[14.206s] -- Installing: /home/bhj/OSEP/install/data_publisher/share/data_publisher/environment/path.sh
[14.206s] -- Installing: /home/bhj/OSEP/install/data_publisher/share/data_publisher/environment/path.dsv
[14.206s] -- Installing: /home/bhj/OSEP/install/data_publisher/share/data_publisher/local_setup.bash
[14.206s] -- Installing: /home/bhj/OSEP/install/data_publisher/share/data_publisher/local_setup.sh
[14.207s] -- Installing: /home/bhj/OSEP/install/data_publisher/share/data_publisher/local_setup.zsh
[14.207s] -- Installing: /home/bhj/OSEP/install/data_publisher/share/data_publisher/local_setup.dsv
[14.207s] -- Installing: /home/bhj/OSEP/install/data_publisher/share/data_publisher/package.dsv
[14.207s] -- Installing: /home/bhj/OSEP/install/data_publisher/share/ament_index/resource_index/packages/data_publisher
[14.207s] -- Installing: /home/bhj/OSEP/install/data_publisher/share/data_publisher/cmake/data_publisherConfig.cmake
[14.207s] -- Installing: /home/bhj/OSEP/install/data_publisher/share/data_publisher/cmake/data_publisherConfig-version.cmake
[14.207s] -- Installing: /home/bhj/OSEP/install/data_publisher/share/data_publisher/package.xml
[14.209s] Invoked command in '/home/bhj/OSEP/build/data_publisher' returned '0': CMAKE_PREFIX_PATH=/opt/ros/humble /usr/bin/cmake --install /home/bhj/OSEP/build/data_publisher
