[0.014s] Invoking command in '/home/bhj/OSEP/build/data_publisher': CMAKE_PREFIX_PATH=/opt/ros/humble /usr/bin/cmake --build /home/bhj/OSEP/build/data_publisher -- -j12 -l12
[0.074s] [35m[1mConsolidate compiler generated dependencies of target data_publisher[0m
[0.094s] [ 50%] [32mBuilding CXX object CMakeFiles/data_publisher.dir/src/pub_node.cpp.o[0m
[7.205s] [100%] [32m[1mLinking CXX executable data_publisher[0m
[7.753s] [100%] Built target data_publisher
[7.763s] Invoked command in '/home/bhj/OSEP/build/data_publisher' returned '0': CMAKE_PREFIX_PATH=/opt/ros/humble /usr/bin/cmake --build /home/bhj/OSEP/build/data_publisher -- -j12 -l12
[7.765s] Invoking command in '/home/bhj/OSEP/build/data_publisher': CMAKE_PREFIX_PATH=/opt/ros/humble /usr/bin/cmake --install /home/bhj/OSEP/build/data_publisher
[7.771s] -- Install configuration: ""
[7.771s] -- Installing: /home/bhj/OSEP/install/data_publisher/lib/data_publisher/data_publisher
[7.772s] -- Set runtime path of "/home/bhj/OSEP/install/data_publisher/lib/data_publisher/data_publisher" to ""
[7.772s] -- Up-to-date: /home/bhj/OSEP/install/data_publisher/share/ament_index/resource_index/package_run_dependencies/data_publisher
[7.773s] -- Up-to-date: /home/bhj/OSEP/install/data_publisher/share/ament_index/resource_index/parent_prefix_path/data_publisher
[7.773s] -- Up-to-date: /home/bhj/OSEP/install/data_publisher/share/data_publisher/environment/ament_prefix_path.sh
[7.773s] -- Up-to-date: /home/bhj/OSEP/install/data_publisher/share/data_publisher/environment/ament_prefix_path.dsv
[7.773s] -- Up-to-date: /home/bhj/OSEP/install/data_publisher/share/data_publisher/environment/path.sh
[7.773s] -- Up-to-date: /home/bhj/OSEP/install/data_publisher/share/data_publisher/environment/path.dsv
[7.773s] -- Up-to-date: /home/bhj/OSEP/install/data_publisher/share/data_publisher/local_setup.bash
[7.773s] -- Up-to-date: /home/bhj/OSEP/install/data_publisher/share/data_publisher/local_setup.sh
[7.773s] -- Up-to-date: /home/bhj/OSEP/install/data_publisher/share/data_publisher/local_setup.zsh
[7.773s] -- Up-to-date: /home/bhj/OSEP/install/data_publisher/share/data_publisher/local_setup.dsv
[7.773s] -- Installing: /home/bhj/OSEP/install/data_publisher/share/data_publisher/package.dsv
[7.773s] -- Up-to-date: /home/bhj/OSEP/install/data_publisher/share/ament_index/resource_index/packages/data_publisher
[7.773s] -- Up-to-date: /home/bhj/OSEP/install/data_publisher/share/data_publisher/cmake/data_publisherConfig.cmake
[7.773s] -- Up-to-date: /home/bhj/OSEP/install/data_publisher/share/data_publisher/cmake/data_publisherConfig-version.cmake
[7.774s] -- Up-to-date: /home/bhj/OSEP/install/data_publisher/share/data_publisher/package.xml
[7.775s] Invoked command in '/home/bhj/OSEP/build/data_publisher' returned '0': CMAKE_PREFIX_PATH=/opt/ros/humble /usr/bin/cmake --install /home/bhj/OSEP/build/data_publisher
