[0.010s] Invoking command in '/home/airlab/OSEP/build/skel_extract': CMAKE_PREFIX_PATH=${CMAKE_PREFIX_PATH}:/opt/ros/humble /usr/bin/cmake --build /home/airlab/OSEP/build/skel_extract -- -j8 -l8
[0.055s] [100%] Built target skel_extract
[0.063s] Invoked command in '/home/airlab/OSEP/build/skel_extract' returned '0': CMAKE_PREFIX_PATH=${CMAKE_PREFIX_PATH}:/opt/ros/humble /usr/bin/cmake --build /home/airlab/OSEP/build/skel_extract -- -j8 -l8
[0.071s] Invoking command in '/home/airlab/OSEP/build/skel_extract': CMAKE_PREFIX_PATH=${CMAKE_PREFIX_PATH}:/opt/ros/humble /usr/bin/cmake --install /home/airlab/OSEP/build/skel_extract
[0.075s] -- Install configuration: ""
[0.076s] -- Up-to-date: /home/airlab/OSEP/install/skel_extract/lib/skel_extract/skel_extract
[0.076s] -- Up-to-date: /home/airlab/OSEP/install/skel_extract/share/ament_index/resource_index/package_run_dependencies/skel_extract
[0.076s] -- Up-to-date: /home/airlab/OSEP/install/skel_extract/share/ament_index/resource_index/parent_prefix_path/skel_extract
[0.076s] -- Up-to-date: /home/airlab/OSEP/install/skel_extract/share/skel_extract/environment/ament_prefix_path.sh
[0.076s] -- Up-to-date: /home/airlab/OSEP/install/skel_extract/share/skel_extract/environment/ament_prefix_path.dsv
[0.076s] -- Up-to-date: /home/airlab/OSEP/install/skel_extract/share/skel_extract/environment/path.sh
[0.076s] -- Up-to-date: /home/airlab/OSEP/install/skel_extract/share/skel_extract/environment/path.dsv
[0.076s] -- Up-to-date: /home/airlab/OSEP/install/skel_extract/share/skel_extract/local_setup.bash
[0.076s] -- Up-to-date: /home/airlab/OSEP/install/skel_extract/share/skel_extract/local_setup.sh
[0.076s] -- Up-to-date: /home/airlab/OSEP/install/skel_extract/share/skel_extract/local_setup.zsh
[0.076s] -- Up-to-date: /home/airlab/OSEP/install/skel_extract/share/skel_extract/local_setup.dsv
[0.076s] -- Installing: /home/airlab/OSEP/install/skel_extract/share/skel_extract/package.dsv
[0.076s] -- Up-to-date: /home/airlab/OSEP/install/skel_extract/share/ament_index/resource_index/packages/skel_extract
[0.076s] -- Up-to-date: /home/airlab/OSEP/install/skel_extract/share/skel_extract/cmake/skel_extractConfig.cmake
[0.076s] -- Up-to-date: /home/airlab/OSEP/install/skel_extract/share/skel_extract/cmake/skel_extractConfig-version.cmake
[0.077s] -- Up-to-date: /home/airlab/OSEP/install/skel_extract/share/skel_extract/package.xml
[0.077s] Invoked command in '/home/airlab/OSEP/build/skel_extract' returned '0': CMAKE_PREFIX_PATH=${CMAKE_PREFIX_PATH}:/opt/ros/humble /usr/bin/cmake --install /home/airlab/OSEP/build/skel_extract
