[0.008s] Invoking command in '/home/airlab/OSEP/build/skel_extract': CMAKE_PREFIX_PATH=${CMAKE_PREFIX_PATH}:/opt/ros/humble /usr/bin/cmake /home/airlab/OSEP/src/skel_extract -DCMAKE_INSTALL_PREFIX=/home/airlab/OSEP/install/skel_extract
[0.046s] -- The C compiler identification is GNU 11.4.0
[0.085s] -- The CXX compiler identification is GNU 11.4.0
[0.090s] -- Detecting C compiler ABI info
[0.136s] -- Detecting C compiler ABI info - done
[0.143s] -- Check for working C compiler: /usr/bin/cc - skipped
[0.143s] -- Detecting C compile features
[0.143s] -- Detecting C compile features - done
[0.145s] -- Detecting CXX compiler ABI info
[0.209s] -- Detecting CXX compiler ABI info - done
[0.216s] -- Check for working CXX compiler: /usr/bin/c++ - skipped
[0.216s] -- Detecting CXX compile features
[0.216s] -- Detecting CXX compile features - done
[0.218s] -- Found ament_cmake: 1.3.11 (/opt/ros/humble/share/ament_cmake/cmake)
[0.349s] -- Found Python3: /usr/bin/python3 (found version "3.10.12") found components: Interpreter 
[0.416s] -- Found rclcpp: 16.0.12 (/opt/ros/humble/share/rclcpp/cmake)
[0.443s] -- Found rosidl_generator_c: 3.1.6 (/opt/ros/humble/share/rosidl_generator_c/cmake)
[0.446s] -- Found rosidl_adapter: 3.1.6 (/opt/ros/humble/share/rosidl_adapter/cmake)
[0.451s] -- Found rosidl_generator_cpp: 3.1.6 (/opt/ros/humble/share/rosidl_generator_cpp/cmake)
[0.459s] -- Using all available rosidl_typesupport_c: rosidl_typesupport_fastrtps_c;rosidl_typesupport_introspection_c
[0.471s] -- Using all available rosidl_typesupport_cpp: rosidl_typesupport_fastrtps_cpp;rosidl_typesupport_introspection_cpp
[0.501s] -- Found rmw_implementation_cmake: 6.1.2 (/opt/ros/humble/share/rmw_implementation_cmake/cmake)
[0.502s] -- Found rmw_fastrtps_cpp: 6.2.7 (/opt/ros/humble/share/rmw_fastrtps_cpp/cmake)
[0.559s] -- Found OpenSSL: /usr/lib/x86_64-linux-gnu/libcrypto.so (found version "3.0.2")  
[0.580s] -- Found FastRTPS: /opt/ros/humble/include  
[0.610s] -- Using RMW implementation 'rmw_fastrtps_cpp' as default
[0.616s] -- Looking for pthread.h
[0.665s] -- Looking for pthread.h - found
[0.665s] -- Performing Test CMAKE_HAVE_LIBC_PTHREAD
[0.716s] -- Performing Test CMAKE_HAVE_LIBC_PTHREAD - Success
[0.717s] -- Found Threads: TRUE  
[0.757s] -- Found sensor_msgs: 4.8.0 (/opt/ros/humble/share/sensor_msgs/cmake)
[0.794s] -- Checking for module 'eigen3'
[0.802s] --   Found eigen3, version 3.4.0
[0.820s] -- Found Eigen: /usr/include/eigen3 (Required is at least version "3.1") 
[0.820s] -- Eigen found (include: /usr/include/eigen3, version: 3.4.0)
[0.833s] -- Found Boost: /usr/lib/x86_64-linux-gnu/cmake/Boost-1.74.0/BoostConfig.cmake (found suitable version "1.74.0", minimum required is "1.65.0") found components: system filesystem date_time iostreams serialization 
[0.845s] -- Checking for module 'flann'
[0.854s] --   Found flann, version 1.9.1
[0.878s] -- Found FLANN: /usr/lib/x86_64-linux-gnu/libflann_cpp.so  
[0.878s] -- FLANN found (include: /usr/include, lib: /usr/lib/x86_64-linux-gnu/libflann_cpp.so)
[0.907s] -- Found GLEW: /usr/lib/x86_64-linux-gnu/libGLEW.so  
[0.911s] -- Found OpenGL: /usr/lib/x86_64-linux-gnu/libOpenGL.so  found components: OpenGL GLX 
[1.008s] -- Found MPI_C: /usr/lib/x86_64-linux-gnu/libmpi.so (found version "3.1") 
[1.008s] -- Found MPI: TRUE (found version "3.1") found components: C 
[1.009s] -- Found JsonCpp: /usr/lib/x86_64-linux-gnu/libjsoncpp.so (found suitable version "1.9.5", minimum required is "0.7.0") 
[1.016s] -- Found ZLIB: /usr/lib/x86_64-linux-gnu/libz.so (found version "1.2.11") 
[1.031s] -- Found PNG: /usr/lib/x86_64-linux-gnu/libpng.so (found version "1.6.37") 
[1.040s] -- Found Eigen3: /usr/include/eigen3 (found version "3.4.0") 
[1.107s] -- Found X11: /usr/include   
[1.107s] -- Looking for XOpenDisplay in /usr/lib/x86_64-linux-gnu/libX11.so;/usr/lib/x86_64-linux-gnu/libXext.so
[1.160s] -- Looking for XOpenDisplay in /usr/lib/x86_64-linux-gnu/libX11.so;/usr/lib/x86_64-linux-gnu/libXext.so - found
[1.160s] -- Looking for gethostbyname
[1.207s] -- Looking for gethostbyname - found
[1.207s] -- Looking for connect
[1.258s] -- Looking for connect - found
[1.258s] -- Looking for remove
[1.325s] -- Looking for remove - found
[1.325s] -- Looking for shmat
[1.409s] -- Looking for shmat - found
[1.409s] -- Looking for IceConnectionNumber in ICE
[1.469s] -- Looking for IceConnectionNumber in ICE - found
[1.523s] -- Found EXPAT: /usr/lib/x86_64-linux-gnu/libexpat.so (found version "2.4.7") 
[1.525s] -- Found double-conversion: /usr/lib/x86_64-linux-gnu/libdouble-conversion.so  
[1.526s] -- Found LZ4: /usr/lib/x86_64-linux-gnu/liblz4.so (found version "1.9.3") 
[1.528s] -- Found LZMA: /usr/lib/x86_64-linux-gnu/liblzma.so (found version "5.2.5") 
[1.537s] -- Found JPEG: /usr/lib/x86_64-linux-gnu/libjpeg.so (found version "80") 
[1.541s] -- Found TIFF: /usr/lib/x86_64-linux-gnu/libtiff.so (found version "4.3.0")  
[1.544s] -- Found Freetype: /usr/lib/x86_64-linux-gnu/libfreetype.so (found version "2.11.1") 
[1.548s] -- Found utf8cpp: /usr/include/utf8cpp  
[1.597s] -- Checking for module 'libusb-1.0'
[1.606s] --   Found libusb-1.0, version 1.0.25
[1.627s] -- Found libusb: /usr/lib/x86_64-linux-gnu/libusb-1.0.so  
[1.628s] -- Found OpenNI: /usr/lib/libOpenNI.so;libusb::libusb (found version "1.5.4.0") 
[1.628s] -- OpenNI found (version: 1.5.4.0, include: /usr/include/ni, lib: /usr/lib/libOpenNI.so;libusb::libusb)
[1.662s] -- Found OpenNI2: /usr/lib/x86_64-linux-gnu/libOpenNI2.so;libusb::libusb (found version "2.2.0.33") 
[1.662s] -- OpenNI2 found (version: 2.2.0.33, include: /usr/include/openni2, lib: /usr/lib/x86_64-linux-gnu/libOpenNI2.so;libusb::libusb)
[1.662s] [0m** WARNING ** io features related to pcap will be disabled[0m
[1.778s] -- Eigen found (include: /usr/include/eigen3, version: 3.4.0)
[1.783s] -- OpenNI found (version: 1.5.4.0, include: /usr/include/ni, lib: /usr/lib/libOpenNI.so;libusb::libusb)
[1.787s] -- OpenNI2 found (version: 2.2.0.33, include: /usr/include/openni2, lib: /usr/lib/x86_64-linux-gnu/libOpenNI2.so;libusb::libusb)
[1.899s] -- Found Qhull version 8.0.2
[2.011s] -- OpenNI found (version: 1.5.4.0, include: /usr/include/ni, lib: /usr/lib/libOpenNI.so;libusb::libusb)
[2.121s] -- looking for PCL_COMMON
[2.122s] -- Found PCL_COMMON: /usr/lib/x86_64-linux-gnu/libpcl_common.so  
[2.122s] -- looking for PCL_KDTREE
[2.123s] -- Found PCL_KDTREE: /usr/lib/x86_64-linux-gnu/libpcl_kdtree.so  
[2.123s] -- looking for PCL_OCTREE
[2.123s] -- Found PCL_OCTREE: /usr/lib/x86_64-linux-gnu/libpcl_octree.so  
[2.124s] -- looking for PCL_SEARCH
[2.124s] -- Found PCL_SEARCH: /usr/lib/x86_64-linux-gnu/libpcl_search.so  
[2.124s] -- looking for PCL_SAMPLE_CONSENSUS
[2.125s] -- Found PCL_SAMPLE_CONSENSUS: /usr/lib/x86_64-linux-gnu/libpcl_sample_consensus.so  
[2.125s] -- looking for PCL_FILTERS
[2.126s] -- Found PCL_FILTERS: /usr/lib/x86_64-linux-gnu/libpcl_filters.so  
[2.126s] -- looking for PCL_2D
[2.126s] -- Found PCL_2D: /usr/include/pcl-1.12  
[2.126s] -- looking for PCL_GEOMETRY
[2.126s] -- Found PCL_GEOMETRY: /usr/include/pcl-1.12  
[2.126s] -- looking for PCL_IO
[2.127s] -- Found PCL_IO: /usr/lib/x86_64-linux-gnu/libpcl_io.so  
[2.127s] -- looking for PCL_FEATURES
[2.128s] -- Found PCL_FEATURES: /usr/lib/x86_64-linux-gnu/libpcl_features.so  
[2.128s] -- looking for PCL_ML
[2.129s] -- Found PCL_ML: /usr/lib/x86_64-linux-gnu/libpcl_ml.so  
[2.129s] -- looking for PCL_SEGMENTATION
[2.130s] -- Found PCL_SEGMENTATION: /usr/lib/x86_64-linux-gnu/libpcl_segmentation.so  
[2.130s] -- looking for PCL_VISUALIZATION
[2.131s] -- Found PCL_VISUALIZATION: /usr/lib/x86_64-linux-gnu/libpcl_visualization.so  
[2.131s] -- looking for PCL_SURFACE
[2.132s] -- Found PCL_SURFACE: /usr/lib/x86_64-linux-gnu/libpcl_surface.so  
[2.132s] -- looking for PCL_REGISTRATION
[2.133s] -- Found PCL_REGISTRATION: /usr/lib/x86_64-linux-gnu/libpcl_registration.so  
[2.133s] -- looking for PCL_KEYPOINTS
[2.134s] -- Found PCL_KEYPOINTS: /usr/lib/x86_64-linux-gnu/libpcl_keypoints.so  
[2.134s] -- looking for PCL_TRACKING
[2.135s] -- Found PCL_TRACKING: /usr/lib/x86_64-linux-gnu/libpcl_tracking.so  
[2.135s] -- looking for PCL_RECOGNITION
[2.135s] -- Found PCL_RECOGNITION: /usr/lib/x86_64-linux-gnu/libpcl_recognition.so  
[2.136s] -- looking for PCL_STEREO
[2.136s] -- Found PCL_STEREO: /usr/lib/x86_64-linux-gnu/libpcl_stereo.so  
[2.136s] -- looking for PCL_APPS
[2.137s] -- Found PCL_APPS: /usr/lib/x86_64-linux-gnu/libpcl_apps.so  
[2.137s] -- looking for PCL_IN_HAND_SCANNER
[2.138s] -- Found PCL_IN_HAND_SCANNER: /usr/include/pcl-1.12  
[2.138s] -- looking for PCL_MODELER
[2.138s] -- Found PCL_MODELER: /usr/include/pcl-1.12  
[2.138s] -- looking for PCL_POINT_CLOUD_EDITOR
[2.138s] -- Found PCL_POINT_CLOUD_EDITOR: /usr/include/pcl-1.12  
[2.138s] -- looking for PCL_OUTOFCORE
[2.139s] -- Found PCL_OUTOFCORE: /usr/lib/x86_64-linux-gnu/libpcl_outofcore.so  
[2.139s] -- looking for PCL_PEOPLE
[2.140s] -- Found PCL_PEOPLE: /usr/lib/x86_64-linux-gnu/libpcl_people.so  
[2.140s] -- Found PCL: pcl_common;pcl_kdtree;pcl_octree;pcl_search;pcl_sample_consensus;pcl_filters;pcl_io;pcl_features;pcl_ml;pcl_segmentation;pcl_visualization;pcl_surface;pcl_registration;pcl_keypoints;pcl_tracking;pcl_recognition;pcl_stereo;pcl_apps;pcl_outofcore;pcl_people;Boost::system;Boost::filesystem;Boost::date_time;Boost::iostreams;Boost::serialization;/usr/lib/libOpenNI.so;libusb::libusb;/usr/lib/x86_64-linux-gnu/libOpenNI2.so;libusb::libusb;VTK::ChartsCore;VTK::CommonColor;VTK::CommonComputationalGeometry;VTK::CommonCore;VTK::CommonDataModel;VTK::CommonExecutionModel;VTK::CommonMath;VTK::CommonMisc;VTK::CommonTransforms;VTK::FiltersCore;VTK::FiltersExtraction;VTK::FiltersGeneral;VTK::FiltersGeometry;VTK::FiltersModeling;VTK::FiltersSources;VTK::ImagingCore;VTK::ImagingSources;VTK::InteractionImage;VTK::InteractionStyle;VTK::InteractionWidgets;VTK::IOCore;VTK::IOGeometry;VTK::IOImage;VTK::IOLegacy;VTK::IOPLY;VTK::RenderingAnnotation;VTK::RenderingCore;VTK::RenderingContext2D;VTK::RenderingLOD;VTK::RenderingFreeType;VTK::ViewsCore;VTK::ViewsContext2D;VTK::RenderingOpenGL2;VTK::GUISupportQt;FLANN::FLANN;QHULL::QHULL (Required is at least version "1.12") 
[2.142s] -- Found ament_lint_auto: 0.12.12 (/opt/ros/humble/share/ament_lint_auto/cmake)
[2.208s] -- Configuring done
[2.224s] -- Generating done
[2.231s] -- Build files have been written to: /home/airlab/OSEP/build/skel_extract
[2.242s] Invoked command in '/home/airlab/OSEP/build/skel_extract' returned '0': CMAKE_PREFIX_PATH=${CMAKE_PREFIX_PATH}:/opt/ros/humble /usr/bin/cmake /home/airlab/OSEP/src/skel_extract -DCMAKE_INSTALL_PREFIX=/home/airlab/OSEP/install/skel_extract
[2.244s] Invoking command in '/home/airlab/OSEP/build/skel_extract': CMAKE_PREFIX_PATH=${CMAKE_PREFIX_PATH}:/opt/ros/humble /usr/bin/cmake --build /home/airlab/OSEP/build/skel_extract -- -j8 -l8
[2.278s] [ 66%] [32mBuilding CXX object CMakeFiles/skel_extract.dir/src/skel_main.cpp.o[0m
[2.278s] [ 66%] [32mBuilding CXX object CMakeFiles/skel_extract.dir/src/skel_node.cpp.o[0m
[6.529s] [100%] [32m[1mLinking CXX executable skel_extract[0m
[6.760s] [100%] Built target skel_extract
[6.768s] Invoked command in '/home/airlab/OSEP/build/skel_extract' returned '0': CMAKE_PREFIX_PATH=${CMAKE_PREFIX_PATH}:/opt/ros/humble /usr/bin/cmake --build /home/airlab/OSEP/build/skel_extract -- -j8 -l8
[6.775s] Invoking command in '/home/airlab/OSEP/build/skel_extract': CMAKE_PREFIX_PATH=${CMAKE_PREFIX_PATH}:/opt/ros/humble /usr/bin/cmake --install /home/airlab/OSEP/build/skel_extract
[6.780s] -- Install configuration: ""
[6.780s] -- Installing: /home/airlab/OSEP/install/skel_extract/lib/skel_extract/skel_extract
[6.780s] -- Set runtime path of "/home/airlab/OSEP/install/skel_extract/lib/skel_extract/skel_extract" to ""
[6.780s] -- Installing: /home/airlab/OSEP/install/skel_extract/share/ament_index/resource_index/package_run_dependencies/skel_extract
[6.780s] -- Installing: /home/airlab/OSEP/install/skel_extract/share/ament_index/resource_index/parent_prefix_path/skel_extract
[6.780s] -- Installing: /home/airlab/OSEP/install/skel_extract/share/skel_extract/environment/ament_prefix_path.sh
[6.781s] -- Installing: /home/airlab/OSEP/install/skel_extract/share/skel_extract/environment/ament_prefix_path.dsv
[6.781s] -- Installing: /home/airlab/OSEP/install/skel_extract/share/skel_extract/environment/path.sh
[6.781s] -- Installing: /home/airlab/OSEP/install/skel_extract/share/skel_extract/environment/path.dsv
[6.781s] -- Installing: /home/airlab/OSEP/install/skel_extract/share/skel_extract/local_setup.bash
[6.781s] -- Installing: /home/airlab/OSEP/install/skel_extract/share/skel_extract/local_setup.sh
[6.781s] -- Installing: /home/airlab/OSEP/install/skel_extract/share/skel_extract/local_setup.zsh
[6.781s] -- Installing: /home/airlab/OSEP/install/skel_extract/share/skel_extract/local_setup.dsv
[6.781s] -- Installing: /home/airlab/OSEP/install/skel_extract/share/skel_extract/package.dsv
[6.781s] -- Installing: /home/airlab/OSEP/install/skel_extract/share/ament_index/resource_index/packages/skel_extract
[6.781s] -- Installing: /home/airlab/OSEP/install/skel_extract/share/skel_extract/cmake/skel_extractConfig.cmake
[6.781s] -- Installing: /home/airlab/OSEP/install/skel_extract/share/skel_extract/cmake/skel_extractConfig-version.cmake
[6.781s] -- Installing: /home/airlab/OSEP/install/skel_extract/share/skel_extract/package.xml
[6.783s] Invoked command in '/home/airlab/OSEP/build/skel_extract' returned '0': CMAKE_PREFIX_PATH=${CMAKE_PREFIX_PATH}:/opt/ros/humble /usr/bin/cmake --install /home/airlab/OSEP/build/skel_extract
