[0.009s] Invoking command in '/home/airlab/OSEP/build/skel_extract': CMAKE_PREFIX_PATH=${CMAKE_PREFIX_PATH}:/opt/ros/humble /usr/bin/cmake --build /home/airlab/OSEP/build/skel_extract -- -j8 -l8
[0.043s] [35m[1mConsolidate compiler generated dependencies of target skel_extract[0m
[0.063s] [100%] Built target skel_extract
[0.071s] Invoked command in '/home/airlab/OSEP/build/skel_extract' returned '0': CMAKE_PREFIX_PATH=${CMAKE_PREFIX_PATH}:/opt/ros/humble /usr/bin/cmake --build /home/airlab/OSEP/build/skel_extract -- -j8 -l8
[0.077s] Invoking command in '/home/airlab/OSEP/build/skel_extract': CMAKE_PREFIX_PATH=${CMAKE_PREFIX_PATH}:/opt/ros/humble /usr/bin/cmake --install /home/airlab/OSEP/build/skel_extract
[0.082s] -- Install configuration: ""
[0.082s] -- Installing: /home/airlab/OSEP/install/skel_extract/lib/skel_extract/skel_extract
[0.083s] -- Set runtime path of "/home/airlab/OSEP/install/skel_extract/lib/skel_extract/skel_extract" to ""
[0.083s] -- Up-to-date: /home/airlab/OSEP/install/skel_extract/share/ament_index/resource_index/package_run_dependencies/skel_extract
[0.083s] -- Up-to-date: /home/airlab/OSEP/install/skel_extract/share/ament_index/resource_index/parent_prefix_path/skel_extract
[0.083s] -- Up-to-date: /home/airlab/OSEP/install/skel_extract/share/skel_extract/environment/ament_prefix_path.sh
[0.083s] -- Up-to-date: /home/airlab/OSEP/install/skel_extract/share/skel_extract/environment/ament_prefix_path.dsv
[0.083s] -- Up-to-date: /home/airlab/OSEP/install/skel_extract/share/skel_extract/environment/path.sh
[0.083s] -- Up-to-date: /home/airlab/OSEP/install/skel_extract/share/skel_extract/environment/path.dsv
[0.083s] -- Up-to-date: /home/airlab/OSEP/install/skel_extract/share/skel_extract/local_setup.bash
[0.083s] -- Up-to-date: /home/airlab/OSEP/install/skel_extract/share/skel_extract/local_setup.sh
[0.083s] -- Up-to-date: /home/airlab/OSEP/install/skel_extract/share/skel_extract/local_setup.zsh
[0.083s] -- Up-to-date: /home/airlab/OSEP/install/skel_extract/share/skel_extract/local_setup.dsv
[0.083s] -- Installing: /home/airlab/OSEP/install/skel_extract/share/skel_extract/package.dsv
[0.083s] -- Up-to-date: /home/airlab/OSEP/install/skel_extract/share/ament_index/resource_index/packages/skel_extract
[0.083s] -- Up-to-date: /home/airlab/OSEP/install/skel_extract/share/skel_extract/cmake/skel_extractConfig.cmake
[0.084s] -- Up-to-date: /home/airlab/OSEP/install/skel_extract/share/skel_extract/cmake/skel_extractConfig-version.cmake
[0.084s] -- Up-to-date: /home/airlab/OSEP/install/skel_extract/share/skel_extract/package.xml
[0.085s] Invoked command in '/home/airlab/OSEP/build/skel_extract' returned '0': CMAKE_PREFIX_PATH=${CMAKE_PREFIX_PATH}:/opt/ros/humble /usr/bin/cmake --install /home/airlab/OSEP/build/skel_extract
