[0.017s] Invoking command in '/home/bhj/OSEP/build/skel_extract': CMAKE_PREFIX_PATH=${CMAKE_PREFIX_PATH}:/opt/ros/humble /usr/bin/cmake --build /home/bhj/OSEP/build/skel_extract -- -j12 -l12
[0.084s] [35m[1mConsolidate compiler generated dependencies of target skel_extract[0m
[0.135s] [100%] Built target skel_extract
[0.149s] Invoked command in '/home/bhj/OSEP/build/skel_extract' returned '0': CMAKE_PREFIX_PATH=${CMAKE_PREFIX_PATH}:/opt/ros/humble /usr/bin/cmake --build /home/bhj/OSEP/build/skel_extract -- -j12 -l12
[0.165s] Invoking command in '/home/bhj/OSEP/build/skel_extract': CMAKE_PREFIX_PATH=${CMAKE_PREFIX_PATH}:/opt/ros/humble /usr/bin/cmake --install /home/bhj/OSEP/build/skel_extract
[0.177s] -- Install configuration: ""
[0.177s] -- Up-to-date: /home/bhj/OSEP/install/skel_extract/lib/skel_extract/skel_extract
[0.178s] -- Up-to-date: /home/bhj/OSEP/install/skel_extract/share/ament_index/resource_index/package_run_dependencies/skel_extract
[0.178s] -- Up-to-date: /home/bhj/OSEP/install/skel_extract/share/ament_index/resource_index/parent_prefix_path/skel_extract
[0.178s] -- Up-to-date: /home/bhj/OSEP/install/skel_extract/share/skel_extract/environment/ament_prefix_path.sh
[0.178s] -- Up-to-date: /home/bhj/OSEP/install/skel_extract/share/skel_extract/environment/ament_prefix_path.dsv
[0.178s] -- Up-to-date: /home/bhj/OSEP/install/skel_extract/share/skel_extract/environment/path.sh
[0.178s] -- Up-to-date: /home/bhj/OSEP/install/skel_extract/share/skel_extract/environment/path.dsv
[0.178s] -- Up-to-date: /home/bhj/OSEP/install/skel_extract/share/skel_extract/local_setup.bash
[0.179s] -- Up-to-date: /home/bhj/OSEP/install/skel_extract/share/skel_extract/local_setup.sh
[0.179s] -- Up-to-date: /home/bhj/OSEP/install/skel_extract/share/skel_extract/local_setup.zsh
[0.179s] -- Up-to-date: /home/bhj/OSEP/install/skel_extract/share/skel_extract/local_setup.dsv
[0.179s] -- Installing: /home/bhj/OSEP/install/skel_extract/share/skel_extract/package.dsv
[0.180s] -- Up-to-date: /home/bhj/OSEP/install/skel_extract/share/ament_index/resource_index/packages/skel_extract
[0.180s] -- Up-to-date: /home/bhj/OSEP/install/skel_extract/share/skel_extract/cmake/skel_extractConfig.cmake
[0.181s] -- Up-to-date: /home/bhj/OSEP/install/skel_extract/share/skel_extract/cmake/skel_extractConfig-version.cmake
[0.181s] -- Up-to-date: /home/bhj/OSEP/install/skel_extract/share/skel_extract/package.xml
[0.191s] Invoked command in '/home/bhj/OSEP/build/skel_extract' returned '0': CMAKE_PREFIX_PATH=${CMAKE_PREFIX_PATH}:/opt/ros/humble /usr/bin/cmake --install /home/bhj/OSEP/build/skel_extract
