[ 33%] [32mBuilding CXX object CMakeFiles/skel_extract.dir/src/skel_node.cpp.o[0m
[ 66%] [32mBuilding CXX object CMakeFiles/skel_extract.dir/src/skel_main.cpp.o[0m
[100%] [32m[1mLinking CXX executable skel_extract[0m
[100%] Built target skel_extract
-- Install configuration: ""
-- Installing: /home/bhj/OSEP/install/skel_extract/lib/skel_extract/skel_extract
-- Set runtime path of "/home/bhj/OSEP/install/skel_extract/lib/skel_extract/skel_extract" to ""
-- Up-to-date: /home/bhj/OSEP/install/skel_extract/share/ament_index/resource_index/package_run_dependencies/skel_extract
-- Up-to-date: /home/bhj/OSEP/install/skel_extract/share/ament_index/resource_index/parent_prefix_path/skel_extract
-- Up-to-date: /home/bhj/OSEP/install/skel_extract/share/skel_extract/environment/ament_prefix_path.sh
-- Up-to-date: /home/bhj/OSEP/install/skel_extract/share/skel_extract/environment/ament_prefix_path.dsv
-- Up-to-date: /home/bhj/OSEP/install/skel_extract/share/skel_extract/environment/path.sh
-- Up-to-date: /home/bhj/OSEP/install/skel_extract/share/skel_extract/environment/path.dsv
-- Up-to-date: /home/bhj/OSEP/install/skel_extract/share/skel_extract/local_setup.bash
-- Up-to-date: /home/bhj/OSEP/install/skel_extract/share/skel_extract/local_setup.sh
-- Up-to-date: /home/bhj/OSEP/install/skel_extract/share/skel_extract/local_setup.zsh
-- Up-to-date: /home/bhj/OSEP/install/skel_extract/share/skel_extract/local_setup.dsv
-- Installing: /home/bhj/OSEP/install/skel_extract/share/skel_extract/package.dsv
-- Up-to-date: /home/bhj/OSEP/install/skel_extract/share/ament_index/resource_index/packages/skel_extract
-- Up-to-date: /home/bhj/OSEP/install/skel_extract/share/skel_extract/cmake/skel_extractConfig.cmake
-- Up-to-date: /home/bhj/OSEP/install/skel_extract/share/skel_extract/cmake/skel_extractConfig-version.cmake
-- Up-to-date: /home/bhj/OSEP/install/skel_extract/share/skel_extract/package.xml
