[0.012s] Invoking command in '/home/bhj/OSEP/build/skel_extract': CMAKE_PREFIX_PATH=/opt/ros/humble /usr/bin/cmake --build /home/bhj/OSEP/build/skel_extract -- -j12 -l12
[0.082s] [100%] Built target skel_extract
[0.090s] Invoked command in '/home/bhj/OSEP/build/skel_extract' returned '0': CMAKE_PREFIX_PATH=/opt/ros/humble /usr/bin/cmake --build /home/bhj/OSEP/build/skel_extract -- -j12 -l12
[0.098s] Invoking command in '/home/bhj/OSEP/build/skel_extract': CMAKE_PREFIX_PATH=/opt/ros/humble /usr/bin/cmake --install /home/bhj/OSEP/build/skel_extract
[0.104s] -- Install configuration: ""
[0.104s] -- Up-to-date: /home/bhj/OSEP/install/skel_extract/lib/skel_extract/skel_extract
[0.105s] -- Up-to-date: /home/bhj/OSEP/install/skel_extract/share/ament_index/resource_index/package_run_dependencies/skel_extract
[0.105s] -- Up-to-date: /home/bhj/OSEP/install/skel_extract/share/ament_index/resource_index/parent_prefix_path/skel_extract
[0.105s] -- Up-to-date: /home/bhj/OSEP/install/skel_extract/share/skel_extract/environment/ament_prefix_path.sh
[0.105s] -- Up-to-date: /home/bhj/OSEP/install/skel_extract/share/skel_extract/environment/ament_prefix_path.dsv
[0.105s] -- Up-to-date: /home/bhj/OSEP/install/skel_extract/share/skel_extract/environment/path.sh
[0.105s] -- Up-to-date: /home/bhj/OSEP/install/skel_extract/share/skel_extract/environment/path.dsv
[0.105s] -- Up-to-date: /home/bhj/OSEP/install/skel_extract/share/skel_extract/local_setup.bash
[0.105s] -- Up-to-date: /home/bhj/OSEP/install/skel_extract/share/skel_extract/local_setup.sh
[0.105s] -- Up-to-date: /home/bhj/OSEP/install/skel_extract/share/skel_extract/local_setup.zsh
[0.105s] -- Up-to-date: /home/bhj/OSEP/install/skel_extract/share/skel_extract/local_setup.dsv
[0.105s] -- Installing: /home/bhj/OSEP/install/skel_extract/share/skel_extract/package.dsv
[0.105s] -- Up-to-date: /home/bhj/OSEP/install/skel_extract/share/ament_index/resource_index/packages/skel_extract
[0.105s] -- Up-to-date: /home/bhj/OSEP/install/skel_extract/share/skel_extract/cmake/skel_extractConfig.cmake
[0.106s] -- Up-to-date: /home/bhj/OSEP/install/skel_extract/share/skel_extract/cmake/skel_extractConfig-version.cmake
[0.106s] -- Up-to-date: /home/bhj/OSEP/install/skel_extract/share/skel_extract/package.xml
[0.107s] Invoked command in '/home/bhj/OSEP/build/skel_extract' returned '0': CMAKE_PREFIX_PATH=/opt/ros/humble /usr/bin/cmake --install /home/bhj/OSEP/build/skel_extract
