[35m[1mConsolidate compiler generated dependencies of target data_publisher[0m
[ 50%] [32mBuilding CXX object CMakeFiles/data_publisher.dir/src/pub_node.cpp.o[0m
[100%] [32m[1mLinking CXX executable data_publisher[0m
[100%] Built target data_publisher
-- Install configuration: ""
-- Installing: /home/airlab/OSEP/install/data_publisher/lib/data_publisher/data_publisher
-- Set runtime path of "/home/airlab/OSEP/install/data_publisher/lib/data_publisher/data_publisher" to ""
-- Up-to-date: /home/airlab/OSEP/install/data_publisher/share/ament_index/resource_index/package_run_dependencies/data_publisher
-- Up-to-date: /home/airlab/OSEP/install/data_publisher/share/ament_index/resource_index/parent_prefix_path/data_publisher
-- Up-to-date: /home/airlab/OSEP/install/data_publisher/share/data_publisher/environment/ament_prefix_path.sh
-- Up-to-date: /home/airlab/OSEP/install/data_publisher/share/data_publisher/environment/ament_prefix_path.dsv
-- Up-to-date: /home/airlab/OSEP/install/data_publisher/share/data_publisher/environment/path.sh
-- Up-to-date: /home/airlab/OSEP/install/data_publisher/share/data_publisher/environment/path.dsv
-- Up-to-date: /home/airlab/OSEP/install/data_publisher/share/data_publisher/local_setup.bash
-- Up-to-date: /home/airlab/OSEP/install/data_publisher/share/data_publisher/local_setup.sh
-- Up-to-date: /home/airlab/OSEP/install/data_publisher/share/data_publisher/local_setup.zsh
-- Up-to-date: /home/airlab/OSEP/install/data_publisher/share/data_publisher/local_setup.dsv
-- Installing: /home/airlab/OSEP/install/data_publisher/share/data_publisher/package.dsv
-- Up-to-date: /home/airlab/OSEP/install/data_publisher/share/ament_index/resource_index/packages/data_publisher
-- Up-to-date: /home/airlab/OSEP/install/data_publisher/share/data_publisher/cmake/data_publisherConfig.cmake
-- Up-to-date: /home/airlab/OSEP/install/data_publisher/share/data_publisher/cmake/data_publisherConfig-version.cmake
-- Up-to-date: /home/airlab/OSEP/install/data_publisher/share/data_publisher/package.xml
