[0.018s] Invoking command in '/home/bhj/OSEP/build/data_publisher': CMAKE_PREFIX_PATH=${CMAKE_PREFIX_PATH}:/opt/ros/humble /usr/bin/cmake --build /home/bhj/OSEP/build/data_publisher -- -j12 -l12
[0.081s] [35m[1mConsolidate compiler generated dependencies of target data_publisher[0m
[0.119s] [ 50%] [32mBuilding CXX object CMakeFiles/data_publisher.dir/src/pub_node.cpp.o[0m
[10.751s] [100%] [32m[1mLinking CXX executable data_publisher[0m
[11.556s] [100%] Built target data_publisher
[11.569s] Invoked command in '/home/bhj/OSEP/build/data_publisher' returned '0': CMAKE_PREFIX_PATH=${CMAKE_PREFIX_PATH}:/opt/ros/humble /usr/bin/cmake --build /home/bhj/OSEP/build/data_publisher -- -j12 -l12
[11.571s] Invoking command in '/home/bhj/OSEP/build/data_publisher': CMAKE_PREFIX_PATH=${CMAKE_PREFIX_PATH}:/opt/ros/humble /usr/bin/cmake --install /home/bhj/OSEP/build/data_publisher
[11.588s] -- Install configuration: ""
[11.589s] -- Installing: /home/bhj/OSEP/install/data_publisher/lib/data_publisher/data_publisher
[11.589s] -- Set runtime path of "/home/bhj/OSEP/install/data_publisher/lib/data_publisher/data_publisher" to ""
[11.589s] -- Up-to-date: /home/bhj/OSEP/install/data_publisher/share/ament_index/resource_index/package_run_dependencies/data_publisher
[11.589s] -- Up-to-date: /home/bhj/OSEP/install/data_publisher/share/ament_index/resource_index/parent_prefix_path/data_publisher
[11.589s] -- Up-to-date: /home/bhj/OSEP/install/data_publisher/share/data_publisher/environment/ament_prefix_path.sh
[11.589s] -- Up-to-date: /home/bhj/OSEP/install/data_publisher/share/data_publisher/environment/ament_prefix_path.dsv
[11.589s] -- Up-to-date: /home/bhj/OSEP/install/data_publisher/share/data_publisher/environment/path.sh
[11.589s] -- Up-to-date: /home/bhj/OSEP/install/data_publisher/share/data_publisher/environment/path.dsv
[11.589s] -- Up-to-date: /home/bhj/OSEP/install/data_publisher/share/data_publisher/local_setup.bash
[11.590s] -- Up-to-date: /home/bhj/OSEP/install/data_publisher/share/data_publisher/local_setup.sh
[11.590s] -- Up-to-date: /home/bhj/OSEP/install/data_publisher/share/data_publisher/local_setup.zsh
[11.590s] -- Up-to-date: /home/bhj/OSEP/install/data_publisher/share/data_publisher/local_setup.dsv
[11.590s] -- Installing: /home/bhj/OSEP/install/data_publisher/share/data_publisher/package.dsv
[11.590s] -- Up-to-date: /home/bhj/OSEP/install/data_publisher/share/ament_index/resource_index/packages/data_publisher
[11.590s] -- Up-to-date: /home/bhj/OSEP/install/data_publisher/share/data_publisher/cmake/data_publisherConfig.cmake
[11.590s] -- Up-to-date: /home/bhj/OSEP/install/data_publisher/share/data_publisher/cmake/data_publisherConfig-version.cmake
[11.590s] -- Up-to-date: /home/bhj/OSEP/install/data_publisher/share/data_publisher/package.xml
[11.601s] Invoked command in '/home/bhj/OSEP/build/data_publisher' returned '0': CMAKE_PREFIX_PATH=${CMAKE_PREFIX_PATH}:/opt/ros/humble /usr/bin/cmake --install /home/bhj/OSEP/build/data_publisher
