[0.098s] DEBUG:colcon:Command line arguments: ['/usr/bin/colcon', 'build']
[0.098s] DEBUG:colcon:Parsed command line arguments: Namespace(log_base=None, log_level=None, verb_name='build', build_base='build', install_base='install', merge_install=False, symlink_install=False, test_result_base=None, continue_on_error=False, executor='parallel', parallel_workers=12, event_handlers=None, ignore_user_meta=False, metas=['./colcon.meta'], base_paths=['.'], packages_ignore=None, packages_ignore_regex=None, paths=None, packages_up_to=None, packages_up_to_regex=None, packages_above=None, packages_above_and_dependencies=None, packages_above_depth=None, packages_select_by_dep=None, packages_skip_by_dep=None, packages_skip_up_to=None, packages_select_build_failed=False, packages_skip_build_finished=False, packages_select_test_failures=False, packages_skip_test_passed=False, packages_select=None, packages_skip=None, packages_select_regex=None, packages_skip_regex=None, packages_start=None, packages_end=None, allow_overriding=[], cmake_args=None, cmake_target=None, cmake_target_skip_unavailable=False, cmake_clean_cache=False, cmake_clean_first=False, cmake_force_configure=False, ament_cmake_args=None, catkin_cmake_args=None, catkin_skip_building_tests=False, verb_parser=<colcon_defaults.argument_parser.defaults.DefaultArgumentsDecorator object at 0x7db4ee446e60>, verb_extension=<colcon_core.verb.build.BuildVerb object at 0x7db4ee446530>, main=<bound method BuildVerb.main of <colcon_core.verb.build.BuildVerb object at 0x7db4ee446530>>)
[0.252s] Level 1:colcon.colcon_core.package_discovery:discover_packages(colcon_meta) check parameters
[0.252s] Level 1:colcon.colcon_core.package_discovery:discover_packages(recursive) check parameters
[0.252s] Level 1:colcon.colcon_core.package_discovery:discover_packages(ignore) check parameters
[0.252s] Level 1:colcon.colcon_core.package_discovery:discover_packages(path) check parameters
[0.252s] Level 1:colcon.colcon_core.package_discovery:discover_packages(colcon_meta) discover
[0.253s] Level 1:colcon.colcon_core.package_discovery:discover_packages(recursive) discover
[0.253s] INFO:colcon.colcon_core.package_discovery:Crawling recursively for packages in '/home/bhj/OSEP'
[0.253s] Level 1:colcon.colcon_core.package_identification:_identify(.) by extensions ['ignore', 'ignore_ament_install']
[0.253s] Level 1:colcon.colcon_core.package_identification:_identify(.) by extension 'ignore'
[0.253s] Level 1:colcon.colcon_core.package_identification:_identify(.) by extension 'ignore_ament_install'
[0.253s] Level 1:colcon.colcon_core.package_identification:_identify(.) by extensions ['colcon_pkg']
[0.253s] Level 1:colcon.colcon_core.package_identification:_identify(.) by extension 'colcon_pkg'
[0.253s] Level 1:colcon.colcon_core.package_identification:_identify(.) by extensions ['colcon_meta']
[0.253s] Level 1:colcon.colcon_core.package_identification:_identify(.) by extension 'colcon_meta'
[0.253s] Level 1:colcon.colcon_core.package_identification:_identify(.) by extensions ['ros']
[0.253s] Level 1:colcon.colcon_core.package_identification:_identify(.) by extension 'ros'
[0.263s] Level 1:colcon.colcon_core.package_identification:_identify(.) by extensions ['cmake', 'python']
[0.263s] Level 1:colcon.colcon_core.package_identification:_identify(.) by extension 'cmake'
[0.263s] Level 1:colcon.colcon_core.package_identification:_identify(.) by extension 'python'
[0.263s] Level 1:colcon.colcon_core.package_identification:_identify(.) by extensions ['python_setup_py']
[0.263s] Level 1:colcon.colcon_core.package_identification:_identify(.) by extension 'python_setup_py'
[0.264s] Level 1:colcon.colcon_core.package_identification:_identify(build) by extensions ['ignore', 'ignore_ament_install']
[0.264s] Level 1:colcon.colcon_core.package_identification:_identify(build) by extension 'ignore'
[0.264s] Level 1:colcon.colcon_core.package_identification:_identify(build) ignored
[0.264s] Level 1:colcon.colcon_core.package_identification:_identify(install) by extensions ['ignore', 'ignore_ament_install']
[0.264s] Level 1:colcon.colcon_core.package_identification:_identify(install) by extension 'ignore'
[0.264s] Level 1:colcon.colcon_core.package_identification:_identify(install) ignored
[0.264s] Level 1:colcon.colcon_core.package_identification:_identify(log) by extensions ['ignore', 'ignore_ament_install']
[0.264s] Level 1:colcon.colcon_core.package_identification:_identify(log) by extension 'ignore'
[0.264s] Level 1:colcon.colcon_core.package_identification:_identify(log) ignored
[0.264s] Level 1:colcon.colcon_core.package_identification:_identify(src) by extensions ['ignore', 'ignore_ament_install']
[0.264s] Level 1:colcon.colcon_core.package_identification:_identify(src) by extension 'ignore'
[0.264s] Level 1:colcon.colcon_core.package_identification:_identify(src) by extension 'ignore_ament_install'
[0.264s] Level 1:colcon.colcon_core.package_identification:_identify(src) by extensions ['colcon_pkg']
[0.264s] Level 1:colcon.colcon_core.package_identification:_identify(src) by extension 'colcon_pkg'
[0.264s] Level 1:colcon.colcon_core.package_identification:_identify(src) by extensions ['colcon_meta']
[0.264s] Level 1:colcon.colcon_core.package_identification:_identify(src) by extension 'colcon_meta'
[0.265s] Level 1:colcon.colcon_core.package_identification:_identify(src) by extensions ['ros']
[0.265s] Level 1:colcon.colcon_core.package_identification:_identify(src) by extension 'ros'
[0.265s] Level 1:colcon.colcon_core.package_identification:_identify(src) by extensions ['cmake', 'python']
[0.265s] Level 1:colcon.colcon_core.package_identification:_identify(src) by extension 'cmake'
[0.265s] Level 1:colcon.colcon_core.package_identification:_identify(src) by extension 'python'
[0.265s] Level 1:colcon.colcon_core.package_identification:_identify(src) by extensions ['python_setup_py']
[0.265s] Level 1:colcon.colcon_core.package_identification:_identify(src) by extension 'python_setup_py'
[0.265s] Level 1:colcon.colcon_core.package_identification:_identify(src/data_publisher) by extensions ['ignore', 'ignore_ament_install']
[0.265s] Level 1:colcon.colcon_core.package_identification:_identify(src/data_publisher) by extension 'ignore'
[0.265s] Level 1:colcon.colcon_core.package_identification:_identify(src/data_publisher) by extension 'ignore_ament_install'
[0.265s] Level 1:colcon.colcon_core.package_identification:_identify(src/data_publisher) by extensions ['colcon_pkg']
[0.265s] Level 1:colcon.colcon_core.package_identification:_identify(src/data_publisher) by extension 'colcon_pkg'
[0.265s] Level 1:colcon.colcon_core.package_identification:_identify(src/data_publisher) by extensions ['colcon_meta']
[0.265s] Level 1:colcon.colcon_core.package_identification:_identify(src/data_publisher) by extension 'colcon_meta'
[0.265s] Level 1:colcon.colcon_core.package_identification:_identify(src/data_publisher) by extensions ['ros']
[0.265s] Level 1:colcon.colcon_core.package_identification:_identify(src/data_publisher) by extension 'ros'
[0.268s] DEBUG:colcon.colcon_core.package_identification:Package 'src/data_publisher' with type 'ros.ament_cmake' and name 'data_publisher'
[0.268s] Level 1:colcon.colcon_core.package_identification:_identify(src/path_planning) by extensions ['ignore', 'ignore_ament_install']
[0.268s] Level 1:colcon.colcon_core.package_identification:_identify(src/path_planning) by extension 'ignore'
[0.268s] Level 1:colcon.colcon_core.package_identification:_identify(src/path_planning) by extension 'ignore_ament_install'
[0.268s] Level 1:colcon.colcon_core.package_identification:_identify(src/path_planning) by extensions ['colcon_pkg']
[0.268s] Level 1:colcon.colcon_core.package_identification:_identify(src/path_planning) by extension 'colcon_pkg'
[0.268s] Level 1:colcon.colcon_core.package_identification:_identify(src/path_planning) by extensions ['colcon_meta']
[0.268s] Level 1:colcon.colcon_core.package_identification:_identify(src/path_planning) by extension 'colcon_meta'
[0.268s] Level 1:colcon.colcon_core.package_identification:_identify(src/path_planning) by extensions ['ros']
[0.268s] Level 1:colcon.colcon_core.package_identification:_identify(src/path_planning) by extension 'ros'
[0.268s] Level 1:colcon.colcon_core.package_identification:_identify(src/path_planning) by extensions ['cmake', 'python']
[0.268s] Level 1:colcon.colcon_core.package_identification:_identify(src/path_planning) by extension 'cmake'
[0.268s] Level 1:colcon.colcon_core.package_identification:_identify(src/path_planning) by extension 'python'
[0.268s] Level 1:colcon.colcon_core.package_identification:_identify(src/path_planning) by extensions ['python_setup_py']
[0.268s] Level 1:colcon.colcon_core.package_identification:_identify(src/path_planning) by extension 'python_setup_py'
[0.268s] Level 1:colcon.colcon_core.package_identification:_identify(src/path_planning/src) by extensions ['ignore', 'ignore_ament_install']
[0.268s] Level 1:colcon.colcon_core.package_identification:_identify(src/path_planning/src) by extension 'ignore'
[0.269s] Level 1:colcon.colcon_core.package_identification:_identify(src/path_planning/src) by extension 'ignore_ament_install'
[0.269s] Level 1:colcon.colcon_core.package_identification:_identify(src/path_planning/src) by extensions ['colcon_pkg']
[0.269s] Level 1:colcon.colcon_core.package_identification:_identify(src/path_planning/src) by extension 'colcon_pkg'
[0.269s] Level 1:colcon.colcon_core.package_identification:_identify(src/path_planning/src) by extensions ['colcon_meta']
[0.269s] Level 1:colcon.colcon_core.package_identification:_identify(src/path_planning/src) by extension 'colcon_meta'
[0.269s] Level 1:colcon.colcon_core.package_identification:_identify(src/path_planning/src) by extensions ['ros']
[0.269s] Level 1:colcon.colcon_core.package_identification:_identify(src/path_planning/src) by extension 'ros'
[0.269s] Level 1:colcon.colcon_core.package_identification:_identify(src/path_planning/src) by extensions ['cmake', 'python']
[0.269s] Level 1:colcon.colcon_core.package_identification:_identify(src/path_planning/src) by extension 'cmake'
[0.269s] Level 1:colcon.colcon_core.package_identification:_identify(src/path_planning/src) by extension 'python'
[0.269s] Level 1:colcon.colcon_core.package_identification:_identify(src/path_planning/src) by extensions ['python_setup_py']
[0.269s] Level 1:colcon.colcon_core.package_identification:_identify(src/path_planning/src) by extension 'python_setup_py'
[0.269s] Level 1:colcon.colcon_core.package_identification:_identify(src/skel_extract) by extensions ['ignore', 'ignore_ament_install']
[0.269s] Level 1:colcon.colcon_core.package_identification:_identify(src/skel_extract) by extension 'ignore'
[0.269s] Level 1:colcon.colcon_core.package_identification:_identify(src/skel_extract) by extension 'ignore_ament_install'
[0.269s] Level 1:colcon.colcon_core.package_identification:_identify(src/skel_extract) by extensions ['colcon_pkg']
[0.269s] Level 1:colcon.colcon_core.package_identification:_identify(src/skel_extract) by extension 'colcon_pkg'
[0.269s] Level 1:colcon.colcon_core.package_identification:_identify(src/skel_extract) by extensions ['colcon_meta']
[0.269s] Level 1:colcon.colcon_core.package_identification:_identify(src/skel_extract) by extension 'colcon_meta'
[0.269s] Level 1:colcon.colcon_core.package_identification:_identify(src/skel_extract) by extensions ['ros']
[0.269s] Level 1:colcon.colcon_core.package_identification:_identify(src/skel_extract) by extension 'ros'
[0.270s] DEBUG:colcon.colcon_core.package_identification:Package 'src/skel_extract' with type 'ros.ament_cmake' and name 'skel_extract'
[0.270s] Level 1:colcon.colcon_core.package_discovery:discover_packages(recursive) using defaults
[0.270s] Level 1:colcon.colcon_core.package_discovery:discover_packages(ignore) discover
[0.270s] Level 1:colcon.colcon_core.package_discovery:discover_packages(ignore) using defaults
[0.270s] Level 1:colcon.colcon_core.package_discovery:discover_packages(path) discover
[0.270s] Level 1:colcon.colcon_core.package_discovery:discover_packages(path) using defaults
[0.288s] Level 1:colcon.colcon_core.package_discovery:discover_packages(prefix_path) check parameters
[0.288s] Level 1:colcon.colcon_core.package_discovery:discover_packages(prefix_path) discover
[0.290s] DEBUG:colcon.colcon_installed_package_information.package_discovery:Found 2 installed packages in /home/bhj/OSEP/install
[0.291s] DEBUG:colcon.colcon_installed_package_information.package_discovery:Found 271 installed packages in /opt/ros/humble
[0.300s] Level 1:colcon.colcon_core.package_discovery:discover_packages(prefix_path) using defaults
[0.336s] Level 5:colcon.colcon_core.verb:set package 'data_publisher' build argument 'cmake_args' from command line to 'None'
[0.337s] Level 5:colcon.colcon_core.verb:set package 'data_publisher' build argument 'cmake_target' from command line to 'None'
[0.337s] Level 5:colcon.colcon_core.verb:set package 'data_publisher' build argument 'cmake_target_skip_unavailable' from command line to 'False'
[0.337s] Level 5:colcon.colcon_core.verb:set package 'data_publisher' build argument 'cmake_clean_cache' from command line to 'False'
[0.337s] Level 5:colcon.colcon_core.verb:set package 'data_publisher' build argument 'cmake_clean_first' from command line to 'False'
[0.337s] Level 5:colcon.colcon_core.verb:set package 'data_publisher' build argument 'cmake_force_configure' from command line to 'False'
[0.337s] Level 5:colcon.colcon_core.verb:set package 'data_publisher' build argument 'ament_cmake_args' from command line to 'None'
[0.337s] Level 5:colcon.colcon_core.verb:set package 'data_publisher' build argument 'catkin_cmake_args' from command line to 'None'
[0.337s] Level 5:colcon.colcon_core.verb:set package 'data_publisher' build argument 'catkin_skip_building_tests' from command line to 'False'
[0.337s] DEBUG:colcon.colcon_core.verb:Building package 'data_publisher' with the following arguments: {'ament_cmake_args': None, 'build_base': '/home/bhj/OSEP/build/data_publisher', 'catkin_cmake_args': None, 'catkin_skip_building_tests': False, 'cmake_args': None, 'cmake_clean_cache': False, 'cmake_clean_first': False, 'cmake_force_configure': False, 'cmake_target': None, 'cmake_target_skip_unavailable': False, 'install_base': '/home/bhj/OSEP/install/data_publisher', 'merge_install': False, 'path': '/home/bhj/OSEP/src/data_publisher', 'symlink_install': False, 'test_result_base': None}
[0.337s] Level 5:colcon.colcon_core.verb:set package 'skel_extract' build argument 'cmake_args' from command line to 'None'
[0.337s] Level 5:colcon.colcon_core.verb:set package 'skel_extract' build argument 'cmake_target' from command line to 'None'
[0.337s] Level 5:colcon.colcon_core.verb:set package 'skel_extract' build argument 'cmake_target_skip_unavailable' from command line to 'False'
[0.337s] Level 5:colcon.colcon_core.verb:set package 'skel_extract' build argument 'cmake_clean_cache' from command line to 'False'
[0.337s] Level 5:colcon.colcon_core.verb:set package 'skel_extract' build argument 'cmake_clean_first' from command line to 'False'
[0.337s] Level 5:colcon.colcon_core.verb:set package 'skel_extract' build argument 'cmake_force_configure' from command line to 'False'
[0.337s] Level 5:colcon.colcon_core.verb:set package 'skel_extract' build argument 'ament_cmake_args' from command line to 'None'
[0.337s] Level 5:colcon.colcon_core.verb:set package 'skel_extract' build argument 'catkin_cmake_args' from command line to 'None'
[0.337s] Level 5:colcon.colcon_core.verb:set package 'skel_extract' build argument 'catkin_skip_building_tests' from command line to 'False'
[0.337s] DEBUG:colcon.colcon_core.verb:Building package 'skel_extract' with the following arguments: {'ament_cmake_args': None, 'build_base': '/home/bhj/OSEP/build/skel_extract', 'catkin_cmake_args': None, 'catkin_skip_building_tests': False, 'cmake_args': None, 'cmake_clean_cache': False, 'cmake_clean_first': False, 'cmake_force_configure': False, 'cmake_target': None, 'cmake_target_skip_unavailable': False, 'install_base': '/home/bhj/OSEP/install/skel_extract', 'merge_install': False, 'path': '/home/bhj/OSEP/src/skel_extract', 'symlink_install': False, 'test_result_base': None}
[0.338s] INFO:colcon.colcon_core.executor:Executing jobs using 'parallel' executor
[0.339s] DEBUG:colcon.colcon_parallel_executor.executor.parallel:run_until_complete
[0.339s] INFO:colcon.colcon_ros.task.ament_cmake.build:Building ROS package in '/home/bhj/OSEP/src/data_publisher' with build type 'ament_cmake'
[0.339s] INFO:colcon.colcon_cmake.task.cmake.build:Building CMake package in '/home/bhj/OSEP/src/data_publisher'
[0.341s] INFO:colcon.colcon_core.plugin_system:Skipping extension 'colcon_core.shell.bat': Not used on non-Windows systems
[0.341s] INFO:colcon.colcon_core.shell:Skip shell extension 'powershell' for command environment: Not usable outside of PowerShell
[0.341s] DEBUG:colcon.colcon_core.shell:Skip shell extension 'dsv' for command environment
[0.344s] INFO:colcon.colcon_ros.task.ament_cmake.build:Building ROS package in '/home/bhj/OSEP/src/skel_extract' with build type 'ament_cmake'
[0.344s] INFO:colcon.colcon_cmake.task.cmake.build:Building CMake package in '/home/bhj/OSEP/src/skel_extract'
[0.344s] INFO:colcon.colcon_core.shell:Skip shell extension 'powershell' for command environment: Not usable outside of PowerShell
[0.344s] DEBUG:colcon.colcon_core.shell:Skip shell extension 'dsv' for command environment
[0.353s] DEBUG:colcon.colcon_core.event_handler.log_command:Invoking command in '/home/bhj/OSEP/build/data_publisher': CMAKE_PREFIX_PATH=${CMAKE_PREFIX_PATH}:/opt/ros/humble /usr/bin/cmake --build /home/bhj/OSEP/build/data_publisher -- -j12 -l12
[0.356s] DEBUG:colcon.colcon_core.event_handler.log_command:Invoking command in '/home/bhj/OSEP/build/skel_extract': CMAKE_PREFIX_PATH=${CMAKE_PREFIX_PATH}:/opt/ros/humble /usr/bin/cmake --build /home/bhj/OSEP/build/skel_extract -- -j12 -l12
[0.417s] DEBUG:colcon.colcon_core.event_handler.log_command:Invoked command in '/home/bhj/OSEP/build/data_publisher' returned '0': CMAKE_PREFIX_PATH=${CMAKE_PREFIX_PATH}:/opt/ros/humble /usr/bin/cmake --build /home/bhj/OSEP/build/data_publisher -- -j12 -l12
[0.425s] DEBUG:colcon.colcon_core.event_handler.log_command:Invoking command in '/home/bhj/OSEP/build/data_publisher': CMAKE_PREFIX_PATH=${CMAKE_PREFIX_PATH}:/opt/ros/humble /usr/bin/cmake --install /home/bhj/OSEP/build/data_publisher
[0.434s] Level 1:colcon.colcon_core.environment:create_environment_scripts_only(data_publisher)
[0.434s] DEBUG:colcon.colcon_core.event_handler.log_command:Invoked command in '/home/bhj/OSEP/build/data_publisher' returned '0': CMAKE_PREFIX_PATH=${CMAKE_PREFIX_PATH}:/opt/ros/humble /usr/bin/cmake --install /home/bhj/OSEP/build/data_publisher
[0.436s] Level 1:colcon.colcon_core.environment:checking '/home/bhj/OSEP/install/data_publisher' for CMake module files
[0.437s] Level 1:colcon.colcon_core.environment:checking '/home/bhj/OSEP/install/data_publisher' for CMake config files
[0.437s] Level 1:colcon.colcon_core.shell:create_environment_hook('data_publisher', 'cmake_prefix_path')
[0.437s] INFO:colcon.colcon_core.shell:Creating environment hook '/home/bhj/OSEP/install/data_publisher/share/data_publisher/hook/cmake_prefix_path.ps1'
[0.438s] INFO:colcon.colcon_core.shell:Creating environment descriptor '/home/bhj/OSEP/install/data_publisher/share/data_publisher/hook/cmake_prefix_path.dsv'
[0.438s] INFO:colcon.colcon_core.shell:Creating environment hook '/home/bhj/OSEP/install/data_publisher/share/data_publisher/hook/cmake_prefix_path.sh'
[0.439s] Level 1:colcon.colcon_core.environment:checking '/home/bhj/OSEP/install/data_publisher/lib'
[0.439s] Level 1:colcon.colcon_core.environment:checking '/home/bhj/OSEP/install/data_publisher/bin'
[0.440s] Level 1:colcon.colcon_core.environment:checking '/home/bhj/OSEP/install/data_publisher/lib/pkgconfig/data_publisher.pc'
[0.440s] Level 1:colcon.colcon_core.environment:checking '/home/bhj/OSEP/install/data_publisher/lib/python3.10/site-packages'
[0.440s] Level 1:colcon.colcon_core.environment:checking '/home/bhj/OSEP/install/data_publisher/bin'
[0.440s] INFO:colcon.colcon_core.shell:Creating package script '/home/bhj/OSEP/install/data_publisher/share/data_publisher/package.ps1'
[0.441s] INFO:colcon.colcon_core.shell:Creating package descriptor '/home/bhj/OSEP/install/data_publisher/share/data_publisher/package.dsv'
[0.442s] INFO:colcon.colcon_core.shell:Creating package script '/home/bhj/OSEP/install/data_publisher/share/data_publisher/package.sh'
[0.442s] INFO:colcon.colcon_core.shell:Creating package script '/home/bhj/OSEP/install/data_publisher/share/data_publisher/package.bash'
[0.443s] INFO:colcon.colcon_core.shell:Creating package script '/home/bhj/OSEP/install/data_publisher/share/data_publisher/package.zsh'
[0.443s] Level 1:colcon.colcon_core.environment:create_file_with_runtime_dependencies(/home/bhj/OSEP/install/data_publisher/share/colcon-core/packages/data_publisher)
[0.444s] Level 1:colcon.colcon_core.environment:create_environment_scripts_only(data_publisher)
[0.444s] Level 1:colcon.colcon_core.environment:checking '/home/bhj/OSEP/install/data_publisher' for CMake module files
[0.445s] Level 1:colcon.colcon_core.environment:checking '/home/bhj/OSEP/install/data_publisher' for CMake config files
[0.445s] Level 1:colcon.colcon_core.shell:create_environment_hook('data_publisher', 'cmake_prefix_path')
[0.445s] INFO:colcon.colcon_core.shell:Creating environment hook '/home/bhj/OSEP/install/data_publisher/share/data_publisher/hook/cmake_prefix_path.ps1'
[0.445s] INFO:colcon.colcon_core.shell:Creating environment descriptor '/home/bhj/OSEP/install/data_publisher/share/data_publisher/hook/cmake_prefix_path.dsv'
[0.446s] INFO:colcon.colcon_core.shell:Creating environment hook '/home/bhj/OSEP/install/data_publisher/share/data_publisher/hook/cmake_prefix_path.sh'
[0.446s] Level 1:colcon.colcon_core.environment:checking '/home/bhj/OSEP/install/data_publisher/lib'
[0.446s] Level 1:colcon.colcon_core.environment:checking '/home/bhj/OSEP/install/data_publisher/bin'
[0.446s] Level 1:colcon.colcon_core.environment:checking '/home/bhj/OSEP/install/data_publisher/lib/pkgconfig/data_publisher.pc'
[0.447s] Level 1:colcon.colcon_core.environment:checking '/home/bhj/OSEP/install/data_publisher/lib/python3.10/site-packages'
[0.447s] Level 1:colcon.colcon_core.environment:checking '/home/bhj/OSEP/install/data_publisher/bin'
[0.447s] INFO:colcon.colcon_core.shell:Creating package script '/home/bhj/OSEP/install/data_publisher/share/data_publisher/package.ps1'
[0.447s] INFO:colcon.colcon_core.shell:Creating package descriptor '/home/bhj/OSEP/install/data_publisher/share/data_publisher/package.dsv'
[0.448s] INFO:colcon.colcon_core.shell:Creating package script '/home/bhj/OSEP/install/data_publisher/share/data_publisher/package.sh'
[0.448s] INFO:colcon.colcon_core.shell:Creating package script '/home/bhj/OSEP/install/data_publisher/share/data_publisher/package.bash'
[0.449s] INFO:colcon.colcon_core.shell:Creating package script '/home/bhj/OSEP/install/data_publisher/share/data_publisher/package.zsh'
[0.449s] Level 1:colcon.colcon_core.environment:create_file_with_runtime_dependencies(/home/bhj/OSEP/install/data_publisher/share/colcon-core/packages/data_publisher)
[12.404s] DEBUG:colcon.colcon_core.event_handler.log_command:Invoked command in '/home/bhj/OSEP/build/skel_extract' returned '0': CMAKE_PREFIX_PATH=${CMAKE_PREFIX_PATH}:/opt/ros/humble /usr/bin/cmake --build /home/bhj/OSEP/build/skel_extract -- -j12 -l12
[12.406s] DEBUG:colcon.colcon_core.event_handler.log_command:Invoking command in '/home/bhj/OSEP/build/skel_extract': CMAKE_PREFIX_PATH=${CMAKE_PREFIX_PATH}:/opt/ros/humble /usr/bin/cmake --install /home/bhj/OSEP/build/skel_extract
[12.417s] Level 1:colcon.colcon_core.environment:create_environment_scripts_only(skel_extract)
[12.417s] Level 1:colcon.colcon_core.environment:checking '/home/bhj/OSEP/install/skel_extract' for CMake module files
[12.417s] DEBUG:colcon.colcon_core.event_handler.log_command:Invoked command in '/home/bhj/OSEP/build/skel_extract' returned '0': CMAKE_PREFIX_PATH=${CMAKE_PREFIX_PATH}:/opt/ros/humble /usr/bin/cmake --install /home/bhj/OSEP/build/skel_extract
[12.418s] Level 1:colcon.colcon_core.environment:checking '/home/bhj/OSEP/install/skel_extract' for CMake config files
[12.418s] Level 1:colcon.colcon_core.shell:create_environment_hook('skel_extract', 'cmake_prefix_path')
[12.418s] INFO:colcon.colcon_core.shell:Creating environment hook '/home/bhj/OSEP/install/skel_extract/share/skel_extract/hook/cmake_prefix_path.ps1'
[12.418s] INFO:colcon.colcon_core.shell:Creating environment descriptor '/home/bhj/OSEP/install/skel_extract/share/skel_extract/hook/cmake_prefix_path.dsv'
[12.419s] INFO:colcon.colcon_core.shell:Creating environment hook '/home/bhj/OSEP/install/skel_extract/share/skel_extract/hook/cmake_prefix_path.sh'
[12.419s] Level 1:colcon.colcon_core.environment:checking '/home/bhj/OSEP/install/skel_extract/lib'
[12.419s] Level 1:colcon.colcon_core.environment:checking '/home/bhj/OSEP/install/skel_extract/bin'
[12.419s] Level 1:colcon.colcon_core.environment:checking '/home/bhj/OSEP/install/skel_extract/lib/pkgconfig/skel_extract.pc'
[12.420s] Level 1:colcon.colcon_core.environment:checking '/home/bhj/OSEP/install/skel_extract/lib/python3.10/site-packages'
[12.420s] Level 1:colcon.colcon_core.environment:checking '/home/bhj/OSEP/install/skel_extract/bin'
[12.420s] INFO:colcon.colcon_core.shell:Creating package script '/home/bhj/OSEP/install/skel_extract/share/skel_extract/package.ps1'
[12.420s] INFO:colcon.colcon_core.shell:Creating package descriptor '/home/bhj/OSEP/install/skel_extract/share/skel_extract/package.dsv'
[12.421s] INFO:colcon.colcon_core.shell:Creating package script '/home/bhj/OSEP/install/skel_extract/share/skel_extract/package.sh'
[12.421s] INFO:colcon.colcon_core.shell:Creating package script '/home/bhj/OSEP/install/skel_extract/share/skel_extract/package.bash'
[12.422s] INFO:colcon.colcon_core.shell:Creating package script '/home/bhj/OSEP/install/skel_extract/share/skel_extract/package.zsh'
[12.422s] Level 1:colcon.colcon_core.environment:create_file_with_runtime_dependencies(/home/bhj/OSEP/install/skel_extract/share/colcon-core/packages/skel_extract)
[12.422s] Level 1:colcon.colcon_core.environment:create_environment_scripts_only(skel_extract)
[12.423s] Level 1:colcon.colcon_core.environment:checking '/home/bhj/OSEP/install/skel_extract' for CMake module files
[12.423s] Level 1:colcon.colcon_core.environment:checking '/home/bhj/OSEP/install/skel_extract' for CMake config files
[12.423s] Level 1:colcon.colcon_core.shell:create_environment_hook('skel_extract', 'cmake_prefix_path')
[12.424s] INFO:colcon.colcon_core.shell:Creating environment hook '/home/bhj/OSEP/install/skel_extract/share/skel_extract/hook/cmake_prefix_path.ps1'
[12.424s] INFO:colcon.colcon_core.shell:Creating environment descriptor '/home/bhj/OSEP/install/skel_extract/share/skel_extract/hook/cmake_prefix_path.dsv'
[12.424s] INFO:colcon.colcon_core.shell:Creating environment hook '/home/bhj/OSEP/install/skel_extract/share/skel_extract/hook/cmake_prefix_path.sh'
[12.425s] Level 1:colcon.colcon_core.environment:checking '/home/bhj/OSEP/install/skel_extract/lib'
[12.425s] Level 1:colcon.colcon_core.environment:checking '/home/bhj/OSEP/install/skel_extract/bin'
[12.425s] Level 1:colcon.colcon_core.environment:checking '/home/bhj/OSEP/install/skel_extract/lib/pkgconfig/skel_extract.pc'
[12.425s] Level 1:colcon.colcon_core.environment:checking '/home/bhj/OSEP/install/skel_extract/lib/python3.10/site-packages'
[12.425s] Level 1:colcon.colcon_core.environment:checking '/home/bhj/OSEP/install/skel_extract/bin'
[12.426s] INFO:colcon.colcon_core.shell:Creating package script '/home/bhj/OSEP/install/skel_extract/share/skel_extract/package.ps1'
[12.426s] INFO:colcon.colcon_core.shell:Creating package descriptor '/home/bhj/OSEP/install/skel_extract/share/skel_extract/package.dsv'
[12.427s] INFO:colcon.colcon_core.shell:Creating package script '/home/bhj/OSEP/install/skel_extract/share/skel_extract/package.sh'
[12.427s] INFO:colcon.colcon_core.shell:Creating package script '/home/bhj/OSEP/install/skel_extract/share/skel_extract/package.bash'
[12.427s] INFO:colcon.colcon_core.shell:Creating package script '/home/bhj/OSEP/install/skel_extract/share/skel_extract/package.zsh'
[12.428s] Level 1:colcon.colcon_core.environment:create_file_with_runtime_dependencies(/home/bhj/OSEP/install/skel_extract/share/colcon-core/packages/skel_extract)
[12.428s] DEBUG:colcon.colcon_parallel_executor.executor.parallel:closing loop
[12.428s] DEBUG:colcon.colcon_parallel_executor.executor.parallel:loop closed
[12.428s] DEBUG:colcon.colcon_parallel_executor.executor.parallel:run_until_complete finished with '0'
[12.428s] DEBUG:colcon.colcon_core.event_reactor:joining thread
[12.433s] INFO:colcon.colcon_core.plugin_system:Skipping extension 'colcon_notification.desktop_notification.terminal_notifier': Not used on non-Darwin systems
[12.433s] INFO:colcon.colcon_core.plugin_system:Skipping extension 'colcon_notification.desktop_notification.win32': Not used on non-Windows systems
[12.433s] INFO:colcon.colcon_notification.desktop_notification:Sending desktop notification using 'notify2'
[12.452s] DEBUG:colcon.colcon_core.event_reactor:joined thread
[12.452s] INFO:colcon.colcon_core.shell:Creating prefix script '/home/bhj/OSEP/install/local_setup.ps1'
[12.453s] INFO:colcon.colcon_core.shell:Creating prefix util module '/home/bhj/OSEP/install/_local_setup_util_ps1.py'
[12.455s] INFO:colcon.colcon_core.shell:Creating prefix chain script '/home/bhj/OSEP/install/setup.ps1'
[12.456s] INFO:colcon.colcon_core.shell:Creating prefix script '/home/bhj/OSEP/install/local_setup.sh'
[12.456s] INFO:colcon.colcon_core.shell:Creating prefix util module '/home/bhj/OSEP/install/_local_setup_util_sh.py'
[12.457s] INFO:colcon.colcon_core.shell:Creating prefix chain script '/home/bhj/OSEP/install/setup.sh'
[12.458s] INFO:colcon.colcon_core.shell:Creating prefix script '/home/bhj/OSEP/install/local_setup.bash'
[12.458s] INFO:colcon.colcon_core.shell:Creating prefix chain script '/home/bhj/OSEP/install/setup.bash'
[12.460s] INFO:colcon.colcon_core.shell:Creating prefix script '/home/bhj/OSEP/install/local_setup.zsh'
[12.460s] INFO:colcon.colcon_core.shell:Creating prefix chain script '/home/bhj/OSEP/install/setup.zsh'
