[0.009s] Invoking command in '/home/airlab/OSEP/build/skel_extract': CMAKE_PREFIX_PATH=${CMAKE_PREFIX_PATH}:/opt/ros/humble /usr/bin/cmake --build /home/airlab/OSEP/build/skel_extract -- -j8 -l8
[0.026s] -- Found ament_cmake: 1.3.11 (/opt/ros/humble/share/ament_cmake/cmake)
[0.127s] -- Found rclcpp: 16.0.12 (/opt/ros/humble/share/rclcpp/cmake)
[0.148s] -- Found rosidl_generator_c: 3.1.6 (/opt/ros/humble/share/rosidl_generator_c/cmake)
[0.150s] -- Found rosidl_adapter: 3.1.6 (/opt/ros/humble/share/rosidl_adapter/cmake)
[0.155s] -- Found rosidl_generator_cpp: 3.1.6 (/opt/ros/humble/share/rosidl_generator_cpp/cmake)
[0.162s] -- Using all available rosidl_typesupport_c: rosidl_typesupport_fastrtps_c;rosidl_typesupport_introspection_c
[0.172s] -- Using all available rosidl_typesupport_cpp: rosidl_typesupport_fastrtps_cpp;rosidl_typesupport_introspection_cpp
[0.196s] -- Found rmw_implementation_cmake: 6.1.2 (/opt/ros/humble/share/rmw_implementation_cmake/cmake)
[0.197s] -- Found rmw_fastrtps_cpp: 6.2.7 (/opt/ros/humble/share/rmw_fastrtps_cpp/cmake)
[0.272s] -- Using RMW implementation 'rmw_fastrtps_cpp' as default
[0.311s] -- Found sensor_msgs: 4.8.0 (/opt/ros/humble/share/sensor_msgs/cmake)
[0.335s] -- Found pcl_conversions: 2.4.5 (/opt/ros/humble/share/pcl_conversions/cmake)
[0.367s] -- Eigen found (include: /usr/include/eigen3, version: 3.4.0)
[0.389s] -- FLANN found (include: /usr/include, lib: /usr/lib/x86_64-linux-gnu/libflann_cpp.so)
[0.597s] -- OpenNI found (version: 1.5.4.0, include: /usr/include/ni, lib: /usr/lib/libOpenNI.so;libusb::libusb)
[0.601s] -- OpenNI2 found (version: 2.2.0.33, include: /usr/include/openni2, lib: /usr/lib/x86_64-linux-gnu/libOpenNI2.so;libusb::libusb)
[0.711s] -- Eigen found (include: /usr/include/eigen3, version: 3.4.0)
[0.715s] -- OpenNI found (version: 1.5.4.0, include: /usr/include/ni, lib: /usr/lib/libOpenNI.so;libusb::libusb)
[0.719s] -- OpenNI2 found (version: 2.2.0.33, include: /usr/include/openni2, lib: /usr/lib/x86_64-linux-gnu/libOpenNI2.so;libusb::libusb)
[0.824s] -- Found Qhull version 8.0.2
[0.929s] -- OpenNI found (version: 1.5.4.0, include: /usr/include/ni, lib: /usr/lib/libOpenNI.so;libusb::libusb)
[1.053s] -- Found ament_lint_auto: 0.12.12 (/opt/ros/humble/share/ament_lint_auto/cmake)
[1.118s] -- Configuring done
[1.141s] -- Generating done
[1.148s] -- Build files have been written to: /home/airlab/OSEP/build/skel_extract
[1.171s] [35m[1mConsolidate compiler generated dependencies of target skel_extract[0m
[1.187s] [ 33%] [32mBuilding CXX object CMakeFiles/skel_extract.dir/src/skel_node.cpp.o[0m
[1.188s] [ 66%] [32mBuilding CXX object CMakeFiles/skel_extract.dir/src/skel_main.cpp.o[0m
[5.896s] [100%] [32m[1mLinking CXX executable skel_extract[0m
[6.138s] [100%] Built target skel_extract
[6.147s] Invoked command in '/home/airlab/OSEP/build/skel_extract' returned '0': CMAKE_PREFIX_PATH=${CMAKE_PREFIX_PATH}:/opt/ros/humble /usr/bin/cmake --build /home/airlab/OSEP/build/skel_extract -- -j8 -l8
[6.153s] Invoking command in '/home/airlab/OSEP/build/skel_extract': CMAKE_PREFIX_PATH=${CMAKE_PREFIX_PATH}:/opt/ros/humble /usr/bin/cmake --install /home/airlab/OSEP/build/skel_extract
[6.157s] -- Install configuration: ""
[6.157s] -- Installing: /home/airlab/OSEP/install/skel_extract/lib/skel_extract/skel_extract
[6.158s] -- Set runtime path of "/home/airlab/OSEP/install/skel_extract/lib/skel_extract/skel_extract" to ""
[6.158s] -- Up-to-date: /home/airlab/OSEP/install/skel_extract/share/ament_index/resource_index/package_run_dependencies/skel_extract
[6.158s] -- Up-to-date: /home/airlab/OSEP/install/skel_extract/share/ament_index/resource_index/parent_prefix_path/skel_extract
[6.158s] -- Up-to-date: /home/airlab/OSEP/install/skel_extract/share/skel_extract/environment/ament_prefix_path.sh
[6.158s] -- Installing: /home/airlab/OSEP/install/skel_extract/share/skel_extract/environment/ament_prefix_path.dsv
[6.158s] -- Up-to-date: /home/airlab/OSEP/install/skel_extract/share/skel_extract/environment/path.sh
[6.158s] -- Installing: /home/airlab/OSEP/install/skel_extract/share/skel_extract/environment/path.dsv
[6.158s] -- Up-to-date: /home/airlab/OSEP/install/skel_extract/share/skel_extract/local_setup.bash
[6.158s] -- Up-to-date: /home/airlab/OSEP/install/skel_extract/share/skel_extract/local_setup.sh
[6.158s] -- Up-to-date: /home/airlab/OSEP/install/skel_extract/share/skel_extract/local_setup.zsh
[6.158s] -- Installing: /home/airlab/OSEP/install/skel_extract/share/skel_extract/local_setup.dsv
[6.158s] -- Installing: /home/airlab/OSEP/install/skel_extract/share/skel_extract/package.dsv
[6.159s] -- Up-to-date: /home/airlab/OSEP/install/skel_extract/share/ament_index/resource_index/packages/skel_extract
[6.159s] -- Up-to-date: /home/airlab/OSEP/install/skel_extract/share/skel_extract/cmake/skel_extractConfig.cmake
[6.159s] -- Up-to-date: /home/airlab/OSEP/install/skel_extract/share/skel_extract/cmake/skel_extractConfig-version.cmake
[6.159s] -- Up-to-date: /home/airlab/OSEP/install/skel_extract/share/skel_extract/package.xml
[6.160s] Invoked command in '/home/airlab/OSEP/build/skel_extract' returned '0': CMAKE_PREFIX_PATH=${CMAKE_PREFIX_PATH}:/opt/ros/humble /usr/bin/cmake --install /home/airlab/OSEP/build/skel_extract
