-- Found ament_cmake: 1.3.11 (/opt/ros/humble/share/ament_cmake/cmake)
-- Found rclcpp: 16.0.12 (/opt/ros/humble/share/rclcpp/cmake)
-- Found rosidl_generator_c: 3.1.6 (/opt/ros/humble/share/rosidl_generator_c/cmake)
-- Found rosidl_adapter: 3.1.6 (/opt/ros/humble/share/rosidl_adapter/cmake)
-- Found rosidl_generator_cpp: 3.1.6 (/opt/ros/humble/share/rosidl_generator_cpp/cmake)
-- Using all available rosidl_typesupport_c: rosidl_typesupport_fastrtps_c;rosidl_typesupport_introspection_c
-- Using all available rosidl_typesupport_cpp: rosidl_typesupport_fastrtps_cpp;rosidl_typesupport_introspection_cpp
-- Found rmw_implementation_cmake: 6.1.2 (/opt/ros/humble/share/rmw_implementation_cmake/cmake)
-- Found rmw_fastrtps_cpp: 6.2.7 (/opt/ros/humble/share/rmw_fastrtps_cpp/cmake)
-- Using RMW implementation 'rmw_fastrtps_cpp' as default
-- Found sensor_msgs: 4.8.0 (/opt/ros/humble/share/sensor_msgs/cmake)
-- Found pcl_conversions: 2.4.5 (/opt/ros/humble/share/pcl_conversions/cmake)
-- Eigen found (include: /usr/include/eigen3, version: 3.4.0)
-- FLANN found (include: /usr/include, lib: /usr/lib/x86_64-linux-gnu/libflann_cpp.so)
-- OpenNI found (version: 1.5.4.0, include: /usr/include/ni, lib: /usr/lib/libOpenNI.so;libusb::libusb)
-- OpenNI2 found (version: 2.2.0.33, include: /usr/include/openni2, lib: /usr/lib/x86_64-linux-gnu/libOpenNI2.so;libusb::libusb)
-- Eigen found (include: /usr/include/eigen3, version: 3.4.0)
-- OpenNI found (version: 1.5.4.0, include: /usr/include/ni, lib: /usr/lib/libOpenNI.so;libusb::libusb)
-- OpenNI2 found (version: 2.2.0.33, include: /usr/include/openni2, lib: /usr/lib/x86_64-linux-gnu/libOpenNI2.so;libusb::libusb)
-- Found Qhull version 8.0.2
-- OpenNI found (version: 1.5.4.0, include: /usr/include/ni, lib: /usr/lib/libOpenNI.so;libusb::libusb)
-- Found ament_lint_auto: 0.12.12 (/opt/ros/humble/share/ament_lint_auto/cmake)
-- Configuring done
-- Generating done
-- Build files have been written to: /home/airlab/OSEP/build/data_publisher
[ 50%] [32mBuilding CXX object CMakeFiles/data_publisher.dir/src/pub_node.cpp.o[0m
[100%] [32m[1mLinking CXX executable data_publisher[0m
[100%] Built target data_publisher
-- Install configuration: ""
-- Installing: /home/airlab/OSEP/install/data_publisher/lib/data_publisher/data_publisher
-- Set runtime path of "/home/airlab/OSEP/install/data_publisher/lib/data_publisher/data_publisher" to ""
-- Installing: /home/airlab/OSEP/install/data_publisher/share/ament_index/resource_index/package_run_dependencies/data_publisher
-- Installing: /home/airlab/OSEP/install/data_publisher/share/ament_index/resource_index/parent_prefix_path/data_publisher
-- Installing: /home/airlab/OSEP/install/data_publisher/share/data_publisher/environment/ament_prefix_path.sh
-- Installing: /home/airlab/OSEP/install/data_publisher/share/data_publisher/environment/ament_prefix_path.dsv
-- Installing: /home/airlab/OSEP/install/data_publisher/share/data_publisher/environment/path.sh
-- Installing: /home/airlab/OSEP/install/data_publisher/share/data_publisher/environment/path.dsv
-- Installing: /home/airlab/OSEP/install/data_publisher/share/data_publisher/local_setup.bash
-- Installing: /home/airlab/OSEP/install/data_publisher/share/data_publisher/local_setup.sh
-- Installing: /home/airlab/OSEP/install/data_publisher/share/data_publisher/local_setup.zsh
-- Installing: /home/airlab/OSEP/install/data_publisher/share/data_publisher/local_setup.dsv
-- Installing: /home/airlab/OSEP/install/data_publisher/share/data_publisher/package.dsv
-- Installing: /home/airlab/OSEP/install/data_publisher/share/ament_index/resource_index/packages/data_publisher
-- Installing: /home/airlab/OSEP/install/data_publisher/share/data_publisher/cmake/data_publisherConfig.cmake
-- Installing: /home/airlab/OSEP/install/data_publisher/share/data_publisher/cmake/data_publisherConfig-version.cmake
-- Installing: /home/airlab/OSEP/install/data_publisher/share/data_publisher/package.xml
