[0.010s] Invoking command in '/home/airlab/OSEP/build/data_publisher': CMAKE_PREFIX_PATH=${CMAKE_PREFIX_PATH}:/opt/ros/humble /usr/bin/cmake /home/airlab/OSEP/src/data_publisher -DCMAKE_INSTALL_PREFIX=/home/airlab/OSEP/install/data_publisher
[0.019s] -- Found ament_cmake: 1.3.11 (/opt/ros/humble/share/ament_cmake/cmake)
[0.125s] -- Found rclcpp: 16.0.12 (/opt/ros/humble/share/rclcpp/cmake)
[0.147s] -- Found rosidl_generator_c: 3.1.6 (/opt/ros/humble/share/rosidl_generator_c/cmake)
[0.149s] -- Found rosidl_adapter: 3.1.6 (/opt/ros/humble/share/rosidl_adapter/cmake)
[0.153s] -- Found rosidl_generator_cpp: 3.1.6 (/opt/ros/humble/share/rosidl_generator_cpp/cmake)
[0.161s] -- Using all available rosidl_typesupport_c: rosidl_typesupport_fastrtps_c;rosidl_typesupport_introspection_c
[0.170s] -- Using all available rosidl_typesupport_cpp: rosidl_typesupport_fastrtps_cpp;rosidl_typesupport_introspection_cpp
[0.196s] -- Found rmw_implementation_cmake: 6.1.2 (/opt/ros/humble/share/rmw_implementation_cmake/cmake)
[0.197s] -- Found rmw_fastrtps_cpp: 6.2.7 (/opt/ros/humble/share/rmw_fastrtps_cpp/cmake)
[0.275s] -- Using RMW implementation 'rmw_fastrtps_cpp' as default
[0.315s] -- Found sensor_msgs: 4.8.0 (/opt/ros/humble/share/sensor_msgs/cmake)
[0.339s] -- Found pcl_conversions: 2.4.5 (/opt/ros/humble/share/pcl_conversions/cmake)
[0.366s] -- Eigen found (include: /usr/include/eigen3, version: 3.4.0)
[0.389s] -- FLANN found (include: /usr/include, lib: /usr/lib/x86_64-linux-gnu/libflann_cpp.so)
[0.604s] -- OpenNI found (version: 1.5.4.0, include: /usr/include/ni, lib: /usr/lib/libOpenNI.so;libusb::libusb)
[0.608s] -- OpenNI2 found (version: 2.2.0.33, include: /usr/include/openni2, lib: /usr/lib/x86_64-linux-gnu/libOpenNI2.so;libusb::libusb)
[0.723s] -- Eigen found (include: /usr/include/eigen3, version: 3.4.0)
[0.727s] -- OpenNI found (version: 1.5.4.0, include: /usr/include/ni, lib: /usr/lib/libOpenNI.so;libusb::libusb)
[0.731s] -- OpenNI2 found (version: 2.2.0.33, include: /usr/include/openni2, lib: /usr/lib/x86_64-linux-gnu/libOpenNI2.so;libusb::libusb)
[0.837s] -- Found Qhull version 8.0.2
[0.947s] -- OpenNI found (version: 1.5.4.0, include: /usr/include/ni, lib: /usr/lib/libOpenNI.so;libusb::libusb)
[1.073s] -- Found ament_lint_auto: 0.12.12 (/opt/ros/humble/share/ament_lint_auto/cmake)
[1.144s] -- Configuring done
[1.165s] -- Generating done
[1.172s] -- Build files have been written to: /home/airlab/OSEP/build/data_publisher
[1.182s] Invoked command in '/home/airlab/OSEP/build/data_publisher' returned '0': CMAKE_PREFIX_PATH=${CMAKE_PREFIX_PATH}:/opt/ros/humble /usr/bin/cmake /home/airlab/OSEP/src/data_publisher -DCMAKE_INSTALL_PREFIX=/home/airlab/OSEP/install/data_publisher
[1.183s] Invoking command in '/home/airlab/OSEP/build/data_publisher': CMAKE_PREFIX_PATH=${CMAKE_PREFIX_PATH}:/opt/ros/humble /usr/bin/cmake --build /home/airlab/OSEP/build/data_publisher -- -j8 -l8
[1.218s] [ 50%] [32mBuilding CXX object CMakeFiles/data_publisher.dir/src/pub_node.cpp.o[0m
[6.855s] [100%] [32m[1mLinking CXX executable data_publisher[0m
[7.258s] [100%] Built target data_publisher
[7.266s] Invoked command in '/home/airlab/OSEP/build/data_publisher' returned '0': CMAKE_PREFIX_PATH=${CMAKE_PREFIX_PATH}:/opt/ros/humble /usr/bin/cmake --build /home/airlab/OSEP/build/data_publisher -- -j8 -l8
[7.267s] Invoking command in '/home/airlab/OSEP/build/data_publisher': CMAKE_PREFIX_PATH=${CMAKE_PREFIX_PATH}:/opt/ros/humble /usr/bin/cmake --install /home/airlab/OSEP/build/data_publisher
[7.272s] -- Install configuration: ""
[7.273s] -- Installing: /home/airlab/OSEP/install/data_publisher/lib/data_publisher/data_publisher
[7.273s] -- Set runtime path of "/home/airlab/OSEP/install/data_publisher/lib/data_publisher/data_publisher" to ""
[7.273s] -- Installing: /home/airlab/OSEP/install/data_publisher/share/ament_index/resource_index/package_run_dependencies/data_publisher
[7.274s] -- Installing: /home/airlab/OSEP/install/data_publisher/share/ament_index/resource_index/parent_prefix_path/data_publisher
[7.274s] -- Installing: /home/airlab/OSEP/install/data_publisher/share/data_publisher/environment/ament_prefix_path.sh
[7.274s] -- Installing: /home/airlab/OSEP/install/data_publisher/share/data_publisher/environment/ament_prefix_path.dsv
[7.274s] -- Installing: /home/airlab/OSEP/install/data_publisher/share/data_publisher/environment/path.sh
[7.274s] -- Installing: /home/airlab/OSEP/install/data_publisher/share/data_publisher/environment/path.dsv
[7.274s] -- Installing: /home/airlab/OSEP/install/data_publisher/share/data_publisher/local_setup.bash
[7.274s] -- Installing: /home/airlab/OSEP/install/data_publisher/share/data_publisher/local_setup.sh
[7.274s] -- Installing: /home/airlab/OSEP/install/data_publisher/share/data_publisher/local_setup.zsh
[7.274s] -- Installing: /home/airlab/OSEP/install/data_publisher/share/data_publisher/local_setup.dsv
[7.274s] -- Installing: /home/airlab/OSEP/install/data_publisher/share/data_publisher/package.dsv
[7.274s] -- Installing: /home/airlab/OSEP/install/data_publisher/share/ament_index/resource_index/packages/data_publisher
[7.275s] -- Installing: /home/airlab/OSEP/install/data_publisher/share/data_publisher/cmake/data_publisherConfig.cmake
[7.275s] -- Installing: /home/airlab/OSEP/install/data_publisher/share/data_publisher/cmake/data_publisherConfig-version.cmake
[7.275s] -- Installing: /home/airlab/OSEP/install/data_publisher/share/data_publisher/package.xml
[7.276s] Invoked command in '/home/airlab/OSEP/build/data_publisher' returned '0': CMAKE_PREFIX_PATH=${CMAKE_PREFIX_PATH}:/opt/ros/humble /usr/bin/cmake --install /home/airlab/OSEP/build/data_publisher
