[0.012s] Invoking command in '/home/bhj/OSEP/build/data_publisher': CMAKE_PREFIX_PATH=/opt/ros/humble /usr/bin/cmake --build /home/bhj/OSEP/build/data_publisher -- -j12 -l12
[0.053s] [35m[1mConsolidate compiler generated dependencies of target data_publisher[0m
[0.078s] [100%] Built target data_publisher
[0.086s] Invoked command in '/home/bhj/OSEP/build/data_publisher' returned '0': CMAKE_PREFIX_PATH=/opt/ros/humble /usr/bin/cmake --build /home/bhj/OSEP/build/data_publisher -- -j12 -l12
[0.095s] Invoking command in '/home/bhj/OSEP/build/data_publisher': CMAKE_PREFIX_PATH=/opt/ros/humble /usr/bin/cmake --install /home/bhj/OSEP/build/data_publisher
[0.101s] -- Install configuration: ""
[0.101s] -- Up-to-date: /home/bhj/OSEP/install/data_publisher/lib/data_publisher/data_publisher
[0.101s] -- Up-to-date: /home/bhj/OSEP/install/data_publisher/share/ament_index/resource_index/package_run_dependencies/data_publisher
[0.101s] -- Up-to-date: /home/bhj/OSEP/install/data_publisher/share/ament_index/resource_index/parent_prefix_path/data_publisher
[0.101s] -- Up-to-date: /home/bhj/OSEP/install/data_publisher/share/data_publisher/environment/ament_prefix_path.sh
[0.101s] -- Up-to-date: /home/bhj/OSEP/install/data_publisher/share/data_publisher/environment/ament_prefix_path.dsv
[0.101s] -- Up-to-date: /home/bhj/OSEP/install/data_publisher/share/data_publisher/environment/path.sh
[0.101s] -- Up-to-date: /home/bhj/OSEP/install/data_publisher/share/data_publisher/environment/path.dsv
[0.101s] -- Up-to-date: /home/bhj/OSEP/install/data_publisher/share/data_publisher/local_setup.bash
[0.102s] -- Up-to-date: /home/bhj/OSEP/install/data_publisher/share/data_publisher/local_setup.sh
[0.102s] -- Up-to-date: /home/bhj/OSEP/install/data_publisher/share/data_publisher/local_setup.zsh
[0.102s] -- Up-to-date: /home/bhj/OSEP/install/data_publisher/share/data_publisher/local_setup.dsv
[0.102s] -- Installing: /home/bhj/OSEP/install/data_publisher/share/data_publisher/package.dsv
[0.102s] -- Up-to-date: /home/bhj/OSEP/install/data_publisher/share/ament_index/resource_index/packages/data_publisher
[0.102s] -- Up-to-date: /home/bhj/OSEP/install/data_publisher/share/data_publisher/cmake/data_publisherConfig.cmake
[0.102s] -- Up-to-date: /home/bhj/OSEP/install/data_publisher/share/data_publisher/cmake/data_publisherConfig-version.cmake
[0.102s] -- Up-to-date: /home/bhj/OSEP/install/data_publisher/share/data_publisher/package.xml
[0.103s] Invoked command in '/home/bhj/OSEP/build/data_publisher' returned '0': CMAKE_PREFIX_PATH=/opt/ros/humble /usr/bin/cmake --install /home/bhj/OSEP/build/data_publisher
