[0.144s] DEBUG:colcon:Command line arguments: ['/usr/bin/colcon', 'build']
[0.144s] DEBUG:colcon:Parsed command line arguments: Namespace(log_base=None, log_level=None, verb_name='build', build_base='build', install_base='install', merge_install=False, symlink_install=False, test_result_base=None, continue_on_error=False, executor='parallel', parallel_workers=12, event_handlers=None, ignore_user_meta=False, metas=['./colcon.meta'], base_paths=['.'], packages_ignore=None, packages_ignore_regex=None, paths=None, packages_up_to=None, packages_up_to_regex=None, packages_above=None, packages_above_and_dependencies=None, packages_above_depth=None, packages_select_by_dep=None, packages_skip_by_dep=None, packages_skip_up_to=None, packages_select_build_failed=False, packages_skip_build_finished=False, packages_select_test_failures=False, packages_skip_test_passed=False, packages_select=None, packages_skip=None, packages_select_regex=None, packages_skip_regex=None, packages_start=None, packages_end=None, allow_overriding=[], cmake_args=None, cmake_target=None, cmake_target_skip_unavailable=False, cmake_clean_cache=False, cmake_clean_first=False, cmake_force_configure=False, ament_cmake_args=None, catkin_cmake_args=None, catkin_skip_building_tests=False, verb_parser=<colcon_defaults.argument_parser.defaults.DefaultArgumentsDecorator object at 0x77c9f854edd0>, verb_extension=<colcon_core.verb.build.BuildVerb object at 0x77c9f854e4a0>, main=<bound method BuildVerb.main of <colcon_core.verb.build.BuildVerb object at 0x77c9f854e4a0>>)
[0.387s] Level 1:colcon.colcon_core.package_discovery:discover_packages(colcon_meta) check parameters
[0.387s] Level 1:colcon.colcon_core.package_discovery:discover_packages(recursive) check parameters
[0.387s] Level 1:colcon.colcon_core.package_discovery:discover_packages(ignore) check parameters
[0.387s] Level 1:colcon.colcon_core.package_discovery:discover_packages(path) check parameters
[0.387s] Level 1:colcon.colcon_core.package_discovery:discover_packages(colcon_meta) discover
[0.387s] Level 1:colcon.colcon_core.package_discovery:discover_packages(recursive) discover
[0.387s] INFO:colcon.colcon_core.package_discovery:Crawling recursively for packages in '/home/bhj/OSEP'
[0.387s] Level 1:colcon.colcon_core.package_identification:_identify(.) by extensions ['ignore', 'ignore_ament_install']
[0.387s] Level 1:colcon.colcon_core.package_identification:_identify(.) by extension 'ignore'
[0.387s] Level 1:colcon.colcon_core.package_identification:_identify(.) by extension 'ignore_ament_install'
[0.387s] Level 1:colcon.colcon_core.package_identification:_identify(.) by extensions ['colcon_pkg']
[0.387s] Level 1:colcon.colcon_core.package_identification:_identify(.) by extension 'colcon_pkg'
[0.387s] Level 1:colcon.colcon_core.package_identification:_identify(.) by extensions ['colcon_meta']
[0.388s] Level 1:colcon.colcon_core.package_identification:_identify(.) by extension 'colcon_meta'
[0.388s] Level 1:colcon.colcon_core.package_identification:_identify(.) by extensions ['ros']
[0.388s] Level 1:colcon.colcon_core.package_identification:_identify(.) by extension 'ros'
[0.400s] Level 1:colcon.colcon_core.package_identification:_identify(.) by extensions ['cmake', 'python']
[0.401s] Level 1:colcon.colcon_core.package_identification:_identify(.) by extension 'cmake'
[0.401s] Level 1:colcon.colcon_core.package_identification:_identify(.) by extension 'python'
[0.401s] Level 1:colcon.colcon_core.package_identification:_identify(.) by extensions ['python_setup_py']
[0.401s] Level 1:colcon.colcon_core.package_identification:_identify(.) by extension 'python_setup_py'
[0.401s] Level 1:colcon.colcon_core.package_identification:_identify(build) by extensions ['ignore', 'ignore_ament_install']
[0.401s] Level 1:colcon.colcon_core.package_identification:_identify(build) by extension 'ignore'
[0.401s] Level 1:colcon.colcon_core.package_identification:_identify(build) ignored
[0.401s] Level 1:colcon.colcon_core.package_identification:_identify(install) by extensions ['ignore', 'ignore_ament_install']
[0.401s] Level 1:colcon.colcon_core.package_identification:_identify(install) by extension 'ignore'
[0.401s] Level 1:colcon.colcon_core.package_identification:_identify(install) ignored
[0.402s] Level 1:colcon.colcon_core.package_identification:_identify(log) by extensions ['ignore', 'ignore_ament_install']
[0.402s] Level 1:colcon.colcon_core.package_identification:_identify(log) by extension 'ignore'
[0.402s] Level 1:colcon.colcon_core.package_identification:_identify(log) ignored
[0.402s] Level 1:colcon.colcon_core.package_identification:_identify(src) by extensions ['ignore', 'ignore_ament_install']
[0.402s] Level 1:colcon.colcon_core.package_identification:_identify(src) by extension 'ignore'
[0.402s] Level 1:colcon.colcon_core.package_identification:_identify(src) by extension 'ignore_ament_install'
[0.402s] Level 1:colcon.colcon_core.package_identification:_identify(src) by extensions ['colcon_pkg']
[0.402s] Level 1:colcon.colcon_core.package_identification:_identify(src) by extension 'colcon_pkg'
[0.402s] Level 1:colcon.colcon_core.package_identification:_identify(src) by extensions ['colcon_meta']
[0.402s] Level 1:colcon.colcon_core.package_identification:_identify(src) by extension 'colcon_meta'
[0.402s] Level 1:colcon.colcon_core.package_identification:_identify(src) by extensions ['ros']
[0.402s] Level 1:colcon.colcon_core.package_identification:_identify(src) by extension 'ros'
[0.402s] Level 1:colcon.colcon_core.package_identification:_identify(src) by extensions ['cmake', 'python']
[0.403s] Level 1:colcon.colcon_core.package_identification:_identify(src) by extension 'cmake'
[0.403s] Level 1:colcon.colcon_core.package_identification:_identify(src) by extension 'python'
[0.403s] Level 1:colcon.colcon_core.package_identification:_identify(src) by extensions ['python_setup_py']
[0.403s] Level 1:colcon.colcon_core.package_identification:_identify(src) by extension 'python_setup_py'
[0.403s] Level 1:colcon.colcon_core.package_identification:_identify(src/data_publisher) by extensions ['ignore', 'ignore_ament_install']
[0.403s] Level 1:colcon.colcon_core.package_identification:_identify(src/data_publisher) by extension 'ignore'
[0.403s] Level 1:colcon.colcon_core.package_identification:_identify(src/data_publisher) by extension 'ignore_ament_install'
[0.403s] Level 1:colcon.colcon_core.package_identification:_identify(src/data_publisher) by extensions ['colcon_pkg']
[0.403s] Level 1:colcon.colcon_core.package_identification:_identify(src/data_publisher) by extension 'colcon_pkg'
[0.403s] Level 1:colcon.colcon_core.package_identification:_identify(src/data_publisher) by extensions ['colcon_meta']
[0.403s] Level 1:colcon.colcon_core.package_identification:_identify(src/data_publisher) by extension 'colcon_meta'
[0.403s] Level 1:colcon.colcon_core.package_identification:_identify(src/data_publisher) by extensions ['ros']
[0.403s] Level 1:colcon.colcon_core.package_identification:_identify(src/data_publisher) by extension 'ros'
[0.407s] DEBUG:colcon.colcon_core.package_identification:Package 'src/data_publisher' with type 'ros.ament_cmake' and name 'data_publisher'
[0.407s] Level 1:colcon.colcon_core.package_identification:_identify(src/path_planning) by extensions ['ignore', 'ignore_ament_install']
[0.407s] Level 1:colcon.colcon_core.package_identification:_identify(src/path_planning) by extension 'ignore'
[0.407s] Level 1:colcon.colcon_core.package_identification:_identify(src/path_planning) by extension 'ignore_ament_install'
[0.407s] Level 1:colcon.colcon_core.package_identification:_identify(src/path_planning) by extensions ['colcon_pkg']
[0.407s] Level 1:colcon.colcon_core.package_identification:_identify(src/path_planning) by extension 'colcon_pkg'
[0.407s] Level 1:colcon.colcon_core.package_identification:_identify(src/path_planning) by extensions ['colcon_meta']
[0.407s] Level 1:colcon.colcon_core.package_identification:_identify(src/path_planning) by extension 'colcon_meta'
[0.407s] Level 1:colcon.colcon_core.package_identification:_identify(src/path_planning) by extensions ['ros']
[0.407s] Level 1:colcon.colcon_core.package_identification:_identify(src/path_planning) by extension 'ros'
[0.408s] Level 1:colcon.colcon_core.package_identification:_identify(src/path_planning) by extensions ['cmake', 'python']
[0.408s] Level 1:colcon.colcon_core.package_identification:_identify(src/path_planning) by extension 'cmake'
[0.408s] Level 1:colcon.colcon_core.package_identification:_identify(src/path_planning) by extension 'python'
[0.408s] Level 1:colcon.colcon_core.package_identification:_identify(src/path_planning) by extensions ['python_setup_py']
[0.408s] Level 1:colcon.colcon_core.package_identification:_identify(src/path_planning) by extension 'python_setup_py'
[0.408s] Level 1:colcon.colcon_core.package_identification:_identify(src/path_planning/src) by extensions ['ignore', 'ignore_ament_install']
[0.408s] Level 1:colcon.colcon_core.package_identification:_identify(src/path_planning/src) by extension 'ignore'
[0.408s] Level 1:colcon.colcon_core.package_identification:_identify(src/path_planning/src) by extension 'ignore_ament_install'
[0.408s] Level 1:colcon.colcon_core.package_identification:_identify(src/path_planning/src) by extensions ['colcon_pkg']
[0.408s] Level 1:colcon.colcon_core.package_identification:_identify(src/path_planning/src) by extension 'colcon_pkg'
[0.408s] Level 1:colcon.colcon_core.package_identification:_identify(src/path_planning/src) by extensions ['colcon_meta']
[0.408s] Level 1:colcon.colcon_core.package_identification:_identify(src/path_planning/src) by extension 'colcon_meta'
[0.408s] Level 1:colcon.colcon_core.package_identification:_identify(src/path_planning/src) by extensions ['ros']
[0.408s] Level 1:colcon.colcon_core.package_identification:_identify(src/path_planning/src) by extension 'ros'
[0.409s] Level 1:colcon.colcon_core.package_identification:_identify(src/path_planning/src) by extensions ['cmake', 'python']
[0.409s] Level 1:colcon.colcon_core.package_identification:_identify(src/path_planning/src) by extension 'cmake'
[0.409s] Level 1:colcon.colcon_core.package_identification:_identify(src/path_planning/src) by extension 'python'
[0.409s] Level 1:colcon.colcon_core.package_identification:_identify(src/path_planning/src) by extensions ['python_setup_py']
[0.409s] Level 1:colcon.colcon_core.package_identification:_identify(src/path_planning/src) by extension 'python_setup_py'
[0.409s] Level 1:colcon.colcon_core.package_identification:_identify(src/skel_extract) by extensions ['ignore', 'ignore_ament_install']
[0.409s] Level 1:colcon.colcon_core.package_identification:_identify(src/skel_extract) by extension 'ignore'
[0.409s] Level 1:colcon.colcon_core.package_identification:_identify(src/skel_extract) by extension 'ignore_ament_install'
[0.409s] Level 1:colcon.colcon_core.package_identification:_identify(src/skel_extract) by extensions ['colcon_pkg']
[0.409s] Level 1:colcon.colcon_core.package_identification:_identify(src/skel_extract) by extension 'colcon_pkg'
[0.409s] Level 1:colcon.colcon_core.package_identification:_identify(src/skel_extract) by extensions ['colcon_meta']
[0.409s] Level 1:colcon.colcon_core.package_identification:_identify(src/skel_extract) by extension 'colcon_meta'
[0.409s] Level 1:colcon.colcon_core.package_identification:_identify(src/skel_extract) by extensions ['ros']
[0.409s] Level 1:colcon.colcon_core.package_identification:_identify(src/skel_extract) by extension 'ros'
[0.410s] DEBUG:colcon.colcon_core.package_identification:Package 'src/skel_extract' with type 'ros.ament_cmake' and name 'skel_extract'
[0.410s] Level 1:colcon.colcon_core.package_discovery:discover_packages(recursive) using defaults
[0.411s] Level 1:colcon.colcon_core.package_discovery:discover_packages(ignore) discover
[0.411s] Level 1:colcon.colcon_core.package_discovery:discover_packages(ignore) using defaults
[0.411s] Level 1:colcon.colcon_core.package_discovery:discover_packages(path) discover
[0.411s] Level 1:colcon.colcon_core.package_discovery:discover_packages(path) using defaults
[0.440s] Level 1:colcon.colcon_core.package_discovery:discover_packages(prefix_path) check parameters
[0.440s] Level 1:colcon.colcon_core.package_discovery:discover_packages(prefix_path) discover
[0.442s] DEBUG:colcon.colcon_installed_package_information.package_discovery:Found 271 installed packages in /opt/ros/humble
[0.458s] Level 1:colcon.colcon_core.package_discovery:discover_packages(prefix_path) using defaults
[0.507s] Level 5:colcon.colcon_core.verb:set package 'data_publisher' build argument 'cmake_args' from command line to 'None'
[0.507s] Level 5:colcon.colcon_core.verb:set package 'data_publisher' build argument 'cmake_target' from command line to 'None'
[0.507s] Level 5:colcon.colcon_core.verb:set package 'data_publisher' build argument 'cmake_target_skip_unavailable' from command line to 'False'
[0.507s] Level 5:colcon.colcon_core.verb:set package 'data_publisher' build argument 'cmake_clean_cache' from command line to 'False'
[0.507s] Level 5:colcon.colcon_core.verb:set package 'data_publisher' build argument 'cmake_clean_first' from command line to 'False'
[0.507s] Level 5:colcon.colcon_core.verb:set package 'data_publisher' build argument 'cmake_force_configure' from command line to 'False'
[0.507s] Level 5:colcon.colcon_core.verb:set package 'data_publisher' build argument 'ament_cmake_args' from command line to 'None'
[0.507s] Level 5:colcon.colcon_core.verb:set package 'data_publisher' build argument 'catkin_cmake_args' from command line to 'None'
[0.507s] Level 5:colcon.colcon_core.verb:set package 'data_publisher' build argument 'catkin_skip_building_tests' from command line to 'False'
[0.507s] DEBUG:colcon.colcon_core.verb:Building package 'data_publisher' with the following arguments: {'ament_cmake_args': None, 'build_base': '/home/bhj/OSEP/build/data_publisher', 'catkin_cmake_args': None, 'catkin_skip_building_tests': False, 'cmake_args': None, 'cmake_clean_cache': False, 'cmake_clean_first': False, 'cmake_force_configure': False, 'cmake_target': None, 'cmake_target_skip_unavailable': False, 'install_base': '/home/bhj/OSEP/install/data_publisher', 'merge_install': False, 'path': '/home/bhj/OSEP/src/data_publisher', 'symlink_install': False, 'test_result_base': None}
[0.508s] Level 5:colcon.colcon_core.verb:set package 'skel_extract' build argument 'cmake_args' from command line to 'None'
[0.508s] Level 5:colcon.colcon_core.verb:set package 'skel_extract' build argument 'cmake_target' from command line to 'None'
[0.508s] Level 5:colcon.colcon_core.verb:set package 'skel_extract' build argument 'cmake_target_skip_unavailable' from command line to 'False'
[0.508s] Level 5:colcon.colcon_core.verb:set package 'skel_extract' build argument 'cmake_clean_cache' from command line to 'False'
[0.508s] Level 5:colcon.colcon_core.verb:set package 'skel_extract' build argument 'cmake_clean_first' from command line to 'False'
[0.508s] Level 5:colcon.colcon_core.verb:set package 'skel_extract' build argument 'cmake_force_configure' from command line to 'False'
[0.508s] Level 5:colcon.colcon_core.verb:set package 'skel_extract' build argument 'ament_cmake_args' from command line to 'None'
[0.508s] Level 5:colcon.colcon_core.verb:set package 'skel_extract' build argument 'catkin_cmake_args' from command line to 'None'
[0.508s] Level 5:colcon.colcon_core.verb:set package 'skel_extract' build argument 'catkin_skip_building_tests' from command line to 'False'
[0.508s] DEBUG:colcon.colcon_core.verb:Building package 'skel_extract' with the following arguments: {'ament_cmake_args': None, 'build_base': '/home/bhj/OSEP/build/skel_extract', 'catkin_cmake_args': None, 'catkin_skip_building_tests': False, 'cmake_args': None, 'cmake_clean_cache': False, 'cmake_clean_first': False, 'cmake_force_configure': False, 'cmake_target': None, 'cmake_target_skip_unavailable': False, 'install_base': '/home/bhj/OSEP/install/skel_extract', 'merge_install': False, 'path': '/home/bhj/OSEP/src/skel_extract', 'symlink_install': False, 'test_result_base': None}
[0.508s] INFO:colcon.colcon_core.executor:Executing jobs using 'parallel' executor
[0.509s] DEBUG:colcon.colcon_parallel_executor.executor.parallel:run_until_complete
[0.510s] INFO:colcon.colcon_ros.task.ament_cmake.build:Building ROS package in '/home/bhj/OSEP/src/data_publisher' with build type 'ament_cmake'
[0.510s] INFO:colcon.colcon_cmake.task.cmake.build:Building CMake package in '/home/bhj/OSEP/src/data_publisher'
[0.513s] INFO:colcon.colcon_core.plugin_system:Skipping extension 'colcon_core.shell.bat': Not used on non-Windows systems
[0.513s] INFO:colcon.colcon_core.shell:Skip shell extension 'powershell' for command environment: Not usable outside of PowerShell
[0.513s] DEBUG:colcon.colcon_core.shell:Skip shell extension 'dsv' for command environment
[0.517s] INFO:colcon.colcon_ros.task.ament_cmake.build:Building ROS package in '/home/bhj/OSEP/src/skel_extract' with build type 'ament_cmake'
[0.517s] INFO:colcon.colcon_cmake.task.cmake.build:Building CMake package in '/home/bhj/OSEP/src/skel_extract'
[0.518s] INFO:colcon.colcon_core.shell:Skip shell extension 'powershell' for command environment: Not usable outside of PowerShell
[0.518s] DEBUG:colcon.colcon_core.shell:Skip shell extension 'dsv' for command environment
[0.522s] DEBUG:colcon.colcon_core.event_handler.log_command:Invoking command in '/home/bhj/OSEP/build/data_publisher': CMAKE_PREFIX_PATH=/opt/ros/humble /usr/bin/cmake /home/bhj/OSEP/src/data_publisher -DCMAKE_INSTALL_PREFIX=/home/bhj/OSEP/install/data_publisher
[0.526s] DEBUG:colcon.colcon_core.event_handler.log_command:Invoking command in '/home/bhj/OSEP/build/skel_extract': CMAKE_PREFIX_PATH=/opt/ros/humble /usr/bin/cmake /home/bhj/OSEP/src/skel_extract -DCMAKE_INSTALL_PREFIX=/home/bhj/OSEP/install/skel_extract
[4.546s] DEBUG:colcon.colcon_core.event_handler.log_command:Invoked command in '/home/bhj/OSEP/build/skel_extract' returned '0': CMAKE_PREFIX_PATH=/opt/ros/humble /usr/bin/cmake /home/bhj/OSEP/src/skel_extract -DCMAKE_INSTALL_PREFIX=/home/bhj/OSEP/install/skel_extract
[4.547s] DEBUG:colcon.colcon_core.event_handler.log_command:Invoking command in '/home/bhj/OSEP/build/skel_extract': CMAKE_PREFIX_PATH=/opt/ros/humble /usr/bin/cmake --build /home/bhj/OSEP/build/skel_extract -- -j12 -l12
[4.549s] DEBUG:colcon.colcon_core.event_handler.log_command:Invoked command in '/home/bhj/OSEP/build/data_publisher' returned '0': CMAKE_PREFIX_PATH=/opt/ros/humble /usr/bin/cmake /home/bhj/OSEP/src/data_publisher -DCMAKE_INSTALL_PREFIX=/home/bhj/OSEP/install/data_publisher
[4.551s] DEBUG:colcon.colcon_core.event_handler.log_command:Invoking command in '/home/bhj/OSEP/build/data_publisher': CMAKE_PREFIX_PATH=/opt/ros/humble /usr/bin/cmake --build /home/bhj/OSEP/build/data_publisher -- -j12 -l12
[13.236s] DEBUG:colcon.colcon_core.event_handler.log_command:Invoked command in '/home/bhj/OSEP/build/skel_extract' returned '0': CMAKE_PREFIX_PATH=/opt/ros/humble /usr/bin/cmake --build /home/bhj/OSEP/build/skel_extract -- -j12 -l12
[13.248s] DEBUG:colcon.colcon_core.event_handler.log_command:Invoking command in '/home/bhj/OSEP/build/skel_extract': CMAKE_PREFIX_PATH=/opt/ros/humble /usr/bin/cmake --install /home/bhj/OSEP/build/skel_extract
[13.258s] Level 1:colcon.colcon_core.environment:create_environment_scripts_only(skel_extract)
[13.258s] DEBUG:colcon.colcon_core.event_handler.log_command:Invoked command in '/home/bhj/OSEP/build/skel_extract' returned '0': CMAKE_PREFIX_PATH=/opt/ros/humble /usr/bin/cmake --install /home/bhj/OSEP/build/skel_extract
[13.261s] Level 1:colcon.colcon_core.environment:checking '/home/bhj/OSEP/install/skel_extract' for CMake module files
[13.262s] Level 1:colcon.colcon_core.environment:checking '/home/bhj/OSEP/install/skel_extract' for CMake config files
[13.262s] Level 1:colcon.colcon_core.shell:create_environment_hook('skel_extract', 'cmake_prefix_path')
[13.263s] INFO:colcon.colcon_core.shell:Creating environment hook '/home/bhj/OSEP/install/skel_extract/share/skel_extract/hook/cmake_prefix_path.ps1'
[13.264s] INFO:colcon.colcon_core.shell:Creating environment descriptor '/home/bhj/OSEP/install/skel_extract/share/skel_extract/hook/cmake_prefix_path.dsv'
[13.264s] INFO:colcon.colcon_core.shell:Creating environment hook '/home/bhj/OSEP/install/skel_extract/share/skel_extract/hook/cmake_prefix_path.sh'
[13.265s] Level 1:colcon.colcon_core.environment:checking '/home/bhj/OSEP/install/skel_extract/lib'
[13.266s] Level 1:colcon.colcon_core.environment:checking '/home/bhj/OSEP/install/skel_extract/bin'
[13.266s] Level 1:colcon.colcon_core.environment:checking '/home/bhj/OSEP/install/skel_extract/lib/pkgconfig/skel_extract.pc'
[13.266s] Level 1:colcon.colcon_core.environment:checking '/home/bhj/OSEP/install/skel_extract/lib/python3.10/site-packages'
[13.266s] Level 1:colcon.colcon_core.environment:checking '/home/bhj/OSEP/install/skel_extract/bin'
[13.267s] INFO:colcon.colcon_core.shell:Creating package script '/home/bhj/OSEP/install/skel_extract/share/skel_extract/package.ps1'
[13.268s] INFO:colcon.colcon_core.shell:Creating package descriptor '/home/bhj/OSEP/install/skel_extract/share/skel_extract/package.dsv'
[13.269s] INFO:colcon.colcon_core.shell:Creating package script '/home/bhj/OSEP/install/skel_extract/share/skel_extract/package.sh'
[13.270s] INFO:colcon.colcon_core.shell:Creating package script '/home/bhj/OSEP/install/skel_extract/share/skel_extract/package.bash'
[13.271s] INFO:colcon.colcon_core.shell:Creating package script '/home/bhj/OSEP/install/skel_extract/share/skel_extract/package.zsh'
[13.272s] Level 1:colcon.colcon_core.environment:create_file_with_runtime_dependencies(/home/bhj/OSEP/install/skel_extract/share/colcon-core/packages/skel_extract)
[13.273s] Level 1:colcon.colcon_core.environment:create_environment_scripts_only(skel_extract)
[13.273s] Level 1:colcon.colcon_core.environment:checking '/home/bhj/OSEP/install/skel_extract' for CMake module files
[13.274s] Level 1:colcon.colcon_core.environment:checking '/home/bhj/OSEP/install/skel_extract' for CMake config files
[13.274s] Level 1:colcon.colcon_core.shell:create_environment_hook('skel_extract', 'cmake_prefix_path')
[13.275s] INFO:colcon.colcon_core.shell:Creating environment hook '/home/bhj/OSEP/install/skel_extract/share/skel_extract/hook/cmake_prefix_path.ps1'
[13.275s] INFO:colcon.colcon_core.shell:Creating environment descriptor '/home/bhj/OSEP/install/skel_extract/share/skel_extract/hook/cmake_prefix_path.dsv'
[13.276s] INFO:colcon.colcon_core.shell:Creating environment hook '/home/bhj/OSEP/install/skel_extract/share/skel_extract/hook/cmake_prefix_path.sh'
[13.276s] Level 1:colcon.colcon_core.environment:checking '/home/bhj/OSEP/install/skel_extract/lib'
[13.276s] Level 1:colcon.colcon_core.environment:checking '/home/bhj/OSEP/install/skel_extract/bin'
[13.277s] Level 1:colcon.colcon_core.environment:checking '/home/bhj/OSEP/install/skel_extract/lib/pkgconfig/skel_extract.pc'
[13.277s] Level 1:colcon.colcon_core.environment:checking '/home/bhj/OSEP/install/skel_extract/lib/python3.10/site-packages'
[13.277s] Level 1:colcon.colcon_core.environment:checking '/home/bhj/OSEP/install/skel_extract/bin'
[13.278s] INFO:colcon.colcon_core.shell:Creating package script '/home/bhj/OSEP/install/skel_extract/share/skel_extract/package.ps1'
[13.278s] INFO:colcon.colcon_core.shell:Creating package descriptor '/home/bhj/OSEP/install/skel_extract/share/skel_extract/package.dsv'
[13.279s] INFO:colcon.colcon_core.shell:Creating package script '/home/bhj/OSEP/install/skel_extract/share/skel_extract/package.sh'
[13.280s] INFO:colcon.colcon_core.shell:Creating package script '/home/bhj/OSEP/install/skel_extract/share/skel_extract/package.bash'
[13.280s] INFO:colcon.colcon_core.shell:Creating package script '/home/bhj/OSEP/install/skel_extract/share/skel_extract/package.zsh'
[13.281s] Level 1:colcon.colcon_core.environment:create_file_with_runtime_dependencies(/home/bhj/OSEP/install/skel_extract/share/colcon-core/packages/skel_extract)
[14.708s] DEBUG:colcon.colcon_core.event_handler.log_command:Invoked command in '/home/bhj/OSEP/build/data_publisher' returned '0': CMAKE_PREFIX_PATH=/opt/ros/humble /usr/bin/cmake --build /home/bhj/OSEP/build/data_publisher -- -j12 -l12
[14.709s] DEBUG:colcon.colcon_core.event_handler.log_command:Invoking command in '/home/bhj/OSEP/build/data_publisher': CMAKE_PREFIX_PATH=/opt/ros/humble /usr/bin/cmake --install /home/bhj/OSEP/build/data_publisher
[14.719s] Level 1:colcon.colcon_core.environment:create_environment_scripts_only(data_publisher)
[14.719s] Level 1:colcon.colcon_core.environment:checking '/home/bhj/OSEP/install/data_publisher' for CMake module files
[14.719s] DEBUG:colcon.colcon_core.event_handler.log_command:Invoked command in '/home/bhj/OSEP/build/data_publisher' returned '0': CMAKE_PREFIX_PATH=/opt/ros/humble /usr/bin/cmake --install /home/bhj/OSEP/build/data_publisher
[14.720s] Level 1:colcon.colcon_core.environment:checking '/home/bhj/OSEP/install/data_publisher' for CMake config files
[14.720s] Level 1:colcon.colcon_core.shell:create_environment_hook('data_publisher', 'cmake_prefix_path')
[14.720s] INFO:colcon.colcon_core.shell:Creating environment hook '/home/bhj/OSEP/install/data_publisher/share/data_publisher/hook/cmake_prefix_path.ps1'
[14.721s] INFO:colcon.colcon_core.shell:Creating environment descriptor '/home/bhj/OSEP/install/data_publisher/share/data_publisher/hook/cmake_prefix_path.dsv'
[14.721s] INFO:colcon.colcon_core.shell:Creating environment hook '/home/bhj/OSEP/install/data_publisher/share/data_publisher/hook/cmake_prefix_path.sh'
[14.721s] Level 1:colcon.colcon_core.environment:checking '/home/bhj/OSEP/install/data_publisher/lib'
[14.721s] Level 1:colcon.colcon_core.environment:checking '/home/bhj/OSEP/install/data_publisher/bin'
[14.722s] Level 1:colcon.colcon_core.environment:checking '/home/bhj/OSEP/install/data_publisher/lib/pkgconfig/data_publisher.pc'
[14.722s] Level 1:colcon.colcon_core.environment:checking '/home/bhj/OSEP/install/data_publisher/lib/python3.10/site-packages'
[14.722s] Level 1:colcon.colcon_core.environment:checking '/home/bhj/OSEP/install/data_publisher/bin'
[14.722s] INFO:colcon.colcon_core.shell:Creating package script '/home/bhj/OSEP/install/data_publisher/share/data_publisher/package.ps1'
[14.723s] INFO:colcon.colcon_core.shell:Creating package descriptor '/home/bhj/OSEP/install/data_publisher/share/data_publisher/package.dsv'
[14.723s] INFO:colcon.colcon_core.shell:Creating package script '/home/bhj/OSEP/install/data_publisher/share/data_publisher/package.sh'
[14.723s] INFO:colcon.colcon_core.shell:Creating package script '/home/bhj/OSEP/install/data_publisher/share/data_publisher/package.bash'
[14.724s] INFO:colcon.colcon_core.shell:Creating package script '/home/bhj/OSEP/install/data_publisher/share/data_publisher/package.zsh'
[14.724s] Level 1:colcon.colcon_core.environment:create_file_with_runtime_dependencies(/home/bhj/OSEP/install/data_publisher/share/colcon-core/packages/data_publisher)
[14.724s] Level 1:colcon.colcon_core.environment:create_environment_scripts_only(data_publisher)
[14.725s] Level 1:colcon.colcon_core.environment:checking '/home/bhj/OSEP/install/data_publisher' for CMake module files
[14.725s] Level 1:colcon.colcon_core.environment:checking '/home/bhj/OSEP/install/data_publisher' for CMake config files
[14.725s] Level 1:colcon.colcon_core.shell:create_environment_hook('data_publisher', 'cmake_prefix_path')
[14.725s] INFO:colcon.colcon_core.shell:Creating environment hook '/home/bhj/OSEP/install/data_publisher/share/data_publisher/hook/cmake_prefix_path.ps1'
[14.726s] INFO:colcon.colcon_core.shell:Creating environment descriptor '/home/bhj/OSEP/install/data_publisher/share/data_publisher/hook/cmake_prefix_path.dsv'
[14.726s] INFO:colcon.colcon_core.shell:Creating environment hook '/home/bhj/OSEP/install/data_publisher/share/data_publisher/hook/cmake_prefix_path.sh'
[14.727s] Level 1:colcon.colcon_core.environment:checking '/home/bhj/OSEP/install/data_publisher/lib'
[14.727s] Level 1:colcon.colcon_core.environment:checking '/home/bhj/OSEP/install/data_publisher/bin'
[14.727s] Level 1:colcon.colcon_core.environment:checking '/home/bhj/OSEP/install/data_publisher/lib/pkgconfig/data_publisher.pc'
[14.727s] Level 1:colcon.colcon_core.environment:checking '/home/bhj/OSEP/install/data_publisher/lib/python3.10/site-packages'
[14.727s] Level 1:colcon.colcon_core.environment:checking '/home/bhj/OSEP/install/data_publisher/bin'
[14.727s] INFO:colcon.colcon_core.shell:Creating package script '/home/bhj/OSEP/install/data_publisher/share/data_publisher/package.ps1'
[14.728s] INFO:colcon.colcon_core.shell:Creating package descriptor '/home/bhj/OSEP/install/data_publisher/share/data_publisher/package.dsv'
[14.728s] INFO:colcon.colcon_core.shell:Creating package script '/home/bhj/OSEP/install/data_publisher/share/data_publisher/package.sh'
[14.729s] INFO:colcon.colcon_core.shell:Creating package script '/home/bhj/OSEP/install/data_publisher/share/data_publisher/package.bash'
[14.729s] INFO:colcon.colcon_core.shell:Creating package script '/home/bhj/OSEP/install/data_publisher/share/data_publisher/package.zsh'
[14.729s] Level 1:colcon.colcon_core.environment:create_file_with_runtime_dependencies(/home/bhj/OSEP/install/data_publisher/share/colcon-core/packages/data_publisher)
[14.730s] DEBUG:colcon.colcon_parallel_executor.executor.parallel:closing loop
[14.730s] DEBUG:colcon.colcon_parallel_executor.executor.parallel:loop closed
[14.730s] DEBUG:colcon.colcon_parallel_executor.executor.parallel:run_until_complete finished with '0'
[14.730s] DEBUG:colcon.colcon_core.event_reactor:joining thread
[14.734s] INFO:colcon.colcon_core.plugin_system:Skipping extension 'colcon_notification.desktop_notification.terminal_notifier': Not used on non-Darwin systems
[14.735s] INFO:colcon.colcon_core.plugin_system:Skipping extension 'colcon_notification.desktop_notification.win32': Not used on non-Windows systems
[14.735s] INFO:colcon.colcon_notification.desktop_notification:Sending desktop notification using 'notify2'
[14.737s] DEBUG:colcon.colcon_core.event_reactor:joined thread
[14.737s] INFO:colcon.colcon_core.shell:Creating prefix script '/home/bhj/OSEP/install/local_setup.ps1'
[14.738s] INFO:colcon.colcon_core.shell:Creating prefix util module '/home/bhj/OSEP/install/_local_setup_util_ps1.py'
[14.739s] INFO:colcon.colcon_core.shell:Creating prefix chain script '/home/bhj/OSEP/install/setup.ps1'
[14.740s] INFO:colcon.colcon_core.shell:Creating prefix script '/home/bhj/OSEP/install/local_setup.sh'
[14.741s] INFO:colcon.colcon_core.shell:Creating prefix util module '/home/bhj/OSEP/install/_local_setup_util_sh.py'
[14.741s] INFO:colcon.colcon_core.shell:Creating prefix chain script '/home/bhj/OSEP/install/setup.sh'
[14.742s] INFO:colcon.colcon_core.shell:Creating prefix script '/home/bhj/OSEP/install/local_setup.bash'
[14.742s] INFO:colcon.colcon_core.shell:Creating prefix chain script '/home/bhj/OSEP/install/setup.bash'
[14.743s] INFO:colcon.colcon_core.shell:Creating prefix script '/home/bhj/OSEP/install/local_setup.zsh'
[14.744s] INFO:colcon.colcon_core.shell:Creating prefix chain script '/home/bhj/OSEP/install/setup.zsh'
