[0.010s] Invoking command in '/home/airlab/OSEP/build/data_publisher': /usr/bin/cmake /home/airlab/OSEP/src/data_publisher -DCMAKE_INSTALL_PREFIX=/home/airlab/OSEP/install/data_publisher
[0.050s] -- The C compiler identification is GNU 11.4.0
[0.092s] -- The CXX compiler identification is GNU 11.4.0
[0.097s] -- Detecting C compiler ABI info
[0.145s] -- Detecting C compiler ABI info - done
[0.152s] -- Check for working C compiler: /usr/bin/cc - skipped
[0.152s] -- Detecting C compile features
[0.152s] -- Detecting C compile features - done
[0.154s] -- Detecting CXX compiler ABI info
[0.211s] -- Detecting CXX compiler ABI info - done
[0.217s] -- Check for working CXX compiler: /usr/bin/c++ - skipped
[0.218s] -- Detecting CXX compile features
[0.218s] -- Detecting CXX compile features - done
[0.220s] -- Found ament_cmake: 1.3.11 (/opt/ros/humble/share/ament_cmake/cmake)
[0.359s] -- Found Python3: /usr/bin/python3 (found version "3.10.12") found components: Interpreter 
[0.432s] -- Found rclcpp: 16.0.12 (/opt/ros/humble/share/rclcpp/cmake)
[0.462s] -- Found rosidl_generator_c: 3.1.6 (/opt/ros/humble/share/rosidl_generator_c/cmake)
[0.465s] -- Found rosidl_adapter: 3.1.6 (/opt/ros/humble/share/rosidl_adapter/cmake)
[0.471s] -- Found rosidl_generator_cpp: 3.1.6 (/opt/ros/humble/share/rosidl_generator_cpp/cmake)
[0.480s] -- Using all available rosidl_typesupport_c: rosidl_typesupport_fastrtps_c;rosidl_typesupport_introspection_c
[0.492s] -- Using all available rosidl_typesupport_cpp: rosidl_typesupport_fastrtps_cpp;rosidl_typesupport_introspection_cpp
[0.525s] -- Found rmw_implementation_cmake: 6.1.2 (/opt/ros/humble/share/rmw_implementation_cmake/cmake)
[0.526s] -- Found rmw_fastrtps_cpp: 6.2.7 (/opt/ros/humble/share/rmw_fastrtps_cpp/cmake)
[0.589s] -- Found OpenSSL: /usr/lib/x86_64-linux-gnu/libcrypto.so (found version "3.0.2")  
[0.612s] -- Found FastRTPS: /opt/ros/humble/include  
[0.646s] -- Using RMW implementation 'rmw_fastrtps_cpp' as default
[0.652s] -- Looking for pthread.h
[0.706s] -- Looking for pthread.h - found
[0.706s] -- Performing Test CMAKE_HAVE_LIBC_PTHREAD
[0.758s] -- Performing Test CMAKE_HAVE_LIBC_PTHREAD - Success
[0.759s] -- Found Threads: TRUE  
[0.801s] -- Found sensor_msgs: 4.8.0 (/opt/ros/humble/share/sensor_msgs/cmake)
[0.827s] -- Found pcl_conversions: 2.4.5 (/opt/ros/humble/share/pcl_conversions/cmake)
[0.861s] -- Checking for module 'eigen3'
[0.870s] --   Found eigen3, version 3.4.0
[0.892s] -- Found Eigen: /usr/include/eigen3 (Required is at least version "3.1") 
[0.892s] -- Eigen found (include: /usr/include/eigen3, version: 3.4.0)
[0.915s] -- Checking for module 'flann'
[0.924s] --   Found flann, version 1.9.1
[0.948s] -- Found FLANN: /usr/lib/x86_64-linux-gnu/libflann_cpp.so  
[0.948s] -- FLANN found (include: /usr/include, lib: /usr/lib/x86_64-linux-gnu/libflann_cpp.so)
[1.629s] -- Checking for module 'libusb-1.0'
[1.640s] --   Found libusb-1.0, version 1.0.25
[1.664s] -- Found libusb: /usr/lib/x86_64-linux-gnu/libusb-1.0.so  
[1.665s] -- OpenNI found (version: 1.5.4.0, include: /usr/include/ni, lib: /usr/lib/libOpenNI.so;libusb::libusb)
[1.705s] -- OpenNI2 found (version: 2.2.0.33, include: /usr/include/openni2, lib: /usr/lib/x86_64-linux-gnu/libOpenNI2.so;libusb::libusb)
[1.825s] -- Eigen found (include: /usr/include/eigen3, version: 3.4.0)
[1.830s] -- OpenNI found (version: 1.5.4.0, include: /usr/include/ni, lib: /usr/lib/libOpenNI.so;libusb::libusb)
[1.836s] -- OpenNI2 found (version: 2.2.0.33, include: /usr/include/openni2, lib: /usr/lib/x86_64-linux-gnu/libOpenNI2.so;libusb::libusb)
[1.950s] -- Found Qhull version 8.0.2
[2.076s] -- OpenNI found (version: 1.5.4.0, include: /usr/include/ni, lib: /usr/lib/libOpenNI.so;libusb::libusb)
[2.193s] -- Found PCL_COMMON: /usr/lib/x86_64-linux-gnu/libpcl_common.so  
[2.194s] -- Found PCL_KDTREE: /usr/lib/x86_64-linux-gnu/libpcl_kdtree.so  
[2.195s] -- Found PCL_OCTREE: /usr/lib/x86_64-linux-gnu/libpcl_octree.so  
[2.196s] -- Found PCL_SEARCH: /usr/lib/x86_64-linux-gnu/libpcl_search.so  
[2.196s] -- Found PCL_SAMPLE_CONSENSUS: /usr/lib/x86_64-linux-gnu/libpcl_sample_consensus.so  
[2.197s] -- Found PCL_FILTERS: /usr/lib/x86_64-linux-gnu/libpcl_filters.so  
[2.198s] -- Found PCL_2D: /usr/include/pcl-1.12  
[2.198s] -- Found PCL_GEOMETRY: /usr/include/pcl-1.12  
[2.199s] -- Found PCL_IO: /usr/lib/x86_64-linux-gnu/libpcl_io.so  
[2.200s] -- Found PCL_FEATURES: /usr/lib/x86_64-linux-gnu/libpcl_features.so  
[2.200s] -- Found PCL_ML: /usr/lib/x86_64-linux-gnu/libpcl_ml.so  
[2.201s] -- Found PCL_SEGMENTATION: /usr/lib/x86_64-linux-gnu/libpcl_segmentation.so  
[2.202s] -- Found PCL_VISUALIZATION: /usr/lib/x86_64-linux-gnu/libpcl_visualization.so  
[2.203s] -- Found PCL_SURFACE: /usr/lib/x86_64-linux-gnu/libpcl_surface.so  
[2.204s] -- Found PCL_REGISTRATION: /usr/lib/x86_64-linux-gnu/libpcl_registration.so  
[2.205s] -- Found PCL_KEYPOINTS: /usr/lib/x86_64-linux-gnu/libpcl_keypoints.so  
[2.206s] -- Found PCL_TRACKING: /usr/lib/x86_64-linux-gnu/libpcl_tracking.so  
[2.207s] -- Found PCL_RECOGNITION: /usr/lib/x86_64-linux-gnu/libpcl_recognition.so  
[2.208s] -- Found PCL_STEREO: /usr/lib/x86_64-linux-gnu/libpcl_stereo.so  
[2.208s] -- Found PCL_APPS: /usr/lib/x86_64-linux-gnu/libpcl_apps.so  
[2.209s] -- Found PCL_IN_HAND_SCANNER: /usr/include/pcl-1.12  
[2.209s] -- Found PCL_MODELER: /usr/include/pcl-1.12  
[2.210s] -- Found PCL_POINT_CLOUD_EDITOR: /usr/include/pcl-1.12  
[2.210s] -- Found PCL_OUTOFCORE: /usr/lib/x86_64-linux-gnu/libpcl_outofcore.so  
[2.211s] -- Found PCL_PEOPLE: /usr/lib/x86_64-linux-gnu/libpcl_people.so  
[2.226s] -- Found ament_lint_auto: 0.12.12 (/opt/ros/humble/share/ament_lint_auto/cmake)
[2.226s] [0mCMake Error: File /home/airlab/OSEP/src/data_publisher/package.xml does not exist.[0m
[2.226s] [31mCMake Error at /opt/ros/humble/share/ament_cmake_core/cmake/core/stamp.cmake:24 (configure_file):
[2.226s]   configure_file Problem configuring file
[2.226s] Call Stack (most recent call first):
[2.226s]   /opt/ros/humble/share/ament_cmake_core/cmake/core/ament_package_xml.cmake:73 (stamp)
[2.226s]   /opt/ros/humble/share/ament_cmake_core/cmake/core/ament_package_xml.cmake:49 (_ament_package_xml)
[2.226s]   /opt/ros/humble/share/ament_lint_auto/cmake/ament_lint_auto_find_test_dependencies.cmake:31 (ament_package_xml)
[2.226s]   CMakeLists.txt:50 (ament_lint_auto_find_test_dependencies)
[2.226s] 
[2.227s] [0m
[2.227s] [0mCMake Error: File /home/airlab/OSEP/src/data_publisher/package.xml does not exist.[0m
[2.227s] [31mCMake Error at /opt/ros/humble/share/ament_cmake_core/cmake/core/stamp.cmake:24 (configure_file):
[2.227s]   configure_file Problem configuring file
[2.227s] Call Stack (most recent call first):
[2.227s]   /opt/ros/humble/share/ament_cmake_core/cmake/core/ament_package_xml.cmake:73 (stamp)
[2.227s]   /opt/ros/humble/share/ament_cmake_core/cmake/core/ament_package_xml.cmake:49 (_ament_package_xml)
[2.227s]   /opt/ros/humble/share/ament_cmake_core/cmake/core/ament_package.cmake:63 (ament_package_xml)
[2.227s]   CMakeLists.txt:53 (ament_package)
[2.227s] 
[2.227s] [0m
[2.228s] -- Configuring incomplete, errors occurred!
[2.229s] See also "/home/airlab/OSEP/build/data_publisher/CMakeFiles/CMakeOutput.log".
[2.244s] Invoked command in '/home/airlab/OSEP/build/data_publisher' returned '1': /usr/bin/cmake /home/airlab/OSEP/src/data_publisher -DCMAKE_INSTALL_PREFIX=/home/airlab/OSEP/install/data_publisher
