[0.137s] DEBUG:colcon:Command line arguments: ['/usr/bin/colcon', 'build']
[0.137s] DEBUG:colcon:Parsed command line arguments: Namespace(log_base=None, log_level=None, verb_name='build', build_base='build', install_base='install', merge_install=False, symlink_install=False, test_result_base=None, continue_on_error=False, executor='parallel', parallel_workers=12, event_handlers=None, ignore_user_meta=False, metas=['./colcon.meta'], base_paths=['.'], packages_ignore=None, packages_ignore_regex=None, paths=None, packages_up_to=None, packages_up_to_regex=None, packages_above=None, packages_above_and_dependencies=None, packages_above_depth=None, packages_select_by_dep=None, packages_skip_by_dep=None, packages_skip_up_to=None, packages_select_build_failed=False, packages_skip_build_finished=False, packages_select_test_failures=False, packages_skip_test_passed=False, packages_select=None, packages_skip=None, packages_select_regex=None, packages_skip_regex=None, packages_start=None, packages_end=None, allow_overriding=[], cmake_args=None, cmake_target=None, cmake_target_skip_unavailable=False, cmake_clean_cache=False, cmake_clean_first=False, cmake_force_configure=False, ament_cmake_args=None, catkin_cmake_args=None, catkin_skip_building_tests=False, verb_parser=<colcon_defaults.argument_parser.defaults.DefaultArgumentsDecorator object at 0x79506bc46e90>, verb_extension=<colcon_core.verb.build.BuildVerb object at 0x79506bc46560>, main=<bound method BuildVerb.main of <colcon_core.verb.build.BuildVerb object at 0x79506bc46560>>)
[0.348s] Level 1:colcon.colcon_core.package_discovery:discover_packages(colcon_meta) check parameters
[0.348s] Level 1:colcon.colcon_core.package_discovery:discover_packages(recursive) check parameters
[0.348s] Level 1:colcon.colcon_core.package_discovery:discover_packages(ignore) check parameters
[0.348s] Level 1:colcon.colcon_core.package_discovery:discover_packages(path) check parameters
[0.348s] Level 1:colcon.colcon_core.package_discovery:discover_packages(colcon_meta) discover
[0.348s] Level 1:colcon.colcon_core.package_discovery:discover_packages(recursive) discover
[0.348s] INFO:colcon.colcon_core.package_discovery:Crawling recursively for packages in '/home/bhj/OSEP'
[0.348s] Level 1:colcon.colcon_core.package_identification:_identify(.) by extensions ['ignore', 'ignore_ament_install']
[0.348s] Level 1:colcon.colcon_core.package_identification:_identify(.) by extension 'ignore'
[0.348s] Level 1:colcon.colcon_core.package_identification:_identify(.) by extension 'ignore_ament_install'
[0.348s] Level 1:colcon.colcon_core.package_identification:_identify(.) by extensions ['colcon_pkg']
[0.348s] Level 1:colcon.colcon_core.package_identification:_identify(.) by extension 'colcon_pkg'
[0.349s] Level 1:colcon.colcon_core.package_identification:_identify(.) by extensions ['colcon_meta']
[0.349s] Level 1:colcon.colcon_core.package_identification:_identify(.) by extension 'colcon_meta'
[0.349s] Level 1:colcon.colcon_core.package_identification:_identify(.) by extensions ['ros']
[0.349s] Level 1:colcon.colcon_core.package_identification:_identify(.) by extension 'ros'
[0.360s] Level 1:colcon.colcon_core.package_identification:_identify(.) by extensions ['cmake', 'python']
[0.360s] Level 1:colcon.colcon_core.package_identification:_identify(.) by extension 'cmake'
[0.360s] Level 1:colcon.colcon_core.package_identification:_identify(.) by extension 'python'
[0.360s] Level 1:colcon.colcon_core.package_identification:_identify(.) by extensions ['python_setup_py']
[0.360s] Level 1:colcon.colcon_core.package_identification:_identify(.) by extension 'python_setup_py'
[0.361s] Level 1:colcon.colcon_core.package_identification:_identify(build) by extensions ['ignore', 'ignore_ament_install']
[0.361s] Level 1:colcon.colcon_core.package_identification:_identify(build) by extension 'ignore'
[0.361s] Level 1:colcon.colcon_core.package_identification:_identify(build) ignored
[0.361s] Level 1:colcon.colcon_core.package_identification:_identify(install) by extensions ['ignore', 'ignore_ament_install']
[0.361s] Level 1:colcon.colcon_core.package_identification:_identify(install) by extension 'ignore'
[0.361s] Level 1:colcon.colcon_core.package_identification:_identify(install) ignored
[0.361s] Level 1:colcon.colcon_core.package_identification:_identify(log) by extensions ['ignore', 'ignore_ament_install']
[0.361s] Level 1:colcon.colcon_core.package_identification:_identify(log) by extension 'ignore'
[0.361s] Level 1:colcon.colcon_core.package_identification:_identify(log) ignored
[0.361s] Level 1:colcon.colcon_core.package_identification:_identify(src) by extensions ['ignore', 'ignore_ament_install']
[0.361s] Level 1:colcon.colcon_core.package_identification:_identify(src) by extension 'ignore'
[0.361s] Level 1:colcon.colcon_core.package_identification:_identify(src) by extension 'ignore_ament_install'
[0.362s] Level 1:colcon.colcon_core.package_identification:_identify(src) by extensions ['colcon_pkg']
[0.362s] Level 1:colcon.colcon_core.package_identification:_identify(src) by extension 'colcon_pkg'
[0.362s] Level 1:colcon.colcon_core.package_identification:_identify(src) by extensions ['colcon_meta']
[0.362s] Level 1:colcon.colcon_core.package_identification:_identify(src) by extension 'colcon_meta'
[0.362s] Level 1:colcon.colcon_core.package_identification:_identify(src) by extensions ['ros']
[0.362s] Level 1:colcon.colcon_core.package_identification:_identify(src) by extension 'ros'
[0.362s] Level 1:colcon.colcon_core.package_identification:_identify(src) by extensions ['cmake', 'python']
[0.362s] Level 1:colcon.colcon_core.package_identification:_identify(src) by extension 'cmake'
[0.362s] Level 1:colcon.colcon_core.package_identification:_identify(src) by extension 'python'
[0.362s] Level 1:colcon.colcon_core.package_identification:_identify(src) by extensions ['python_setup_py']
[0.362s] Level 1:colcon.colcon_core.package_identification:_identify(src) by extension 'python_setup_py'
[0.362s] Level 1:colcon.colcon_core.package_identification:_identify(src/data_publisher) by extensions ['ignore', 'ignore_ament_install']
[0.362s] Level 1:colcon.colcon_core.package_identification:_identify(src/data_publisher) by extension 'ignore'
[0.362s] Level 1:colcon.colcon_core.package_identification:_identify(src/data_publisher) by extension 'ignore_ament_install'
[0.362s] Level 1:colcon.colcon_core.package_identification:_identify(src/data_publisher) by extensions ['colcon_pkg']
[0.362s] Level 1:colcon.colcon_core.package_identification:_identify(src/data_publisher) by extension 'colcon_pkg'
[0.362s] Level 1:colcon.colcon_core.package_identification:_identify(src/data_publisher) by extensions ['colcon_meta']
[0.362s] Level 1:colcon.colcon_core.package_identification:_identify(src/data_publisher) by extension 'colcon_meta'
[0.362s] Level 1:colcon.colcon_core.package_identification:_identify(src/data_publisher) by extensions ['ros']
[0.362s] Level 1:colcon.colcon_core.package_identification:_identify(src/data_publisher) by extension 'ros'
[0.365s] DEBUG:colcon.colcon_core.package_identification:Package 'src/data_publisher' with type 'ros.ament_cmake' and name 'data_publisher'
[0.365s] Level 1:colcon.colcon_core.package_identification:_identify(src/path_planning) by extensions ['ignore', 'ignore_ament_install']
[0.366s] Level 1:colcon.colcon_core.package_identification:_identify(src/path_planning) by extension 'ignore'
[0.366s] Level 1:colcon.colcon_core.package_identification:_identify(src/path_planning) by extension 'ignore_ament_install'
[0.366s] Level 1:colcon.colcon_core.package_identification:_identify(src/path_planning) by extensions ['colcon_pkg']
[0.366s] Level 1:colcon.colcon_core.package_identification:_identify(src/path_planning) by extension 'colcon_pkg'
[0.366s] Level 1:colcon.colcon_core.package_identification:_identify(src/path_planning) by extensions ['colcon_meta']
[0.366s] Level 1:colcon.colcon_core.package_identification:_identify(src/path_planning) by extension 'colcon_meta'
[0.366s] Level 1:colcon.colcon_core.package_identification:_identify(src/path_planning) by extensions ['ros']
[0.366s] Level 1:colcon.colcon_core.package_identification:_identify(src/path_planning) by extension 'ros'
[0.366s] Level 1:colcon.colcon_core.package_identification:_identify(src/path_planning) by extensions ['cmake', 'python']
[0.366s] Level 1:colcon.colcon_core.package_identification:_identify(src/path_planning) by extension 'cmake'
[0.366s] Level 1:colcon.colcon_core.package_identification:_identify(src/path_planning) by extension 'python'
[0.366s] Level 1:colcon.colcon_core.package_identification:_identify(src/path_planning) by extensions ['python_setup_py']
[0.366s] Level 1:colcon.colcon_core.package_identification:_identify(src/path_planning) by extension 'python_setup_py'
[0.366s] Level 1:colcon.colcon_core.package_identification:_identify(src/path_planning/src) by extensions ['ignore', 'ignore_ament_install']
[0.366s] Level 1:colcon.colcon_core.package_identification:_identify(src/path_planning/src) by extension 'ignore'
[0.366s] Level 1:colcon.colcon_core.package_identification:_identify(src/path_planning/src) by extension 'ignore_ament_install'
[0.366s] Level 1:colcon.colcon_core.package_identification:_identify(src/path_planning/src) by extensions ['colcon_pkg']
[0.366s] Level 1:colcon.colcon_core.package_identification:_identify(src/path_planning/src) by extension 'colcon_pkg'
[0.366s] Level 1:colcon.colcon_core.package_identification:_identify(src/path_planning/src) by extensions ['colcon_meta']
[0.367s] Level 1:colcon.colcon_core.package_identification:_identify(src/path_planning/src) by extension 'colcon_meta'
[0.367s] Level 1:colcon.colcon_core.package_identification:_identify(src/path_planning/src) by extensions ['ros']
[0.367s] Level 1:colcon.colcon_core.package_identification:_identify(src/path_planning/src) by extension 'ros'
[0.367s] Level 1:colcon.colcon_core.package_identification:_identify(src/path_planning/src) by extensions ['cmake', 'python']
[0.367s] Level 1:colcon.colcon_core.package_identification:_identify(src/path_planning/src) by extension 'cmake'
[0.367s] Level 1:colcon.colcon_core.package_identification:_identify(src/path_planning/src) by extension 'python'
[0.367s] Level 1:colcon.colcon_core.package_identification:_identify(src/path_planning/src) by extensions ['python_setup_py']
[0.367s] Level 1:colcon.colcon_core.package_identification:_identify(src/path_planning/src) by extension 'python_setup_py'
[0.367s] Level 1:colcon.colcon_core.package_identification:_identify(src/skel_extract) by extensions ['ignore', 'ignore_ament_install']
[0.367s] Level 1:colcon.colcon_core.package_identification:_identify(src/skel_extract) by extension 'ignore'
[0.367s] Level 1:colcon.colcon_core.package_identification:_identify(src/skel_extract) by extension 'ignore_ament_install'
[0.367s] Level 1:colcon.colcon_core.package_identification:_identify(src/skel_extract) by extensions ['colcon_pkg']
[0.367s] Level 1:colcon.colcon_core.package_identification:_identify(src/skel_extract) by extension 'colcon_pkg'
[0.367s] Level 1:colcon.colcon_core.package_identification:_identify(src/skel_extract) by extensions ['colcon_meta']
[0.367s] Level 1:colcon.colcon_core.package_identification:_identify(src/skel_extract) by extension 'colcon_meta'
[0.367s] Level 1:colcon.colcon_core.package_identification:_identify(src/skel_extract) by extensions ['ros']
[0.367s] Level 1:colcon.colcon_core.package_identification:_identify(src/skel_extract) by extension 'ros'
[0.368s] DEBUG:colcon.colcon_core.package_identification:Package 'src/skel_extract' with type 'ros.ament_cmake' and name 'skel_extract'
[0.368s] Level 1:colcon.colcon_core.package_discovery:discover_packages(recursive) using defaults
[0.368s] Level 1:colcon.colcon_core.package_discovery:discover_packages(ignore) discover
[0.368s] Level 1:colcon.colcon_core.package_discovery:discover_packages(ignore) using defaults
[0.368s] Level 1:colcon.colcon_core.package_discovery:discover_packages(path) discover
[0.368s] Level 1:colcon.colcon_core.package_discovery:discover_packages(path) using defaults
[0.392s] Level 1:colcon.colcon_core.package_discovery:discover_packages(prefix_path) check parameters
[0.393s] Level 1:colcon.colcon_core.package_discovery:discover_packages(prefix_path) discover
[0.396s] DEBUG:colcon.colcon_installed_package_information.package_discovery:Found 271 installed packages in /opt/ros/humble
[0.407s] Level 1:colcon.colcon_core.package_discovery:discover_packages(prefix_path) using defaults
[0.445s] Level 5:colcon.colcon_core.verb:set package 'data_publisher' build argument 'cmake_args' from command line to 'None'
[0.445s] Level 5:colcon.colcon_core.verb:set package 'data_publisher' build argument 'cmake_target' from command line to 'None'
[0.445s] Level 5:colcon.colcon_core.verb:set package 'data_publisher' build argument 'cmake_target_skip_unavailable' from command line to 'False'
[0.445s] Level 5:colcon.colcon_core.verb:set package 'data_publisher' build argument 'cmake_clean_cache' from command line to 'False'
[0.445s] Level 5:colcon.colcon_core.verb:set package 'data_publisher' build argument 'cmake_clean_first' from command line to 'False'
[0.445s] Level 5:colcon.colcon_core.verb:set package 'data_publisher' build argument 'cmake_force_configure' from command line to 'False'
[0.445s] Level 5:colcon.colcon_core.verb:set package 'data_publisher' build argument 'ament_cmake_args' from command line to 'None'
[0.445s] Level 5:colcon.colcon_core.verb:set package 'data_publisher' build argument 'catkin_cmake_args' from command line to 'None'
[0.445s] Level 5:colcon.colcon_core.verb:set package 'data_publisher' build argument 'catkin_skip_building_tests' from command line to 'False'
[0.445s] DEBUG:colcon.colcon_core.verb:Building package 'data_publisher' with the following arguments: {'ament_cmake_args': None, 'build_base': '/home/bhj/OSEP/build/data_publisher', 'catkin_cmake_args': None, 'catkin_skip_building_tests': False, 'cmake_args': None, 'cmake_clean_cache': False, 'cmake_clean_first': False, 'cmake_force_configure': False, 'cmake_target': None, 'cmake_target_skip_unavailable': False, 'install_base': '/home/bhj/OSEP/install/data_publisher', 'merge_install': False, 'path': '/home/bhj/OSEP/src/data_publisher', 'symlink_install': False, 'test_result_base': None}
[0.446s] Level 5:colcon.colcon_core.verb:set package 'skel_extract' build argument 'cmake_args' from command line to 'None'
[0.446s] Level 5:colcon.colcon_core.verb:set package 'skel_extract' build argument 'cmake_target' from command line to 'None'
[0.446s] Level 5:colcon.colcon_core.verb:set package 'skel_extract' build argument 'cmake_target_skip_unavailable' from command line to 'False'
[0.446s] Level 5:colcon.colcon_core.verb:set package 'skel_extract' build argument 'cmake_clean_cache' from command line to 'False'
[0.446s] Level 5:colcon.colcon_core.verb:set package 'skel_extract' build argument 'cmake_clean_first' from command line to 'False'
[0.446s] Level 5:colcon.colcon_core.verb:set package 'skel_extract' build argument 'cmake_force_configure' from command line to 'False'
[0.446s] Level 5:colcon.colcon_core.verb:set package 'skel_extract' build argument 'ament_cmake_args' from command line to 'None'
[0.446s] Level 5:colcon.colcon_core.verb:set package 'skel_extract' build argument 'catkin_cmake_args' from command line to 'None'
[0.446s] Level 5:colcon.colcon_core.verb:set package 'skel_extract' build argument 'catkin_skip_building_tests' from command line to 'False'
[0.446s] DEBUG:colcon.colcon_core.verb:Building package 'skel_extract' with the following arguments: {'ament_cmake_args': None, 'build_base': '/home/bhj/OSEP/build/skel_extract', 'catkin_cmake_args': None, 'catkin_skip_building_tests': False, 'cmake_args': None, 'cmake_clean_cache': False, 'cmake_clean_first': False, 'cmake_force_configure': False, 'cmake_target': None, 'cmake_target_skip_unavailable': False, 'install_base': '/home/bhj/OSEP/install/skel_extract', 'merge_install': False, 'path': '/home/bhj/OSEP/src/skel_extract', 'symlink_install': False, 'test_result_base': None}
[0.446s] INFO:colcon.colcon_core.executor:Executing jobs using 'parallel' executor
[0.447s] DEBUG:colcon.colcon_parallel_executor.executor.parallel:run_until_complete
[0.447s] INFO:colcon.colcon_ros.task.ament_cmake.build:Building ROS package in '/home/bhj/OSEP/src/data_publisher' with build type 'ament_cmake'
[0.447s] INFO:colcon.colcon_cmake.task.cmake.build:Building CMake package in '/home/bhj/OSEP/src/data_publisher'
[0.451s] INFO:colcon.colcon_core.plugin_system:Skipping extension 'colcon_core.shell.bat': Not used on non-Windows systems
[0.452s] INFO:colcon.colcon_core.shell:Skip shell extension 'powershell' for command environment: Not usable outside of PowerShell
[0.452s] DEBUG:colcon.colcon_core.shell:Skip shell extension 'dsv' for command environment
[0.454s] INFO:colcon.colcon_ros.task.ament_cmake.build:Building ROS package in '/home/bhj/OSEP/src/skel_extract' with build type 'ament_cmake'
[0.455s] INFO:colcon.colcon_cmake.task.cmake.build:Building CMake package in '/home/bhj/OSEP/src/skel_extract'
[0.455s] INFO:colcon.colcon_core.shell:Skip shell extension 'powershell' for command environment: Not usable outside of PowerShell
[0.455s] DEBUG:colcon.colcon_core.shell:Skip shell extension 'dsv' for command environment
[0.461s] DEBUG:colcon.colcon_core.event_handler.log_command:Invoking command in '/home/bhj/OSEP/build/data_publisher': CMAKE_PREFIX_PATH=/opt/ros/humble /usr/bin/cmake --build /home/bhj/OSEP/build/data_publisher -- -j12 -l12
[0.467s] DEBUG:colcon.colcon_core.event_handler.log_command:Invoking command in '/home/bhj/OSEP/build/skel_extract': CMAKE_PREFIX_PATH=/opt/ros/humble /usr/bin/cmake --build /home/bhj/OSEP/build/skel_extract -- -j12 -l12
[0.545s] DEBUG:colcon.colcon_core.event_handler.log_command:Invoked command in '/home/bhj/OSEP/build/skel_extract' returned '0': CMAKE_PREFIX_PATH=/opt/ros/humble /usr/bin/cmake --build /home/bhj/OSEP/build/skel_extract -- -j12 -l12
[0.553s] DEBUG:colcon.colcon_core.event_handler.log_command:Invoking command in '/home/bhj/OSEP/build/skel_extract': CMAKE_PREFIX_PATH=/opt/ros/humble /usr/bin/cmake --install /home/bhj/OSEP/build/skel_extract
[0.561s] Level 1:colcon.colcon_core.environment:create_environment_scripts_only(skel_extract)
[0.562s] DEBUG:colcon.colcon_core.event_handler.log_command:Invoked command in '/home/bhj/OSEP/build/skel_extract' returned '0': CMAKE_PREFIX_PATH=/opt/ros/humble /usr/bin/cmake --install /home/bhj/OSEP/build/skel_extract
[0.566s] Level 1:colcon.colcon_core.environment:checking '/home/bhj/OSEP/install/skel_extract' for CMake module files
[0.567s] Level 1:colcon.colcon_core.environment:checking '/home/bhj/OSEP/install/skel_extract' for CMake config files
[0.567s] Level 1:colcon.colcon_core.shell:create_environment_hook('skel_extract', 'cmake_prefix_path')
[0.567s] INFO:colcon.colcon_core.shell:Creating environment hook '/home/bhj/OSEP/install/skel_extract/share/skel_extract/hook/cmake_prefix_path.ps1'
[0.568s] INFO:colcon.colcon_core.shell:Creating environment descriptor '/home/bhj/OSEP/install/skel_extract/share/skel_extract/hook/cmake_prefix_path.dsv'
[0.568s] INFO:colcon.colcon_core.shell:Creating environment hook '/home/bhj/OSEP/install/skel_extract/share/skel_extract/hook/cmake_prefix_path.sh'
[0.569s] Level 1:colcon.colcon_core.environment:checking '/home/bhj/OSEP/install/skel_extract/lib'
[0.570s] Level 1:colcon.colcon_core.environment:checking '/home/bhj/OSEP/install/skel_extract/bin'
[0.570s] Level 1:colcon.colcon_core.environment:checking '/home/bhj/OSEP/install/skel_extract/lib/pkgconfig/skel_extract.pc'
[0.570s] Level 1:colcon.colcon_core.environment:checking '/home/bhj/OSEP/install/skel_extract/lib/python3.10/site-packages'
[0.570s] Level 1:colcon.colcon_core.environment:checking '/home/bhj/OSEP/install/skel_extract/bin'
[0.570s] INFO:colcon.colcon_core.shell:Creating package script '/home/bhj/OSEP/install/skel_extract/share/skel_extract/package.ps1'
[0.571s] INFO:colcon.colcon_core.shell:Creating package descriptor '/home/bhj/OSEP/install/skel_extract/share/skel_extract/package.dsv'
[0.572s] INFO:colcon.colcon_core.shell:Creating package script '/home/bhj/OSEP/install/skel_extract/share/skel_extract/package.sh'
[0.573s] INFO:colcon.colcon_core.shell:Creating package script '/home/bhj/OSEP/install/skel_extract/share/skel_extract/package.bash'
[0.574s] INFO:colcon.colcon_core.shell:Creating package script '/home/bhj/OSEP/install/skel_extract/share/skel_extract/package.zsh'
[0.574s] Level 1:colcon.colcon_core.environment:create_file_with_runtime_dependencies(/home/bhj/OSEP/install/skel_extract/share/colcon-core/packages/skel_extract)
[0.575s] Level 1:colcon.colcon_core.environment:create_environment_scripts_only(skel_extract)
[0.575s] Level 1:colcon.colcon_core.environment:checking '/home/bhj/OSEP/install/skel_extract' for CMake module files
[0.575s] Level 1:colcon.colcon_core.environment:checking '/home/bhj/OSEP/install/skel_extract' for CMake config files
[0.576s] Level 1:colcon.colcon_core.shell:create_environment_hook('skel_extract', 'cmake_prefix_path')
[0.576s] INFO:colcon.colcon_core.shell:Creating environment hook '/home/bhj/OSEP/install/skel_extract/share/skel_extract/hook/cmake_prefix_path.ps1'
[0.576s] INFO:colcon.colcon_core.shell:Creating environment descriptor '/home/bhj/OSEP/install/skel_extract/share/skel_extract/hook/cmake_prefix_path.dsv'
[0.577s] INFO:colcon.colcon_core.shell:Creating environment hook '/home/bhj/OSEP/install/skel_extract/share/skel_extract/hook/cmake_prefix_path.sh'
[0.577s] Level 1:colcon.colcon_core.environment:checking '/home/bhj/OSEP/install/skel_extract/lib'
[0.577s] Level 1:colcon.colcon_core.environment:checking '/home/bhj/OSEP/install/skel_extract/bin'
[0.577s] Level 1:colcon.colcon_core.environment:checking '/home/bhj/OSEP/install/skel_extract/lib/pkgconfig/skel_extract.pc'
[0.577s] Level 1:colcon.colcon_core.environment:checking '/home/bhj/OSEP/install/skel_extract/lib/python3.10/site-packages'
[0.578s] Level 1:colcon.colcon_core.environment:checking '/home/bhj/OSEP/install/skel_extract/bin'
[0.578s] INFO:colcon.colcon_core.shell:Creating package script '/home/bhj/OSEP/install/skel_extract/share/skel_extract/package.ps1'
[0.578s] INFO:colcon.colcon_core.shell:Creating package descriptor '/home/bhj/OSEP/install/skel_extract/share/skel_extract/package.dsv'
[0.579s] INFO:colcon.colcon_core.shell:Creating package script '/home/bhj/OSEP/install/skel_extract/share/skel_extract/package.sh'
[0.579s] INFO:colcon.colcon_core.shell:Creating package script '/home/bhj/OSEP/install/skel_extract/share/skel_extract/package.bash'
[0.580s] INFO:colcon.colcon_core.shell:Creating package script '/home/bhj/OSEP/install/skel_extract/share/skel_extract/package.zsh'
[0.580s] Level 1:colcon.colcon_core.environment:create_file_with_runtime_dependencies(/home/bhj/OSEP/install/skel_extract/share/colcon-core/packages/skel_extract)
[8.210s] DEBUG:colcon.colcon_core.event_handler.log_command:Invoked command in '/home/bhj/OSEP/build/data_publisher' returned '0': CMAKE_PREFIX_PATH=/opt/ros/humble /usr/bin/cmake --build /home/bhj/OSEP/build/data_publisher -- -j12 -l12
[8.212s] DEBUG:colcon.colcon_core.event_handler.log_command:Invoking command in '/home/bhj/OSEP/build/data_publisher': CMAKE_PREFIX_PATH=/opt/ros/humble /usr/bin/cmake --install /home/bhj/OSEP/build/data_publisher
[8.222s] Level 1:colcon.colcon_core.environment:create_environment_scripts_only(data_publisher)
[8.222s] Level 1:colcon.colcon_core.environment:checking '/home/bhj/OSEP/install/data_publisher' for CMake module files
[8.223s] DEBUG:colcon.colcon_core.event_handler.log_command:Invoked command in '/home/bhj/OSEP/build/data_publisher' returned '0': CMAKE_PREFIX_PATH=/opt/ros/humble /usr/bin/cmake --install /home/bhj/OSEP/build/data_publisher
[8.223s] Level 1:colcon.colcon_core.environment:checking '/home/bhj/OSEP/install/data_publisher' for CMake config files
[8.223s] Level 1:colcon.colcon_core.shell:create_environment_hook('data_publisher', 'cmake_prefix_path')
[8.223s] INFO:colcon.colcon_core.shell:Creating environment hook '/home/bhj/OSEP/install/data_publisher/share/data_publisher/hook/cmake_prefix_path.ps1'
[8.224s] INFO:colcon.colcon_core.shell:Creating environment descriptor '/home/bhj/OSEP/install/data_publisher/share/data_publisher/hook/cmake_prefix_path.dsv'
[8.224s] INFO:colcon.colcon_core.shell:Creating environment hook '/home/bhj/OSEP/install/data_publisher/share/data_publisher/hook/cmake_prefix_path.sh'
[8.225s] Level 1:colcon.colcon_core.environment:checking '/home/bhj/OSEP/install/data_publisher/lib'
[8.225s] Level 1:colcon.colcon_core.environment:checking '/home/bhj/OSEP/install/data_publisher/bin'
[8.225s] Level 1:colcon.colcon_core.environment:checking '/home/bhj/OSEP/install/data_publisher/lib/pkgconfig/data_publisher.pc'
[8.225s] Level 1:colcon.colcon_core.environment:checking '/home/bhj/OSEP/install/data_publisher/lib/python3.10/site-packages'
[8.225s] Level 1:colcon.colcon_core.environment:checking '/home/bhj/OSEP/install/data_publisher/bin'
[8.226s] INFO:colcon.colcon_core.shell:Creating package script '/home/bhj/OSEP/install/data_publisher/share/data_publisher/package.ps1'
[8.226s] INFO:colcon.colcon_core.shell:Creating package descriptor '/home/bhj/OSEP/install/data_publisher/share/data_publisher/package.dsv'
[8.226s] INFO:colcon.colcon_core.shell:Creating package script '/home/bhj/OSEP/install/data_publisher/share/data_publisher/package.sh'
[8.227s] INFO:colcon.colcon_core.shell:Creating package script '/home/bhj/OSEP/install/data_publisher/share/data_publisher/package.bash'
[8.227s] INFO:colcon.colcon_core.shell:Creating package script '/home/bhj/OSEP/install/data_publisher/share/data_publisher/package.zsh'
[8.227s] Level 1:colcon.colcon_core.environment:create_file_with_runtime_dependencies(/home/bhj/OSEP/install/data_publisher/share/colcon-core/packages/data_publisher)
[8.228s] Level 1:colcon.colcon_core.environment:create_environment_scripts_only(data_publisher)
[8.228s] Level 1:colcon.colcon_core.environment:checking '/home/bhj/OSEP/install/data_publisher' for CMake module files
[8.228s] Level 1:colcon.colcon_core.environment:checking '/home/bhj/OSEP/install/data_publisher' for CMake config files
[8.229s] Level 1:colcon.colcon_core.shell:create_environment_hook('data_publisher', 'cmake_prefix_path')
[8.229s] INFO:colcon.colcon_core.shell:Creating environment hook '/home/bhj/OSEP/install/data_publisher/share/data_publisher/hook/cmake_prefix_path.ps1'
[8.229s] INFO:colcon.colcon_core.shell:Creating environment descriptor '/home/bhj/OSEP/install/data_publisher/share/data_publisher/hook/cmake_prefix_path.dsv'
[8.230s] INFO:colcon.colcon_core.shell:Creating environment hook '/home/bhj/OSEP/install/data_publisher/share/data_publisher/hook/cmake_prefix_path.sh'
[8.230s] Level 1:colcon.colcon_core.environment:checking '/home/bhj/OSEP/install/data_publisher/lib'
[8.230s] Level 1:colcon.colcon_core.environment:checking '/home/bhj/OSEP/install/data_publisher/bin'
[8.230s] Level 1:colcon.colcon_core.environment:checking '/home/bhj/OSEP/install/data_publisher/lib/pkgconfig/data_publisher.pc'
[8.230s] Level 1:colcon.colcon_core.environment:checking '/home/bhj/OSEP/install/data_publisher/lib/python3.10/site-packages'
[8.231s] Level 1:colcon.colcon_core.environment:checking '/home/bhj/OSEP/install/data_publisher/bin'
[8.231s] INFO:colcon.colcon_core.shell:Creating package script '/home/bhj/OSEP/install/data_publisher/share/data_publisher/package.ps1'
[8.231s] INFO:colcon.colcon_core.shell:Creating package descriptor '/home/bhj/OSEP/install/data_publisher/share/data_publisher/package.dsv'
[8.232s] INFO:colcon.colcon_core.shell:Creating package script '/home/bhj/OSEP/install/data_publisher/share/data_publisher/package.sh'
[8.232s] INFO:colcon.colcon_core.shell:Creating package script '/home/bhj/OSEP/install/data_publisher/share/data_publisher/package.bash'
[8.233s] INFO:colcon.colcon_core.shell:Creating package script '/home/bhj/OSEP/install/data_publisher/share/data_publisher/package.zsh'
[8.233s] Level 1:colcon.colcon_core.environment:create_file_with_runtime_dependencies(/home/bhj/OSEP/install/data_publisher/share/colcon-core/packages/data_publisher)
[8.233s] DEBUG:colcon.colcon_parallel_executor.executor.parallel:closing loop
[8.233s] DEBUG:colcon.colcon_parallel_executor.executor.parallel:loop closed
[8.233s] DEBUG:colcon.colcon_parallel_executor.executor.parallel:run_until_complete finished with '0'
[8.233s] DEBUG:colcon.colcon_core.event_reactor:joining thread
[8.239s] INFO:colcon.colcon_core.plugin_system:Skipping extension 'colcon_notification.desktop_notification.terminal_notifier': Not used on non-Darwin systems
[8.239s] INFO:colcon.colcon_core.plugin_system:Skipping extension 'colcon_notification.desktop_notification.win32': Not used on non-Windows systems
[8.239s] INFO:colcon.colcon_notification.desktop_notification:Sending desktop notification using 'notify2'
[8.258s] DEBUG:colcon.colcon_core.event_reactor:joined thread
[8.259s] INFO:colcon.colcon_core.shell:Creating prefix script '/home/bhj/OSEP/install/local_setup.ps1'
[8.260s] INFO:colcon.colcon_core.shell:Creating prefix util module '/home/bhj/OSEP/install/_local_setup_util_ps1.py'
[8.261s] INFO:colcon.colcon_core.shell:Creating prefix chain script '/home/bhj/OSEP/install/setup.ps1'
[8.262s] INFO:colcon.colcon_core.shell:Creating prefix script '/home/bhj/OSEP/install/local_setup.sh'
[8.263s] INFO:colcon.colcon_core.shell:Creating prefix util module '/home/bhj/OSEP/install/_local_setup_util_sh.py'
[8.264s] INFO:colcon.colcon_core.shell:Creating prefix chain script '/home/bhj/OSEP/install/setup.sh'
[8.265s] INFO:colcon.colcon_core.shell:Creating prefix script '/home/bhj/OSEP/install/local_setup.bash'
[8.266s] INFO:colcon.colcon_core.shell:Creating prefix chain script '/home/bhj/OSEP/install/setup.bash'
[8.267s] INFO:colcon.colcon_core.shell:Creating prefix script '/home/bhj/OSEP/install/local_setup.zsh'
[8.267s] INFO:colcon.colcon_core.shell:Creating prefix chain script '/home/bhj/OSEP/install/setup.zsh'
