[0.089s] DEBUG:colcon:Command line arguments: ['/usr/bin/colcon', 'build']
[0.089s] DEBUG:colcon:Parsed command line arguments: Namespace(log_base=None, log_level=None, verb_name='build', build_base='build', install_base='install', merge_install=False, symlink_install=False, test_result_base=None, continue_on_error=False, executor='parallel', parallel_workers=8, event_handlers=None, ignore_user_meta=False, metas=['./colcon.meta'], base_paths=['.'], packages_ignore=None, packages_ignore_regex=None, paths=None, packages_up_to=None, packages_up_to_regex=None, packages_above=None, packages_above_and_dependencies=None, packages_above_depth=None, packages_select_by_dep=None, packages_skip_by_dep=None, packages_skip_up_to=None, packages_select_build_failed=False, packages_skip_build_finished=False, packages_select_test_failures=False, packages_skip_test_passed=False, packages_select=None, packages_skip=None, packages_select_regex=None, packages_skip_regex=None, packages_start=None, packages_end=None, allow_overriding=[], cmake_args=None, cmake_target=None, cmake_target_skip_unavailable=False, cmake_clean_cache=False, cmake_clean_first=False, cmake_force_configure=False, ament_cmake_args=None, catkin_cmake_args=None, catkin_skip_building_tests=False, mixin_files=None, mixin=None, verb_parser=<colcon_mixin.mixin.mixin_argument.MixinArgumentDecorator object at 0x72c9acc9cd90>, verb_extension=<colcon_core.verb.build.BuildVerb object at 0x72c9acc9c7f0>, main=<bound method BuildVerb.main of <colcon_core.verb.build.BuildVerb object at 0x72c9acc9c7f0>>, mixin_verb=('build',))
[0.296s] Level 1:colcon.colcon_core.package_discovery:discover_packages(colcon_meta) check parameters
[0.296s] Level 1:colcon.colcon_core.package_discovery:discover_packages(recursive) check parameters
[0.297s] Level 1:colcon.colcon_core.package_discovery:discover_packages(ignore) check parameters
[0.297s] Level 1:colcon.colcon_core.package_discovery:discover_packages(path) check parameters
[0.297s] Level 1:colcon.colcon_core.package_discovery:discover_packages(colcon_meta) discover
[0.297s] Level 1:colcon.colcon_core.package_discovery:discover_packages(recursive) discover
[0.297s] INFO:colcon.colcon_core.package_discovery:Crawling recursively for packages in '/home/airlab/OSEP'
[0.297s] Level 1:colcon.colcon_core.package_identification:_identify(.) by extensions ['ignore', 'ignore_ament_install']
[0.297s] Level 1:colcon.colcon_core.package_identification:_identify(.) by extension 'ignore'
[0.297s] Level 1:colcon.colcon_core.package_identification:_identify(.) by extension 'ignore_ament_install'
[0.297s] Level 1:colcon.colcon_core.package_identification:_identify(.) by extensions ['colcon_pkg']
[0.297s] Level 1:colcon.colcon_core.package_identification:_identify(.) by extension 'colcon_pkg'
[0.297s] Level 1:colcon.colcon_core.package_identification:_identify(.) by extensions ['colcon_meta']
[0.297s] Level 1:colcon.colcon_core.package_identification:_identify(.) by extension 'colcon_meta'
[0.297s] Level 1:colcon.colcon_core.package_identification:_identify(.) by extensions ['ros']
[0.297s] Level 1:colcon.colcon_core.package_identification:_identify(.) by extension 'ros'
[0.311s] Level 1:colcon.colcon_core.package_identification:_identify(.) by extensions ['cmake', 'python']
[0.311s] Level 1:colcon.colcon_core.package_identification:_identify(.) by extension 'cmake'
[0.311s] Level 1:colcon.colcon_core.package_identification:_identify(.) by extension 'python'
[0.312s] Level 1:colcon.colcon_core.package_identification:_identify(.) by extensions ['python_setup_py']
[0.312s] Level 1:colcon.colcon_core.package_identification:_identify(.) by extension 'python_setup_py'
[0.312s] Level 1:colcon.colcon_core.package_identification:_identify(build) by extensions ['ignore', 'ignore_ament_install']
[0.312s] Level 1:colcon.colcon_core.package_identification:_identify(build) by extension 'ignore'
[0.312s] Level 1:colcon.colcon_core.package_identification:_identify(build) ignored
[0.312s] Level 1:colcon.colcon_core.package_identification:_identify(install) by extensions ['ignore', 'ignore_ament_install']
[0.312s] Level 1:colcon.colcon_core.package_identification:_identify(install) by extension 'ignore'
[0.312s] Level 1:colcon.colcon_core.package_identification:_identify(install) ignored
[0.312s] Level 1:colcon.colcon_core.package_identification:_identify(log) by extensions ['ignore', 'ignore_ament_install']
[0.312s] Level 1:colcon.colcon_core.package_identification:_identify(log) by extension 'ignore'
[0.312s] Level 1:colcon.colcon_core.package_identification:_identify(log) ignored
[0.312s] Level 1:colcon.colcon_core.package_identification:_identify(src) by extensions ['ignore', 'ignore_ament_install']
[0.312s] Level 1:colcon.colcon_core.package_identification:_identify(src) by extension 'ignore'
[0.312s] Level 1:colcon.colcon_core.package_identification:_identify(src) by extension 'ignore_ament_install'
[0.312s] Level 1:colcon.colcon_core.package_identification:_identify(src) by extensions ['colcon_pkg']
[0.312s] Level 1:colcon.colcon_core.package_identification:_identify(src) by extension 'colcon_pkg'
[0.312s] Level 1:colcon.colcon_core.package_identification:_identify(src) by extensions ['colcon_meta']
[0.312s] Level 1:colcon.colcon_core.package_identification:_identify(src) by extension 'colcon_meta'
[0.312s] Level 1:colcon.colcon_core.package_identification:_identify(src) by extensions ['ros']
[0.312s] Level 1:colcon.colcon_core.package_identification:_identify(src) by extension 'ros'
[0.312s] Level 1:colcon.colcon_core.package_identification:_identify(src) by extensions ['cmake', 'python']
[0.313s] Level 1:colcon.colcon_core.package_identification:_identify(src) by extension 'cmake'
[0.313s] Level 1:colcon.colcon_core.package_identification:_identify(src) by extension 'python'
[0.313s] Level 1:colcon.colcon_core.package_identification:_identify(src) by extensions ['python_setup_py']
[0.313s] Level 1:colcon.colcon_core.package_identification:_identify(src) by extension 'python_setup_py'
[0.313s] Level 1:colcon.colcon_core.package_identification:_identify(src/data_publisher) by extensions ['ignore', 'ignore_ament_install']
[0.313s] Level 1:colcon.colcon_core.package_identification:_identify(src/data_publisher) by extension 'ignore'
[0.313s] Level 1:colcon.colcon_core.package_identification:_identify(src/data_publisher) by extension 'ignore_ament_install'
[0.313s] Level 1:colcon.colcon_core.package_identification:_identify(src/data_publisher) by extensions ['colcon_pkg']
[0.313s] Level 1:colcon.colcon_core.package_identification:_identify(src/data_publisher) by extension 'colcon_pkg'
[0.313s] Level 1:colcon.colcon_core.package_identification:_identify(src/data_publisher) by extensions ['colcon_meta']
[0.313s] Level 1:colcon.colcon_core.package_identification:_identify(src/data_publisher) by extension 'colcon_meta'
[0.313s] Level 1:colcon.colcon_core.package_identification:_identify(src/data_publisher) by extensions ['ros']
[0.313s] Level 1:colcon.colcon_core.package_identification:_identify(src/data_publisher) by extension 'ros'
[0.313s] Level 1:colcon.colcon_core.package_identification:_identify(src/data_publisher) by extensions ['cmake', 'python']
[0.313s] Level 1:colcon.colcon_core.package_identification:_identify(src/data_publisher) by extension 'cmake'
[0.314s] Level 1:colcon.colcon_core.package_identification:_identify(src/data_publisher) by extension 'python'
[0.314s] DEBUG:colcon.colcon_core.package_identification:Package 'src/data_publisher' with type 'cmake' and name 'data_publisher'
[0.314s] Level 1:colcon.colcon_core.package_identification:_identify(src/path_planning) by extensions ['ignore', 'ignore_ament_install']
[0.314s] Level 1:colcon.colcon_core.package_identification:_identify(src/path_planning) by extension 'ignore'
[0.314s] Level 1:colcon.colcon_core.package_identification:_identify(src/path_planning) by extension 'ignore_ament_install'
[0.314s] Level 1:colcon.colcon_core.package_identification:_identify(src/path_planning) by extensions ['colcon_pkg']
[0.314s] Level 1:colcon.colcon_core.package_identification:_identify(src/path_planning) by extension 'colcon_pkg'
[0.314s] Level 1:colcon.colcon_core.package_identification:_identify(src/path_planning) by extensions ['colcon_meta']
[0.314s] Level 1:colcon.colcon_core.package_identification:_identify(src/path_planning) by extension 'colcon_meta'
[0.314s] Level 1:colcon.colcon_core.package_identification:_identify(src/path_planning) by extensions ['ros']
[0.315s] Level 1:colcon.colcon_core.package_identification:_identify(src/path_planning) by extension 'ros'
[0.315s] Level 1:colcon.colcon_core.package_identification:_identify(src/path_planning) by extensions ['cmake', 'python']
[0.315s] Level 1:colcon.colcon_core.package_identification:_identify(src/path_planning) by extension 'cmake'
[0.315s] Level 1:colcon.colcon_core.package_identification:_identify(src/path_planning) by extension 'python'
[0.315s] Level 1:colcon.colcon_core.package_identification:_identify(src/path_planning) by extensions ['python_setup_py']
[0.315s] Level 1:colcon.colcon_core.package_identification:_identify(src/path_planning) by extension 'python_setup_py'
[0.315s] Level 1:colcon.colcon_core.package_identification:_identify(src/path_planning/include) by extensions ['ignore', 'ignore_ament_install']
[0.315s] Level 1:colcon.colcon_core.package_identification:_identify(src/path_planning/include) by extension 'ignore'
[0.315s] Level 1:colcon.colcon_core.package_identification:_identify(src/path_planning/include) by extension 'ignore_ament_install'
[0.315s] Level 1:colcon.colcon_core.package_identification:_identify(src/path_planning/include) by extensions ['colcon_pkg']
[0.315s] Level 1:colcon.colcon_core.package_identification:_identify(src/path_planning/include) by extension 'colcon_pkg'
[0.315s] Level 1:colcon.colcon_core.package_identification:_identify(src/path_planning/include) by extensions ['colcon_meta']
[0.315s] Level 1:colcon.colcon_core.package_identification:_identify(src/path_planning/include) by extension 'colcon_meta'
[0.315s] Level 1:colcon.colcon_core.package_identification:_identify(src/path_planning/include) by extensions ['ros']
[0.315s] Level 1:colcon.colcon_core.package_identification:_identify(src/path_planning/include) by extension 'ros'
[0.315s] Level 1:colcon.colcon_core.package_identification:_identify(src/path_planning/include) by extensions ['cmake', 'python']
[0.315s] Level 1:colcon.colcon_core.package_identification:_identify(src/path_planning/include) by extension 'cmake'
[0.315s] Level 1:colcon.colcon_core.package_identification:_identify(src/path_planning/include) by extension 'python'
[0.315s] Level 1:colcon.colcon_core.package_identification:_identify(src/path_planning/include) by extensions ['python_setup_py']
[0.315s] Level 1:colcon.colcon_core.package_identification:_identify(src/path_planning/include) by extension 'python_setup_py'
[0.315s] Level 1:colcon.colcon_core.package_identification:_identify(src/path_planning/src) by extensions ['ignore', 'ignore_ament_install']
[0.315s] Level 1:colcon.colcon_core.package_identification:_identify(src/path_planning/src) by extension 'ignore'
[0.315s] Level 1:colcon.colcon_core.package_identification:_identify(src/path_planning/src) by extension 'ignore_ament_install'
[0.315s] Level 1:colcon.colcon_core.package_identification:_identify(src/path_planning/src) by extensions ['colcon_pkg']
[0.315s] Level 1:colcon.colcon_core.package_identification:_identify(src/path_planning/src) by extension 'colcon_pkg'
[0.315s] Level 1:colcon.colcon_core.package_identification:_identify(src/path_planning/src) by extensions ['colcon_meta']
[0.315s] Level 1:colcon.colcon_core.package_identification:_identify(src/path_planning/src) by extension 'colcon_meta'
[0.316s] Level 1:colcon.colcon_core.package_identification:_identify(src/path_planning/src) by extensions ['ros']
[0.316s] Level 1:colcon.colcon_core.package_identification:_identify(src/path_planning/src) by extension 'ros'
[0.316s] Level 1:colcon.colcon_core.package_identification:_identify(src/path_planning/src) by extensions ['cmake', 'python']
[0.316s] Level 1:colcon.colcon_core.package_identification:_identify(src/path_planning/src) by extension 'cmake'
[0.316s] Level 1:colcon.colcon_core.package_identification:_identify(src/path_planning/src) by extension 'python'
[0.316s] Level 1:colcon.colcon_core.package_identification:_identify(src/path_planning/src) by extensions ['python_setup_py']
[0.316s] Level 1:colcon.colcon_core.package_identification:_identify(src/path_planning/src) by extension 'python_setup_py'
[0.316s] Level 1:colcon.colcon_core.package_identification:_identify(src/skel_extract) by extensions ['ignore', 'ignore_ament_install']
[0.316s] Level 1:colcon.colcon_core.package_identification:_identify(src/skel_extract) by extension 'ignore'
[0.316s] Level 1:colcon.colcon_core.package_identification:_identify(src/skel_extract) by extension 'ignore_ament_install'
[0.316s] Level 1:colcon.colcon_core.package_identification:_identify(src/skel_extract) by extensions ['colcon_pkg']
[0.316s] Level 1:colcon.colcon_core.package_identification:_identify(src/skel_extract) by extension 'colcon_pkg'
[0.316s] Level 1:colcon.colcon_core.package_identification:_identify(src/skel_extract) by extensions ['colcon_meta']
[0.316s] Level 1:colcon.colcon_core.package_identification:_identify(src/skel_extract) by extension 'colcon_meta'
[0.316s] Level 1:colcon.colcon_core.package_identification:_identify(src/skel_extract) by extensions ['ros']
[0.316s] Level 1:colcon.colcon_core.package_identification:_identify(src/skel_extract) by extension 'ros'
[0.318s] DEBUG:colcon.colcon_core.package_identification:Package 'src/skel_extract' with type 'ros.ament_cmake' and name 'skel_extract'
[0.318s] Level 1:colcon.colcon_core.package_discovery:discover_packages(recursive) using defaults
[0.318s] Level 1:colcon.colcon_core.package_discovery:discover_packages(ignore) discover
[0.318s] Level 1:colcon.colcon_core.package_discovery:discover_packages(ignore) using defaults
[0.318s] Level 1:colcon.colcon_core.package_discovery:discover_packages(path) discover
[0.318s] Level 1:colcon.colcon_core.package_discovery:discover_packages(path) using defaults
[0.333s] Level 1:colcon.colcon_core.package_discovery:discover_packages(prefix_path) check parameters
[0.333s] Level 1:colcon.colcon_core.package_discovery:discover_packages(prefix_path) discover
[0.333s] WARNING:colcon.colcon_ros.prefix_path.ament:The path '/home/airlab/OSEP/install/osep' in the environment variable AMENT_PREFIX_PATH doesn't exist
[0.333s] WARNING:colcon.colcon_ros.prefix_path.catkin:The path '/home/airlab/OSEP/install/osep' in the environment variable CMAKE_PREFIX_PATH doesn't exist
[0.334s] DEBUG:colcon.colcon_installed_package_information.package_discovery:Found 1 installed packages in /home/airlab/OSEP/install
[0.335s] DEBUG:colcon.colcon_installed_package_information.package_discovery:Found 272 installed packages in /opt/ros/humble
[0.336s] Level 1:colcon.colcon_core.package_discovery:discover_packages(prefix_path) using defaults
[0.363s] Level 5:colcon.colcon_core.verb:set package 'data_publisher' build argument 'cmake_args' from command line to 'None'
[0.363s] Level 5:colcon.colcon_core.verb:set package 'data_publisher' build argument 'cmake_target' from command line to 'None'
[0.363s] Level 5:colcon.colcon_core.verb:set package 'data_publisher' build argument 'cmake_target_skip_unavailable' from command line to 'False'
[0.363s] Level 5:colcon.colcon_core.verb:set package 'data_publisher' build argument 'cmake_clean_cache' from command line to 'False'
[0.363s] Level 5:colcon.colcon_core.verb:set package 'data_publisher' build argument 'cmake_clean_first' from command line to 'False'
[0.363s] Level 5:colcon.colcon_core.verb:set package 'data_publisher' build argument 'cmake_force_configure' from command line to 'False'
[0.363s] Level 5:colcon.colcon_core.verb:set package 'data_publisher' build argument 'ament_cmake_args' from command line to 'None'
[0.363s] Level 5:colcon.colcon_core.verb:set package 'data_publisher' build argument 'catkin_cmake_args' from command line to 'None'
[0.363s] Level 5:colcon.colcon_core.verb:set package 'data_publisher' build argument 'catkin_skip_building_tests' from command line to 'False'
[0.363s] DEBUG:colcon.colcon_core.verb:Building package 'data_publisher' with the following arguments: {'ament_cmake_args': None, 'build_base': '/home/airlab/OSEP/build/data_publisher', 'catkin_cmake_args': None, 'catkin_skip_building_tests': False, 'cmake_args': None, 'cmake_clean_cache': False, 'cmake_clean_first': False, 'cmake_force_configure': False, 'cmake_target': None, 'cmake_target_skip_unavailable': False, 'install_base': '/home/airlab/OSEP/install/data_publisher', 'merge_install': False, 'path': '/home/airlab/OSEP/src/data_publisher', 'symlink_install': False, 'test_result_base': None}
[0.363s] Level 5:colcon.colcon_core.verb:set package 'skel_extract' build argument 'cmake_args' from command line to 'None'
[0.363s] Level 5:colcon.colcon_core.verb:set package 'skel_extract' build argument 'cmake_target' from command line to 'None'
[0.363s] Level 5:colcon.colcon_core.verb:set package 'skel_extract' build argument 'cmake_target_skip_unavailable' from command line to 'False'
[0.363s] Level 5:colcon.colcon_core.verb:set package 'skel_extract' build argument 'cmake_clean_cache' from command line to 'False'
[0.363s] Level 5:colcon.colcon_core.verb:set package 'skel_extract' build argument 'cmake_clean_first' from command line to 'False'
[0.363s] Level 5:colcon.colcon_core.verb:set package 'skel_extract' build argument 'cmake_force_configure' from command line to 'False'
[0.363s] Level 5:colcon.colcon_core.verb:set package 'skel_extract' build argument 'ament_cmake_args' from command line to 'None'
[0.363s] Level 5:colcon.colcon_core.verb:set package 'skel_extract' build argument 'catkin_cmake_args' from command line to 'None'
[0.363s] Level 5:colcon.colcon_core.verb:set package 'skel_extract' build argument 'catkin_skip_building_tests' from command line to 'False'
[0.363s] DEBUG:colcon.colcon_core.verb:Building package 'skel_extract' with the following arguments: {'ament_cmake_args': None, 'build_base': '/home/airlab/OSEP/build/skel_extract', 'catkin_cmake_args': None, 'catkin_skip_building_tests': False, 'cmake_args': None, 'cmake_clean_cache': False, 'cmake_clean_first': False, 'cmake_force_configure': False, 'cmake_target': None, 'cmake_target_skip_unavailable': False, 'install_base': '/home/airlab/OSEP/install/skel_extract', 'merge_install': False, 'path': '/home/airlab/OSEP/src/skel_extract', 'symlink_install': False, 'test_result_base': None}
[0.364s] INFO:colcon.colcon_core.executor:Executing jobs using 'parallel' executor
[0.364s] DEBUG:colcon.colcon_parallel_executor.executor.parallel:run_until_complete
[0.364s] INFO:colcon.colcon_cmake.task.cmake.build:Building CMake package in '/home/airlab/OSEP/src/data_publisher'
[0.366s] INFO:colcon.colcon_core.plugin_system:Skipping extension 'colcon_core.shell.bat': Not used on non-Windows systems
[0.366s] INFO:colcon.colcon_core.shell:Skip shell extension 'powershell' for command environment: Not usable outside of PowerShell
[0.366s] DEBUG:colcon.colcon_core.shell:Skip shell extension 'dsv' for command environment
[0.368s] INFO:colcon.colcon_ros.task.ament_cmake.build:Building ROS package in '/home/airlab/OSEP/src/skel_extract' with build type 'ament_cmake'
[0.368s] INFO:colcon.colcon_cmake.task.cmake.build:Building CMake package in '/home/airlab/OSEP/src/skel_extract'
[0.369s] INFO:colcon.colcon_core.shell:Skip shell extension 'powershell' for command environment: Not usable outside of PowerShell
[0.369s] DEBUG:colcon.colcon_core.shell:Skip shell extension 'dsv' for command environment
[0.374s] DEBUG:colcon.colcon_core.event_handler.log_command:Invoking command in '/home/airlab/OSEP/build/data_publisher': /usr/bin/cmake /home/airlab/OSEP/src/data_publisher -DCMAKE_INSTALL_PREFIX=/home/airlab/OSEP/install/data_publisher
[0.378s] DEBUG:colcon.colcon_core.event_handler.log_command:Invoking command in '/home/airlab/OSEP/build/skel_extract': CMAKE_PREFIX_PATH=${CMAKE_PREFIX_PATH}:/opt/ros/humble /usr/bin/cmake --build /home/airlab/OSEP/build/skel_extract -- -j8 -l8
[0.440s] DEBUG:colcon.colcon_core.event_handler.log_command:Invoked command in '/home/airlab/OSEP/build/skel_extract' returned '0': CMAKE_PREFIX_PATH=${CMAKE_PREFIX_PATH}:/opt/ros/humble /usr/bin/cmake --build /home/airlab/OSEP/build/skel_extract -- -j8 -l8
[0.446s] DEBUG:colcon.colcon_core.event_handler.log_command:Invoking command in '/home/airlab/OSEP/build/skel_extract': CMAKE_PREFIX_PATH=${CMAKE_PREFIX_PATH}:/opt/ros/humble /usr/bin/cmake --install /home/airlab/OSEP/build/skel_extract
[0.453s] Level 1:colcon.colcon_core.environment:create_environment_scripts_only(skel_extract)
[0.453s] DEBUG:colcon.colcon_core.event_handler.log_command:Invoked command in '/home/airlab/OSEP/build/skel_extract' returned '0': CMAKE_PREFIX_PATH=${CMAKE_PREFIX_PATH}:/opt/ros/humble /usr/bin/cmake --install /home/airlab/OSEP/build/skel_extract
[0.455s] Level 1:colcon.colcon_core.environment:checking '/home/airlab/OSEP/install/skel_extract' for CMake module files
[0.455s] Level 1:colcon.colcon_core.environment:checking '/home/airlab/OSEP/install/skel_extract' for CMake config files
[0.455s] Level 1:colcon.colcon_core.shell:create_environment_hook('skel_extract', 'cmake_prefix_path')
[0.456s] INFO:colcon.colcon_core.shell:Creating environment hook '/home/airlab/OSEP/install/skel_extract/share/skel_extract/hook/cmake_prefix_path.ps1'
[0.456s] INFO:colcon.colcon_core.shell:Creating environment descriptor '/home/airlab/OSEP/install/skel_extract/share/skel_extract/hook/cmake_prefix_path.dsv'
[0.456s] INFO:colcon.colcon_core.shell:Creating environment hook '/home/airlab/OSEP/install/skel_extract/share/skel_extract/hook/cmake_prefix_path.sh'
[0.457s] Level 1:colcon.colcon_core.environment:checking '/home/airlab/OSEP/install/skel_extract/lib'
[0.457s] Level 1:colcon.colcon_core.environment:checking '/home/airlab/OSEP/install/skel_extract/bin'
[0.457s] Level 1:colcon.colcon_core.environment:checking '/home/airlab/OSEP/install/skel_extract/lib/pkgconfig/skel_extract.pc'
[0.457s] Level 1:colcon.colcon_core.environment:checking '/home/airlab/OSEP/install/skel_extract/lib/python3.10/site-packages'
[0.458s] Level 1:colcon.colcon_core.environment:checking '/home/airlab/OSEP/install/skel_extract/bin'
[0.458s] INFO:colcon.colcon_core.shell:Creating package script '/home/airlab/OSEP/install/skel_extract/share/skel_extract/package.ps1'
[0.458s] INFO:colcon.colcon_core.shell:Creating package descriptor '/home/airlab/OSEP/install/skel_extract/share/skel_extract/package.dsv'
[0.459s] INFO:colcon.colcon_core.shell:Creating package script '/home/airlab/OSEP/install/skel_extract/share/skel_extract/package.sh'
[0.459s] INFO:colcon.colcon_core.shell:Creating package script '/home/airlab/OSEP/install/skel_extract/share/skel_extract/package.bash'
[0.460s] INFO:colcon.colcon_core.shell:Creating package script '/home/airlab/OSEP/install/skel_extract/share/skel_extract/package.zsh'
[0.460s] Level 1:colcon.colcon_core.environment:create_file_with_runtime_dependencies(/home/airlab/OSEP/install/skel_extract/share/colcon-core/packages/skel_extract)
[0.461s] Level 1:colcon.colcon_core.environment:create_environment_scripts_only(skel_extract)
[0.461s] Level 1:colcon.colcon_core.environment:checking '/home/airlab/OSEP/install/skel_extract' for CMake module files
[0.461s] Level 1:colcon.colcon_core.environment:checking '/home/airlab/OSEP/install/skel_extract' for CMake config files
[0.461s] Level 1:colcon.colcon_core.shell:create_environment_hook('skel_extract', 'cmake_prefix_path')
[0.462s] INFO:colcon.colcon_core.shell:Creating environment hook '/home/airlab/OSEP/install/skel_extract/share/skel_extract/hook/cmake_prefix_path.ps1'
[0.462s] INFO:colcon.colcon_core.shell:Creating environment descriptor '/home/airlab/OSEP/install/skel_extract/share/skel_extract/hook/cmake_prefix_path.dsv'
[0.462s] INFO:colcon.colcon_core.shell:Creating environment hook '/home/airlab/OSEP/install/skel_extract/share/skel_extract/hook/cmake_prefix_path.sh'
[0.462s] Level 1:colcon.colcon_core.environment:checking '/home/airlab/OSEP/install/skel_extract/lib'
[0.462s] Level 1:colcon.colcon_core.environment:checking '/home/airlab/OSEP/install/skel_extract/bin'
[0.463s] Level 1:colcon.colcon_core.environment:checking '/home/airlab/OSEP/install/skel_extract/lib/pkgconfig/skel_extract.pc'
[0.463s] Level 1:colcon.colcon_core.environment:checking '/home/airlab/OSEP/install/skel_extract/lib/python3.10/site-packages'
[0.463s] Level 1:colcon.colcon_core.environment:checking '/home/airlab/OSEP/install/skel_extract/bin'
[0.463s] INFO:colcon.colcon_core.shell:Creating package script '/home/airlab/OSEP/install/skel_extract/share/skel_extract/package.ps1'
[0.463s] INFO:colcon.colcon_core.shell:Creating package descriptor '/home/airlab/OSEP/install/skel_extract/share/skel_extract/package.dsv'
[0.464s] INFO:colcon.colcon_core.shell:Creating package script '/home/airlab/OSEP/install/skel_extract/share/skel_extract/package.sh'
[0.464s] INFO:colcon.colcon_core.shell:Creating package script '/home/airlab/OSEP/install/skel_extract/share/skel_extract/package.bash'
[0.464s] INFO:colcon.colcon_core.shell:Creating package script '/home/airlab/OSEP/install/skel_extract/share/skel_extract/package.zsh'
[0.465s] Level 1:colcon.colcon_core.environment:create_file_with_runtime_dependencies(/home/airlab/OSEP/install/skel_extract/share/colcon-core/packages/skel_extract)
[1.423s] DEBUG:colcon.colcon_core.event_handler.log_command:Invoked command in '/home/airlab/OSEP/build/data_publisher' returned '1': /usr/bin/cmake /home/airlab/OSEP/src/data_publisher -DCMAKE_INSTALL_PREFIX=/home/airlab/OSEP/install/data_publisher
[1.433s] DEBUG:colcon.colcon_parallel_executor.executor.parallel:closing loop
[1.433s] DEBUG:colcon.colcon_parallel_executor.executor.parallel:loop closed
[1.434s] DEBUG:colcon.colcon_parallel_executor.executor.parallel:run_until_complete finished with '1'
[1.434s] DEBUG:colcon.colcon_core.event_reactor:joining thread
[1.437s] INFO:colcon.colcon_core.plugin_system:Skipping extension 'colcon_notification.desktop_notification.terminal_notifier': Not used on non-Darwin systems
[1.437s] INFO:colcon.colcon_core.plugin_system:Skipping extension 'colcon_notification.desktop_notification.win32': Not used on non-Windows systems
[1.438s] INFO:colcon.colcon_notification.desktop_notification:Sending desktop notification using 'notify2'
[1.448s] DEBUG:colcon.colcon_core.event_reactor:joined thread
[1.448s] INFO:colcon.colcon_core.shell:Creating prefix script '/home/airlab/OSEP/install/local_setup.ps1'
[1.449s] INFO:colcon.colcon_core.shell:Creating prefix util module '/home/airlab/OSEP/install/_local_setup_util_ps1.py'
[1.450s] INFO:colcon.colcon_core.shell:Creating prefix chain script '/home/airlab/OSEP/install/setup.ps1'
[1.451s] INFO:colcon.colcon_core.shell:Creating prefix script '/home/airlab/OSEP/install/local_setup.sh'
[1.451s] INFO:colcon.colcon_core.shell:Creating prefix util module '/home/airlab/OSEP/install/_local_setup_util_sh.py'
[1.452s] INFO:colcon.colcon_core.shell:Creating prefix chain script '/home/airlab/OSEP/install/setup.sh'
[1.452s] INFO:colcon.colcon_core.shell:Creating prefix script '/home/airlab/OSEP/install/local_setup.bash'
[1.453s] INFO:colcon.colcon_core.shell:Creating prefix chain script '/home/airlab/OSEP/install/setup.bash'
[1.453s] INFO:colcon.colcon_core.shell:Creating prefix script '/home/airlab/OSEP/install/local_setup.zsh'
[1.454s] INFO:colcon.colcon_core.shell:Creating prefix chain script '/home/airlab/OSEP/install/setup.zsh'
