[0.013s] Invoking command in '/home/bhj/OSEP/build/data_publisher': CMAKE_PREFIX_PATH=${CMAKE_PREFIX_PATH}:/opt/ros/humble /usr/bin/cmake --build /home/bhj/OSEP/build/data_publisher -- -j12 -l12
[0.068s] [100%] Built target data_publisher
[0.077s] Invoked command in '/home/bhj/OSEP/build/data_publisher' returned '0': CMAKE_PREFIX_PATH=${CMAKE_PREFIX_PATH}:/opt/ros/humble /usr/bin/cmake --build /home/bhj/OSEP/build/data_publisher -- -j12 -l12
[0.086s] Invoking command in '/home/bhj/OSEP/build/data_publisher': CMAKE_PREFIX_PATH=${CMAKE_PREFIX_PATH}:/opt/ros/humble /usr/bin/cmake --install /home/bhj/OSEP/build/data_publisher
[0.092s] -- Install configuration: ""
[0.092s] -- Up-to-date: /home/bhj/OSEP/install/data_publisher/lib/data_publisher/data_publisher
[0.092s] -- Up-to-date: /home/bhj/OSEP/install/data_publisher/share/ament_index/resource_index/package_run_dependencies/data_publisher
[0.092s] -- Up-to-date: /home/bhj/OSEP/install/data_publisher/share/ament_index/resource_index/parent_prefix_path/data_publisher
[0.092s] -- Up-to-date: /home/bhj/OSEP/install/data_publisher/share/data_publisher/environment/ament_prefix_path.sh
[0.093s] -- Up-to-date: /home/bhj/OSEP/install/data_publisher/share/data_publisher/environment/ament_prefix_path.dsv
[0.093s] -- Up-to-date: /home/bhj/OSEP/install/data_publisher/share/data_publisher/environment/path.sh
[0.093s] -- Up-to-date: /home/bhj/OSEP/install/data_publisher/share/data_publisher/environment/path.dsv
[0.093s] -- Up-to-date: /home/bhj/OSEP/install/data_publisher/share/data_publisher/local_setup.bash
[0.093s] -- Up-to-date: /home/bhj/OSEP/install/data_publisher/share/data_publisher/local_setup.sh
[0.093s] -- Up-to-date: /home/bhj/OSEP/install/data_publisher/share/data_publisher/local_setup.zsh
[0.093s] -- Up-to-date: /home/bhj/OSEP/install/data_publisher/share/data_publisher/local_setup.dsv
[0.093s] -- Installing: /home/bhj/OSEP/install/data_publisher/share/data_publisher/package.dsv
[0.093s] -- Up-to-date: /home/bhj/OSEP/install/data_publisher/share/ament_index/resource_index/packages/data_publisher
[0.093s] -- Up-to-date: /home/bhj/OSEP/install/data_publisher/share/data_publisher/cmake/data_publisherConfig.cmake
[0.094s] -- Up-to-date: /home/bhj/OSEP/install/data_publisher/share/data_publisher/cmake/data_publisherConfig-version.cmake
[0.094s] -- Up-to-date: /home/bhj/OSEP/install/data_publisher/share/data_publisher/package.xml
[0.095s] Invoked command in '/home/bhj/OSEP/build/data_publisher' returned '0': CMAKE_PREFIX_PATH=${CMAKE_PREFIX_PATH}:/opt/ros/humble /usr/bin/cmake --install /home/bhj/OSEP/build/data_publisher
