[0.011s] Invoking command in '/home/airlab/OSEP/build/skel_extract': CMAKE_PREFIX_PATH=${CMAKE_PREFIX_PATH}:/opt/ros/humble /usr/bin/cmake --build /home/airlab/OSEP/build/skel_extract -- -j8 -l8
[0.033s] -- Found ament_cmake: 1.3.11 (/opt/ros/humble/share/ament_cmake/cmake)
[0.138s] -- Found rclcpp: 16.0.12 (/opt/ros/humble/share/rclcpp/cmake)
[0.160s] -- Found rosidl_generator_c: 3.1.6 (/opt/ros/humble/share/rosidl_generator_c/cmake)
[0.162s] -- Found rosidl_adapter: 3.1.6 (/opt/ros/humble/share/rosidl_adapter/cmake)
[0.166s] -- Found rosidl_generator_cpp: 3.1.6 (/opt/ros/humble/share/rosidl_generator_cpp/cmake)
[0.174s] -- Using all available rosidl_typesupport_c: rosidl_typesupport_fastrtps_c;rosidl_typesupport_introspection_c
[0.183s] -- Using all available rosidl_typesupport_cpp: rosidl_typesupport_fastrtps_cpp;rosidl_typesupport_introspection_cpp
[0.208s] -- Found rmw_implementation_cmake: 6.1.2 (/opt/ros/humble/share/rmw_implementation_cmake/cmake)
[0.209s] -- Found rmw_fastrtps_cpp: 6.2.7 (/opt/ros/humble/share/rmw_fastrtps_cpp/cmake)
[0.287s] -- Using RMW implementation 'rmw_fastrtps_cpp' as default
[0.327s] -- Found sensor_msgs: 4.8.0 (/opt/ros/humble/share/sensor_msgs/cmake)
[0.351s] -- Found pcl_conversions: 2.4.5 (/opt/ros/humble/share/pcl_conversions/cmake)
[0.379s] -- Eigen found (include: /usr/include/eigen3, version: 3.4.0)
[0.402s] -- FLANN found (include: /usr/include, lib: /usr/lib/x86_64-linux-gnu/libflann_cpp.so)
[0.622s] -- OpenNI found (version: 1.5.4.0, include: /usr/include/ni, lib: /usr/lib/libOpenNI.so;libusb::libusb)
[0.626s] -- OpenNI2 found (version: 2.2.0.33, include: /usr/include/openni2, lib: /usr/lib/x86_64-linux-gnu/libOpenNI2.so;libusb::libusb)
[0.742s] -- Eigen found (include: /usr/include/eigen3, version: 3.4.0)
[0.747s] -- OpenNI found (version: 1.5.4.0, include: /usr/include/ni, lib: /usr/lib/libOpenNI.so;libusb::libusb)
[0.751s] -- OpenNI2 found (version: 2.2.0.33, include: /usr/include/openni2, lib: /usr/lib/x86_64-linux-gnu/libOpenNI2.so;libusb::libusb)
[0.865s] -- Found Qhull version 8.0.2
[0.977s] -- OpenNI found (version: 1.5.4.0, include: /usr/include/ni, lib: /usr/lib/libOpenNI.so;libusb::libusb)
[1.106s] -- Found ament_lint_auto: 0.12.12 (/opt/ros/humble/share/ament_lint_auto/cmake)
[1.176s] -- Configuring done
[1.197s] -- Generating done
[1.204s] -- Build files have been written to: /home/airlab/OSEP/build/skel_extract
[1.229s] [35m[1mConsolidate compiler generated dependencies of target skel_extract[0m
[1.249s] [100%] Built target skel_extract
[1.257s] Invoked command in '/home/airlab/OSEP/build/skel_extract' returned '0': CMAKE_PREFIX_PATH=${CMAKE_PREFIX_PATH}:/opt/ros/humble /usr/bin/cmake --build /home/airlab/OSEP/build/skel_extract -- -j8 -l8
[1.264s] Invoking command in '/home/airlab/OSEP/build/skel_extract': CMAKE_PREFIX_PATH=${CMAKE_PREFIX_PATH}:/opt/ros/humble /usr/bin/cmake --install /home/airlab/OSEP/build/skel_extract
[1.270s] -- Install configuration: ""
[1.270s] -- Up-to-date: /home/airlab/OSEP/install/skel_extract/lib/skel_extract/skel_extract
[1.270s] -- Up-to-date: /home/airlab/OSEP/install/skel_extract/share/ament_index/resource_index/package_run_dependencies/skel_extract
[1.270s] -- Installing: /home/airlab/OSEP/install/skel_extract/share/ament_index/resource_index/parent_prefix_path/skel_extract
[1.270s] -- Up-to-date: /home/airlab/OSEP/install/skel_extract/share/skel_extract/environment/ament_prefix_path.sh
[1.270s] -- Installing: /home/airlab/OSEP/install/skel_extract/share/skel_extract/environment/ament_prefix_path.dsv
[1.270s] -- Up-to-date: /home/airlab/OSEP/install/skel_extract/share/skel_extract/environment/path.sh
[1.270s] -- Installing: /home/airlab/OSEP/install/skel_extract/share/skel_extract/environment/path.dsv
[1.270s] -- Up-to-date: /home/airlab/OSEP/install/skel_extract/share/skel_extract/local_setup.bash
[1.270s] -- Up-to-date: /home/airlab/OSEP/install/skel_extract/share/skel_extract/local_setup.sh
[1.270s] -- Up-to-date: /home/airlab/OSEP/install/skel_extract/share/skel_extract/local_setup.zsh
[1.270s] -- Installing: /home/airlab/OSEP/install/skel_extract/share/skel_extract/local_setup.dsv
[1.270s] -- Installing: /home/airlab/OSEP/install/skel_extract/share/skel_extract/package.dsv
[1.271s] -- Up-to-date: /home/airlab/OSEP/install/skel_extract/share/ament_index/resource_index/packages/skel_extract
[1.271s] -- Up-to-date: /home/airlab/OSEP/install/skel_extract/share/skel_extract/cmake/skel_extractConfig.cmake
[1.271s] -- Up-to-date: /home/airlab/OSEP/install/skel_extract/share/skel_extract/cmake/skel_extractConfig-version.cmake
[1.271s] -- Up-to-date: /home/airlab/OSEP/install/skel_extract/share/skel_extract/package.xml
[1.272s] Invoked command in '/home/airlab/OSEP/build/skel_extract' returned '0': CMAKE_PREFIX_PATH=${CMAKE_PREFIX_PATH}:/opt/ros/humble /usr/bin/cmake --install /home/airlab/OSEP/build/skel_extract
